2022-04-19 09:24:15,243 - Mock Version: 3.0
2022-04-19 09:24:15,272 - Start: clean chroot
2022-04-19 09:24:19,168 - Finish: clean chroot
2022-04-19 09:24:19,175 - Start(bootstrap): chroot init
2022-04-19 09:24:19,273 - Start(bootstrap): cleaning package manager metadata
2022-04-19 09:24:19,275 - Finish(bootstrap): cleaning package manager metadata
2022-04-19 09:24:19,752 - Finish(bootstrap): chroot init
2022-04-19 09:24:19,760 - Start: chroot init
2022-04-19 09:24:19,806 - Start: unpacking root cache
2022-04-19 09:24:21,942 - Finish: unpacking root cache
2022-04-19 09:24:21,949 - Start: cleaning package manager metadata
2022-04-19 09:24:21,953 - Finish: cleaning package manager metadata
2022-04-19 09:24:22,977 - Start: dnf update
2022-04-19 09:24:31,325 - Finish: dnf update
2022-04-19 09:24:31,336 - Finish: chroot init
2022-04-19 09:24:31,340 - Start: build phase for vpn-portal-artwork-eduVPN-3.0.0-0.5.fc34.src.rpm
2022-04-19 09:24:31,341 - Start: build setup for vpn-portal-artwork-eduVPN-3.0.0-0.5.fc34.src.rpm
2022-04-19 09:24:40,084 - Finish: build setup for vpn-portal-artwork-eduVPN-3.0.0-0.5.fc34.src.rpm
2022-04-19 09:24:40,086 - Start: rpmbuild vpn-portal-artwork-eduVPN-3.0.0-0.5.fc34.src.rpm
2022-04-19 09:24:41,382 - Finish: rpmbuild vpn-portal-artwork-eduVPN-3.0.0-0.5.fc34.src.rpm
2022-04-19 09:24:41,389 - Finish: build phase for vpn-portal-artwork-eduVPN-3.0.0-0.5.fc34.src.rpm
