Mock Version: 3.0
ENTER ['do_with_status'](['bash', '--login', '-c', '/usr/bin/rpmbuild -bs --target x86_64 --nodeps /builddir/build/SPECS/vpn-user-portal.spec'], chrootPath='/var/lib/mock/fedora-34-x86_64/root'env={'TERM': 'vt100', 'SHELL': '/bin/bash', 'HOME': '/builddir', 'HOSTNAME': 'mock', 'PATH': '/usr/bin:/bin:/usr/sbin:/sbin', 'PROMPT_COMMAND': 'printf "\\033]0;<mock-chroot>\\007"', 'PS1': '<mock-chroot> \\s-\\v\\$ ', 'LANG': 'C.UTF-8'}shell=Falselogger=<mockbuild.trace_decorator.getLog object at 0x7f75010620d0>timeout=0uid=1000gid=135user='mockbuild'nspawn_args=['--capability=cap_ipc_lock', '--bind=/tmp/mock-resolv.8nmpr4_2:/etc/resolv.conf', '--bind=/dev/btrfs-control', '--bind=/dev/loop-control', '--bind=/dev/loop0', '--bind=/dev/loop1', '--bind=/dev/loop2', '--bind=/dev/loop3', '--bind=/dev/loop4', '--bind=/dev/loop5', '--bind=/dev/loop6', '--bind=/dev/loop7', '--bind=/dev/loop8', '--bind=/dev/loop9', '--bind=/dev/loop10', '--bind=/dev/loop11']unshare_net=TrueprintOutput=True)
Using nspawn with args ['--capability=cap_ipc_lock', '--bind=/tmp/mock-resolv.8nmpr4_2:/etc/resolv.conf', '--bind=/dev/btrfs-control', '--bind=/dev/loop-control', '--bind=/dev/loop0', '--bind=/dev/loop1', '--bind=/dev/loop2', '--bind=/dev/loop3', '--bind=/dev/loop4', '--bind=/dev/loop5', '--bind=/dev/loop6', '--bind=/dev/loop7', '--bind=/dev/loop8', '--bind=/dev/loop9', '--bind=/dev/loop10', '--bind=/dev/loop11']
Executing command: ['/usr/bin/systemd-nspawn', '-q', '-M', 'a35c66ef6ff44a6a8665f899a417d4dc', '-D', '/var/lib/mock/fedora-34-x86_64/root', '-a', '-u', 'mockbuild', '--capability=cap_ipc_lock', '--bind=/tmp/mock-resolv.8nmpr4_2:/etc/resolv.conf', '--bind=/dev/btrfs-control', '--bind=/dev/loop-control', '--bind=/dev/loop0', '--bind=/dev/loop1', '--bind=/dev/loop2', '--bind=/dev/loop3', '--bind=/dev/loop4', '--bind=/dev/loop5', '--bind=/dev/loop6', '--bind=/dev/loop7', '--bind=/dev/loop8', '--bind=/dev/loop9', '--bind=/dev/loop10', '--bind=/dev/loop11', '--console=pipe', '--setenv=TERM=vt100', '--setenv=SHELL=/bin/bash', '--setenv=HOME=/builddir', '--setenv=HOSTNAME=mock', '--setenv=PATH=/usr/bin:/bin:/usr/sbin:/sbin', '--setenv=PROMPT_COMMAND=printf "\\033]0;<mock-chroot>\\007"', '--setenv=PS1=<mock-chroot> \\s-\\v\\$ ', '--setenv=LANG=C.UTF-8', '--resolv-conf=off', 'bash', '--login', '-c', '/usr/bin/rpmbuild -bs --target x86_64 --nodeps /builddir/build/SPECS/vpn-user-portal.spec'] with env {'TERM': 'vt100', 'SHELL': '/bin/bash', 'HOME': '/builddir', 'HOSTNAME': 'mock', 'PATH': '/usr/bin:/bin:/usr/sbin:/sbin', 'PROMPT_COMMAND': 'printf "\\033]0;<mock-chroot>\\007"', 'PS1': '<mock-chroot> \\s-\\v\\$ ', 'LANG': 'C.UTF-8', 'SYSTEMD_NSPAWN_TMPFS_TMP': '0', 'SYSTEMD_SECCOMP': '0'} and shell False
Building target platforms: x86_64
Building for target x86_64
setting SOURCE_DATE_EPOCH=1650240000
Wrote: /builddir/build/SRPMS/vpn-user-portal-2.99.1-1.fc34.src.rpm
Child return code was: 0
ENTER ['do_with_status'](['bash', '--login', '-c', '/usr/bin/rpmbuild -bb --target x86_64 --nodeps /builddir/build/SPECS/vpn-user-portal.spec'], chrootPath='/var/lib/mock/fedora-34-x86_64/root'env={'TERM': 'vt100', 'SHELL': '/bin/bash', 'HOME': '/builddir', 'HOSTNAME': 'mock', 'PATH': '/usr/bin:/bin:/usr/sbin:/sbin', 'PROMPT_COMMAND': 'printf "\\033]0;<mock-chroot>\\007"', 'PS1': '<mock-chroot> \\s-\\v\\$ ', 'LANG': 'C.UTF-8'}shell=Falselogger=<mockbuild.trace_decorator.getLog object at 0x7f75010620d0>timeout=0uid=1000gid=135user='mockbuild'nspawn_args=['--capability=cap_ipc_lock', '--bind=/tmp/mock-resolv.8nmpr4_2:/etc/resolv.conf', '--bind=/dev/btrfs-control', '--bind=/dev/loop-control', '--bind=/dev/loop0', '--bind=/dev/loop1', '--bind=/dev/loop2', '--bind=/dev/loop3', '--bind=/dev/loop4', '--bind=/dev/loop5', '--bind=/dev/loop6', '--bind=/dev/loop7', '--bind=/dev/loop8', '--bind=/dev/loop9', '--bind=/dev/loop10', '--bind=/dev/loop11']unshare_net=TrueprintOutput=True)
Using nspawn with args ['--capability=cap_ipc_lock', '--bind=/tmp/mock-resolv.8nmpr4_2:/etc/resolv.conf', '--bind=/dev/btrfs-control', '--bind=/dev/loop-control', '--bind=/dev/loop0', '--bind=/dev/loop1', '--bind=/dev/loop2', '--bind=/dev/loop3', '--bind=/dev/loop4', '--bind=/dev/loop5', '--bind=/dev/loop6', '--bind=/dev/loop7', '--bind=/dev/loop8', '--bind=/dev/loop9', '--bind=/dev/loop10', '--bind=/dev/loop11']
Executing command: ['/usr/bin/systemd-nspawn', '-q', '-M', 'bf9de7552f9d4e93bcf22da958821511', '-D', '/var/lib/mock/fedora-34-x86_64/root', '-a', '-u', 'mockbuild', '--capability=cap_ipc_lock', '--bind=/tmp/mock-resolv.8nmpr4_2:/etc/resolv.conf', '--bind=/dev/btrfs-control', '--bind=/dev/loop-control', '--bind=/dev/loop0', '--bind=/dev/loop1', '--bind=/dev/loop2', '--bind=/dev/loop3', '--bind=/dev/loop4', '--bind=/dev/loop5', '--bind=/dev/loop6', '--bind=/dev/loop7', '--bind=/dev/loop8', '--bind=/dev/loop9', '--bind=/dev/loop10', '--bind=/dev/loop11', '--console=pipe', '--setenv=TERM=vt100', '--setenv=SHELL=/bin/bash', '--setenv=HOME=/builddir', '--setenv=HOSTNAME=mock', '--setenv=PATH=/usr/bin:/bin:/usr/sbin:/sbin', '--setenv=PROMPT_COMMAND=printf "\\033]0;<mock-chroot>\\007"', '--setenv=PS1=<mock-chroot> \\s-\\v\\$ ', '--setenv=LANG=C.UTF-8', '--resolv-conf=off', 'bash', '--login', '-c', '/usr/bin/rpmbuild -bb --target x86_64 --nodeps /builddir/build/SPECS/vpn-user-portal.spec'] with env {'TERM': 'vt100', 'SHELL': '/bin/bash', 'HOME': '/builddir', 'HOSTNAME': 'mock', 'PATH': '/usr/bin:/bin:/usr/sbin:/sbin', 'PROMPT_COMMAND': 'printf "\\033]0;<mock-chroot>\\007"', 'PS1': '<mock-chroot> \\s-\\v\\$ ', 'LANG': 'C.UTF-8', 'SYSTEMD_NSPAWN_TMPFS_TMP': '0', 'SYSTEMD_SECCOMP': '0'} and shell False
Building target platforms: x86_64
Building for target x86_64
setting SOURCE_DATE_EPOCH=1650240000
Executing(%prep): /bin/sh -e /var/tmp/rpm-tmp.bQjNqu
+ umask 022
+ cd /builddir/build/BUILD
+ cd /builddir/build/BUILD
+ rm -rf vpn-user-portal-a14a69ae4a0fa5a09b13e5bb0c0dd3d2e0f6e246
+ /usr/bin/tar -xof -
+ /usr/bin/gzip -dc /builddir/build/SOURCES/a14a69ae4a0fa5a09b13e5bb0c0dd3d2e0f6e246.tar.gz
+ STATUS=0
+ '[' 0 -ne 0 ']'
+ cd vpn-user-portal-a14a69ae4a0fa5a09b13e5bb0c0dd3d2e0f6e246
+ /usr/bin/chmod -Rf a+rX,u+w,g-w,o-w .
Patch #0 (vpn-user-portal-autoload.patch):
+ echo 'Patch #0 (vpn-user-portal-autoload.patch):'
+ /usr/bin/patch --no-backup-if-mismatch -p1 --fuzz=0
patching file bin/account.php
patching file bin/status.php
patching file libexec/daemon-sync.php
patching file libexec/db.php
patching file libexec/generate-secrets.php
patching file libexec/housekeeping.php
patching file libexec/stats.php
patching file web/api.php
patching file web/index.php
patching file web/node-api.php
patching file web/oauth.php
patching file web/well-known.php
+ RPM_EC=0
++ jobs -p
+ exit 0
Executing(%build): /bin/sh -e /var/tmp/rpm-tmp.G3POL8
+ umask 022
+ cd /builddir/build/BUILD
+ cd vpn-user-portal-a14a69ae4a0fa5a09b13e5bb0c0dd3d2e0f6e246
+ echo 2.99.1-1.fc34
+ /usr/bin/phpab -t fedora -o src/autoload.php src
phpab 1.26.1 - Copyright (C) 2009 - 2022 by Arne Blankerts and Contributors
Scanning directory src
Autoload file src/autoload.php generated.
+ cat
+ tee -a src/autoload.php
require_once '/usr/share/php/fkooman/SeCookie/autoload.php';
require_once '/usr/share/php/fkooman/OAuth/Server/autoload.php';
# optional dependency
if (is_file('/usr/share/php/fkooman/SAML/SP/autoload.php') && is_readable('/usr/share/php/fkooman/SAML/SP/autoload.php')) {
    require_once '/usr/share/php/fkooman/SAML/SP/autoload.php';
}
+ RPM_EC=0
++ jobs -p
+ exit 0
Executing(%install): /bin/sh -e /var/tmp/rpm-tmp.yvqrhU
+ umask 022
+ cd /builddir/build/BUILD
+ '[' /builddir/build/BUILDROOT/vpn-user-portal-2.99.1-1.fc34.x86_64 '!=' / ']'
+ rm -rf /builddir/build/BUILDROOT/vpn-user-portal-2.99.1-1.fc34.x86_64
++ dirname /builddir/build/BUILDROOT/vpn-user-portal-2.99.1-1.fc34.x86_64
+ mkdir -p /builddir/build/BUILDROOT
+ mkdir /builddir/build/BUILDROOT/vpn-user-portal-2.99.1-1.fc34.x86_64
+ cd vpn-user-portal-a14a69ae4a0fa5a09b13e5bb0c0dd3d2e0f6e246
+ mkdir -p /builddir/build/BUILDROOT/vpn-user-portal-2.99.1-1.fc34.x86_64/usr/share/vpn-user-portal
+ cp VERSION /builddir/build/BUILDROOT/vpn-user-portal-2.99.1-1.fc34.x86_64/usr/share/vpn-user-portal
+ mkdir -p /builddir/build/BUILDROOT/vpn-user-portal-2.99.1-1.fc34.x86_64/usr/share/php/Vpn/Portal
+ cp -pr src/Base64.php src/Binary.php src/Cfg src/ClientConfigInterface.php src/ConfigCheck.php src/ConnectionManager.php src/Dt.php src/Exception src/Expiry.php src/FileIO.php src/Hex.php src/Http src/HttpClient src/Ip.php src/IpNetList.php src/Json.php src/LdapClient.php src/LoggerInterface.php src/Migration.php src/NullLogger.php src/OAuth src/OpenVpn src/Protocol.php src/QrCode.php src/ServerConfig.php src/ServerInfo.php src/Storage.php src/SysLogger.php src/Tpl.php src/TplInterface.php src/Validator.php src/VpnDaemon.php src/WireGuard src/autoload.php /builddir/build/BUILDROOT/vpn-user-portal-2.99.1-1.fc34.x86_64/usr/share/php/Vpn/Portal
+ for i in account status
+ install -m 0755 -D -p bin/account.php /builddir/build/BUILDROOT/vpn-user-portal-2.99.1-1.fc34.x86_64/usr/sbin/vpn-user-portal-account
+ sed -i '1s/^/#!\/usr\/bin\/php\n/' /builddir/build/BUILDROOT/vpn-user-portal-2.99.1-1.fc34.x86_64/usr/sbin/vpn-user-portal-account
+ for i in account status
+ install -m 0755 -D -p bin/status.php /builddir/build/BUILDROOT/vpn-user-portal-2.99.1-1.fc34.x86_64/usr/sbin/vpn-user-portal-status
+ sed -i '1s/^/#!\/usr\/bin\/php\n/' /builddir/build/BUILDROOT/vpn-user-portal-2.99.1-1.fc34.x86_64/usr/sbin/vpn-user-portal-status
+ for i in generate-secrets housekeeping db daemon-sync stats
+ install -m 0755 -D -p libexec/generate-secrets.php /builddir/build/BUILDROOT/vpn-user-portal-2.99.1-1.fc34.x86_64/usr/libexec/vpn-user-portal/generate-secrets
+ sed -i '1s/^/#!\/usr\/bin\/php\n/' /builddir/build/BUILDROOT/vpn-user-portal-2.99.1-1.fc34.x86_64/usr/libexec/vpn-user-portal/generate-secrets
+ for i in generate-secrets housekeeping db daemon-sync stats
+ install -m 0755 -D -p libexec/housekeeping.php /builddir/build/BUILDROOT/vpn-user-portal-2.99.1-1.fc34.x86_64/usr/libexec/vpn-user-portal/housekeeping
+ sed -i '1s/^/#!\/usr\/bin\/php\n/' /builddir/build/BUILDROOT/vpn-user-portal-2.99.1-1.fc34.x86_64/usr/libexec/vpn-user-portal/housekeeping
+ for i in generate-secrets housekeeping db daemon-sync stats
+ install -m 0755 -D -p libexec/db.php /builddir/build/BUILDROOT/vpn-user-portal-2.99.1-1.fc34.x86_64/usr/libexec/vpn-user-portal/db
+ sed -i '1s/^/#!\/usr\/bin\/php\n/' /builddir/build/BUILDROOT/vpn-user-portal-2.99.1-1.fc34.x86_64/usr/libexec/vpn-user-portal/db
+ for i in generate-secrets housekeeping db daemon-sync stats
+ install -m 0755 -D -p libexec/daemon-sync.php /builddir/build/BUILDROOT/vpn-user-portal-2.99.1-1.fc34.x86_64/usr/libexec/vpn-user-portal/daemon-sync
+ sed -i '1s/^/#!\/usr\/bin\/php\n/' /builddir/build/BUILDROOT/vpn-user-portal-2.99.1-1.fc34.x86_64/usr/libexec/vpn-user-portal/daemon-sync
+ for i in generate-secrets housekeeping db daemon-sync stats
+ install -m 0755 -D -p libexec/stats.php /builddir/build/BUILDROOT/vpn-user-portal-2.99.1-1.fc34.x86_64/usr/libexec/vpn-user-portal/stats
+ sed -i '1s/^/#!\/usr\/bin\/php\n/' /builddir/build/BUILDROOT/vpn-user-portal-2.99.1-1.fc34.x86_64/usr/libexec/vpn-user-portal/stats
+ cp -pr schema web views locale /builddir/build/BUILDROOT/vpn-user-portal-2.99.1-1.fc34.x86_64/usr/share/vpn-user-portal
+ mkdir -p /builddir/build/BUILDROOT/vpn-user-portal-2.99.1-1.fc34.x86_64/etc/vpn-user-portal
+ cp -pr config/config.php.example /builddir/build/BUILDROOT/vpn-user-portal-2.99.1-1.fc34.x86_64/etc/vpn-user-portal/config.php
+ ln -s ../../../etc/vpn-user-portal /builddir/build/BUILDROOT/vpn-user-portal-2.99.1-1.fc34.x86_64/usr/share/vpn-user-portal/config
+ mkdir -p /builddir/build/BUILDROOT/vpn-user-portal-2.99.1-1.fc34.x86_64/var/lib/vpn-user-portal
+ ln -s ../../../var/lib/vpn-user-portal /builddir/build/BUILDROOT/vpn-user-portal-2.99.1-1.fc34.x86_64/usr/share/vpn-user-portal/data
+ mkdir -p /builddir/build/BUILDROOT/vpn-user-portal-2.99.1-1.fc34.x86_64/etc/cron.d
+ /usr/bin/install -p -D -m 0640 /builddir/build/SOURCES/vpn-user-portal.cron /builddir/build/BUILDROOT/vpn-user-portal-2.99.1-1.fc34.x86_64/etc/cron.d/vpn-user-portal
+ install -m 0644 -D -p /builddir/build/SOURCES/vpn-user-portal-httpd.conf /builddir/build/BUILDROOT/vpn-user-portal-2.99.1-1.fc34.x86_64/etc/httpd/conf.d/vpn-user-portal.conf
+ /usr/lib/rpm/find-debuginfo.sh -j2 --strict-build-id -m -i --build-id-seed 2.99.1-1.fc34 --unique-debug-suffix -2.99.1-1.fc34.x86_64 --unique-debug-src-base vpn-user-portal-2.99.1-1.fc34.x86_64 --run-dwz --dwz-low-mem-die-limit 10000000 --dwz-max-die-limit 110000000 -S debugsourcefiles.list /builddir/build/BUILD/vpn-user-portal-a14a69ae4a0fa5a09b13e5bb0c0dd3d2e0f6e246
+ /usr/lib/rpm/check-buildroot
+ /usr/lib/rpm/redhat/brp-ldconfig
+ /usr/lib/rpm/brp-compress
+ /usr/lib/rpm/redhat/brp-strip-lto /usr/bin/strip
+ /usr/lib/rpm/brp-strip-static-archive /usr/bin/strip
+ /usr/lib/rpm/redhat/brp-python-bytecompile '' 1 0
+ /usr/lib/rpm/brp-python-hardlink
+ /usr/lib/rpm/redhat/brp-mangle-shebangs
Executing(%check): /bin/sh -e /var/tmp/rpm-tmp.c7dMep
+ umask 022
+ cd /builddir/build/BUILD
+ cd vpn-user-portal-a14a69ae4a0fa5a09b13e5bb0c0dd3d2e0f6e246
+ /usr/bin/phpab -o tests/autoload.php tests
phpab 1.26.1 - Copyright (C) 2009 - 2022 by Arne Blankerts and Contributors
Scanning directory tests
Autoload file tests/autoload.php generated.
+ tee -a tests/autoload.php
require_once 'src/autoload.php';
+ cat
+ /usr/bin/phpunit9 tests --verbose --bootstrap=tests/autoload.php
PHPUnit 9.5.18 #StandWithUkraine
Runtime:       PHP 7.4.28
Configuration: /builddir/build/BUILD/vpn-user-portal-a14a69ae4a0fa5a09b13e5bb0c0dd3d2e0f6e246/phpunit.xml.dist
...............................................................   63 / 63 (100%)
Time: 00:00.236, Memory: 6.00 MB
OK (63 tests, 254 assertions)
Processing files: vpn-user-portal-2.99.1-1.fc34.noarch
Executing(%doc): /bin/sh -e /var/tmp/rpm-tmp.EgEimS
+ RPM_EC=0
++ jobs -p
+ exit 0
+ umask 022
+ cd /builddir/build/BUILD
+ cd vpn-user-portal-a14a69ae4a0fa5a09b13e5bb0c0dd3d2e0f6e246
+ DOCDIR=/builddir/build/BUILDROOT/vpn-user-portal-2.99.1-1.fc34.x86_64/usr/share/doc/vpn-user-portal
+ export LC_ALL=C
+ LC_ALL=C
+ export DOCDIR
+ /usr/bin/mkdir -p /builddir/build/BUILDROOT/vpn-user-portal-2.99.1-1.fc34.x86_64/usr/share/doc/vpn-user-portal
+ cp -pr README.md /builddir/build/BUILDROOT/vpn-user-portal-2.99.1-1.fc34.x86_64/usr/share/doc/vpn-user-portal
+ cp -pr CHANGES.md /builddir/build/BUILDROOT/vpn-user-portal-2.99.1-1.fc34.x86_64/usr/share/doc/vpn-user-portal
+ cp -pr composer.json /builddir/build/BUILDROOT/vpn-user-portal-2.99.1-1.fc34.x86_64/usr/share/doc/vpn-user-portal
+ cp -pr config/config.php.example /builddir/build/BUILDROOT/vpn-user-portal-2.99.1-1.fc34.x86_64/usr/share/doc/vpn-user-portal
Executing(%license): /bin/sh -e /var/tmp/rpm-tmp.NGUYwQ
+ cp -pr CONFIG_CHANGES.md /builddir/build/BUILDROOT/vpn-user-portal-2.99.1-1.fc34.x86_64/usr/share/doc/vpn-user-portal
+ cp -pr locale/CREDITS.md /builddir/build/BUILDROOT/vpn-user-portal-2.99.1-1.fc34.x86_64/usr/share/doc/vpn-user-portal
+ RPM_EC=0
++ jobs -p
+ exit 0
+ umask 022
+ cd /builddir/build/BUILD
+ cd vpn-user-portal-a14a69ae4a0fa5a09b13e5bb0c0dd3d2e0f6e246
+ LICENSEDIR=/builddir/build/BUILDROOT/vpn-user-portal-2.99.1-1.fc34.x86_64/usr/share/licenses/vpn-user-portal
+ export LC_ALL=C
+ LC_ALL=C
+ export LICENSEDIR
+ /usr/bin/mkdir -p /builddir/build/BUILDROOT/vpn-user-portal-2.99.1-1.fc34.x86_64/usr/share/licenses/vpn-user-portal
+ cp -pr LICENSE /builddir/build/BUILDROOT/vpn-user-portal-2.99.1-1.fc34.x86_64/usr/share/licenses/vpn-user-portal
+ cp -pr LICENSE.spdx /builddir/build/BUILDROOT/vpn-user-portal-2.99.1-1.fc34.x86_64/usr/share/licenses/vpn-user-portal
+ RPM_EC=0
++ jobs -p
+ exit 0
Provides: config(vpn-user-portal) = 2.99.1-1.fc34 vpn-user-portal = 2.99.1-1.fc34
Requires(interp): /bin/sh /bin/sh
Requires(rpmlib): rpmlib(CompressedFileNames) <= 3.0.4-1 rpmlib(FileDigests) <= 4.6.0-1 rpmlib(PayloadFilesHavePrefix) <= 4.0-1
Requires(post): /bin/sh /usr/bin/openssl /usr/sbin/semanage
Requires(postun): /bin/sh /usr/sbin/semanage
Requires: /usr/bin/php
Suggests: php-ldap php-pdo_mysql php-pdo_pgsql php-radius
Checking for unpackaged file(s): /usr/lib/rpm/check-files /builddir/build/BUILDROOT/vpn-user-portal-2.99.1-1.fc34.x86_64
Wrote: /builddir/build/RPMS/vpn-user-portal-2.99.1-1.fc34.noarch.rpm
Executing(%clean): /bin/sh -e /var/tmp/rpm-tmp.9oLLjz
+ umask 022
+ cd /builddir/build/BUILD
+ cd vpn-user-portal-a14a69ae4a0fa5a09b13e5bb0c0dd3d2e0f6e246
+ /usr/bin/rm -rf /builddir/build/BUILDROOT/vpn-user-portal-2.99.1-1.fc34.x86_64
+ RPM_EC=0
++ jobs -p
+ exit 0
Child return code was: 0
