2022-04-19 09:15:31,357 - Mock Version: 3.0
2022-04-19 09:15:31,366 - Start: clean chroot
2022-04-19 09:15:36,818 - Finish: clean chroot
2022-04-19 09:15:36,825 - Start(bootstrap): chroot init
2022-04-19 09:15:36,936 - Start(bootstrap): cleaning package manager metadata
2022-04-19 09:15:36,939 - Finish(bootstrap): cleaning package manager metadata
2022-04-19 09:15:37,451 - Finish(bootstrap): chroot init
2022-04-19 09:15:37,466 - Start: chroot init
2022-04-19 09:15:37,516 - Start: unpacking root cache
2022-04-19 09:15:40,364 - Finish: unpacking root cache
2022-04-19 09:15:40,370 - Start: cleaning package manager metadata
2022-04-19 09:15:40,374 - Finish: cleaning package manager metadata
2022-04-19 09:15:42,680 - Start: dnf update
2022-04-19 09:15:48,882 - Finish: dnf update
2022-04-19 09:15:48,922 - Finish: chroot init
2022-04-19 09:15:48,939 - Start: build phase for vpn-user-portal-2.99.1-1.fc34.src.rpm
2022-04-19 09:15:48,945 - Start: build setup for vpn-user-portal-2.99.1-1.fc34.src.rpm
2022-04-19 09:16:09,896 - Finish: build setup for vpn-user-portal-2.99.1-1.fc34.src.rpm
2022-04-19 09:16:09,897 - Start: rpmbuild vpn-user-portal-2.99.1-1.fc34.src.rpm
2022-04-19 09:16:12,374 - Finish: rpmbuild vpn-user-portal-2.99.1-1.fc34.src.rpm
2022-04-19 09:16:12,381 - Finish: build phase for vpn-user-portal-2.99.1-1.fc34.src.rpm
