2022-04-18 17:14:59,632 - Mock Version: 3.0
2022-04-18 17:14:59,642 - Start: clean chroot
2022-04-18 17:15:04,574 - Finish: clean chroot
2022-04-18 17:15:04,582 - Start(bootstrap): chroot init
2022-04-18 17:15:04,671 - Start(bootstrap): cleaning package manager metadata
2022-04-18 17:15:04,673 - Finish(bootstrap): cleaning package manager metadata
2022-04-18 17:15:05,134 - Finish(bootstrap): chroot init
2022-04-18 17:15:05,142 - Start: chroot init
2022-04-18 17:15:05,180 - Start: unpacking root cache
2022-04-18 17:15:07,176 - Finish: unpacking root cache
2022-04-18 17:15:07,182 - Start: cleaning package manager metadata
2022-04-18 17:15:07,186 - Finish: cleaning package manager metadata
2022-04-18 17:15:08,207 - Start: dnf update
2022-04-18 17:15:12,858 - Finish: dnf update
2022-04-18 17:15:12,873 - Finish: chroot init
2022-04-18 17:15:12,878 - Start: build phase for vpn-maint-scripts-3.0.0-0.8.fc34.src.rpm
2022-04-18 17:15:12,880 - Start: build setup for vpn-maint-scripts-3.0.0-0.8.fc34.src.rpm
2022-04-18 17:15:16,689 - Finish: build setup for vpn-maint-scripts-3.0.0-0.8.fc34.src.rpm
2022-04-18 17:15:16,690 - Start: rpmbuild vpn-maint-scripts-3.0.0-0.8.fc34.src.rpm
2022-04-18 17:15:17,495 - Finish: rpmbuild vpn-maint-scripts-3.0.0-0.8.fc34.src.rpm
2022-04-18 17:15:17,501 - Finish: build phase for vpn-maint-scripts-3.0.0-0.8.fc34.src.rpm
2022-04-19 09:17:48,585 - Mock Version: 3.0
