2022-04-19 09:22:32,910 - Mock Version: 3.0
2022-04-19 09:22:32,920 - Start: clean chroot
2022-04-19 09:22:40,321 - Finish: clean chroot
2022-04-19 09:22:40,328 - Start(bootstrap): chroot init
2022-04-19 09:22:40,430 - Start(bootstrap): cleaning package manager metadata
2022-04-19 09:22:40,432 - Finish(bootstrap): cleaning package manager metadata
2022-04-19 09:22:40,910 - Finish(bootstrap): chroot init
2022-04-19 09:22:40,918 - Start: chroot init
2022-04-19 09:22:40,955 - Start: unpacking root cache
2022-04-19 09:22:43,100 - Finish: unpacking root cache
2022-04-19 09:22:43,106 - Start: cleaning package manager metadata
2022-04-19 09:22:43,111 - Finish: cleaning package manager metadata
2022-04-19 09:22:44,103 - Start: dnf update
2022-04-19 09:22:52,677 - Finish: dnf update
2022-04-19 09:22:52,688 - Finish: chroot init
2022-04-19 09:22:52,692 - Start: build phase for vpn-server-node-2.99.0-1.fc34.src.rpm
2022-04-19 09:22:52,694 - Start: build setup for vpn-server-node-2.99.0-1.fc34.src.rpm
2022-04-19 09:23:09,587 - Finish: build setup for vpn-server-node-2.99.0-1.fc34.src.rpm
2022-04-19 09:23:09,588 - Start: rpmbuild vpn-server-node-2.99.0-1.fc34.src.rpm
2022-04-19 09:23:10,634 - Finish: rpmbuild vpn-server-node-2.99.0-1.fc34.src.rpm
2022-04-19 09:23:10,646 - Finish: build phase for vpn-server-node-2.99.0-1.fc34.src.rpm
