CPU info:
Architecture:                    x86_64
CPU op-mode(s):                  32-bit, 64-bit
Byte Order:                      Little Endian
Address sizes:                   39 bits physical, 48 bits virtual
CPU(s):                          2
On-line CPU(s) list:             0,1
Thread(s) per core:              1
Core(s) per socket:              2
Socket(s):                       1
NUMA node(s):                    1
Vendor ID:                       GenuineIntel
CPU family:                      6
Model:                           158
Model name:                      Intel(R) Core(TM) i7-9750H CPU @ 2.60GHz
Stepping:                        10
CPU MHz:                         2592.000
BogoMIPS:                        5184.00
Hypervisor vendor:               KVM
Virtualization type:             full
L1d cache:                       64 KiB
L1i cache:                       64 KiB
L2 cache:                        512 KiB
L3 cache:                        24 MiB
NUMA node0 CPU(s):               0,1
Vulnerability Itlb multihit:     KVM: Mitigation: VMX unsupported
Vulnerability L1tf:              Mitigation; PTE Inversion
Vulnerability Mds:               Mitigation; Clear CPU buffers; SMT Host state unknown
Vulnerability Meltdown:          Mitigation; PTI
Vulnerability Spec store bypass: Vulnerable
Vulnerability Spectre v1:        Mitigation; usercopy/swapgs barriers and __user pointer sanitization
Vulnerability Spectre v2:        Mitigation; Retpolines, STIBP disabled, RSB filling
Vulnerability Srbds:             Unknown: Dependent on hypervisor status
Vulnerability Tsx async abort:   Not affected
Flags:                           fpu vme de pse tsc msr pae mce cx8 apic sep mtrr pge mca cmov pat pse36 clflush mmx fxsr sse sse2 ht syscall nx rdtscp lm constant_tsc rep_good nopl xtopology nonstop_tsc cpuid tsc_known_freq pni pclmulqdq ssse3 cx16 pcid sse4_1 sse4_2 x2apic movbe popcnt aes xsave avx rdrand hypervisor lahf_lm abm 3dnowprefetch invpcid_single pti fsgsbase avx2 invpcid rdseed clflushopt md_clear flush_l1d


Memory:
               total        used        free      shared  buff/cache   available
Mem:         4007852     1988008      114848       40344     1904996     1715536
Swap:        4006908      243456     3763452


Storage (chroot, cache_topdir):
Filesystem      Size  Used Avail Use% Mounted on
/dev/sda2        34G  9.5G   24G  29% /
/dev/sda2        34G  9.5G   24G  29% /
