gpg-pubkey-9867c58f-601c49ca 1612466634 0 (none) installed
libgcc-11.2.1-9.fc35.x86_64 1643275616 198596 405419f81bb99a7298ea5a8eb55feded installed
crypto-policies-20210819-1.gitd0fdcfb.fc35.noarch 1629397276 86107 8b615ce53d4afc9bd0c8d2fce41c7a3b installed
fedora-release-identity-basic-35-36.noarch 1637825767 689 12863e70eb5f69af76697d5b6b47fda4 installed
tzdata-2022a-2.fc35.noarch 1649783517 1803367 28b87868d36cec3cc01d958eec612f5d installed
rust-srpm-macros-21-1.fc35.noarch 1645370632 2447 ba3a8f5213c939b7d089f83be2474208 installed
pcre2-syntax-10.39-1.fc35.noarch 1642162082 229322 0f5ddd45f69f25609dad74a6be3bae36 installed
coreutils-common-8.32-33.fc35.x86_64 1647850342 10880214 09b051cbae39716f86348fff217d2dc4 installed
qt5-srpm-macros-5.15.2-3.fc35.noarch 1627037606 492 be3fc262a57f16a89528f058f00a9dc3 installed
publicsuffix-list-dafsa-20210518-2.fc35.noarch 1627015083 68815 66e8314a663c969e724c10861c660788 installed
pkgconf-m4-1.8.0-1.fc35.noarch 1627221480 14187 d3b120a3b4d78e4a7e45396f30d9c709 installed
perl-srpm-macros-1-42.fc35.noarch 1627009629 862 31fd62af1588ade5c32d0b0fcefa45d8 installed
openblas-srpm-macros-2-10.fc35.noarch 1626993369 104 6ef8804b6de37b9a73f2b8502530fc68 installed
ocaml-srpm-macros-6-5.fc35.noarch 1626992091 745 519a978bddefede5d9252679a1726863 installed
nim-srpm-macros-3-5.fc35.noarch 1626987977 1098 50f3b27dca3c2554c3334b6908fa8da4 installed
ncurses-base-6.2-8.20210508.fc35.noarch 1626991807 307293 6fc56839d735263a9cfc0886c8d62377 installed
libssh-config-0.9.6-1.fc35.noarch 1632239382 277 197f4d57cb353d8586957553e84c8980 installed
kernel-srpm-macros-1.0-6.fc35.noarch 1626954864 621 f34169675490393047c9f76bb0dd5167 installed
gnat-srpm-macros-4-14.fc35.noarch 1626923297 725 acfa6b9efd8326ee09e42947528d2fad installed
ghc-srpm-macros-1.5.0-5.fc35.noarch 1626920787 535 83b17a3ad07bb6dce09a1113c2fbfc49 installed
fpc-srpm-macros-1.3-4.fc35.noarch 1626912175 144 46535e4ca0d7762b018d90f26785ebe9 installed
fedora-gpg-keys-35-1.noarch 1633973396 118311 ee1123a814f64132a29d25320d02d69e installed
fedora-release-35-36.noarch 1637825767 0 7c0de256c5a0fb0205528b80fd1fe93b installed
fedora-repos-35-1.noarch 1633973396 4597 274b046d52c4a96de0c27a55dae7014d installed
fedora-release-common-35-36.noarch 1637825767 17657 bc6c1693bb5ef325dcb913853ee3500e installed
setup-2.13.9.1-2.fc35.noarch 1627075056 736053 64f8b1c53f47bf22f25324c6e700cc72 installed
filesystem-3.14-7.fc35.x86_64 1626911226 106 1c0ec91e10e7d2346448d02ce12c4d47 installed
basesystem-11-12.fc35.noarch 1626892315 0 af618e2cf6a1583a176bb5e45b0a5068 installed
bash-5.1.8-2.fc35.x86_64 1626892431 7739604 b5f0cc215104983edd613065e450c0e3 installed
ncurses-libs-6.2-8.20210508.fc35.x86_64 1626985943 996375 2f994f573415c7206570f1717dcf626b installed
glibc-common-2.34-29.fc35.x86_64 1647337429 1089481 aef6b1c366195de4e0495517be1bc9b5 installed
glibc-gconv-extra-2.34-29.fc35.x86_64 1647337429 8219764 43a856cf6e0f6fe17e2a82cd52cc5ea6 installed
glibc-minimal-langpack-2.34-29.fc35.x86_64 1647337429 0 a0e48e8bce6138aa76406713377b5df0 installed
glibc-2.34-29.fc35.x86_64 1647337429 6262803 2d0d6d42e724d910fdc8779469b075ba installed
zlib-1.2.11-30.fc35.x86_64 1627555046 203449 fc88ceb52649360b8d871331220b0f6c installed
xz-libs-5.2.5-7.fc35.x86_64 1627092507 181437 a020e7464332c7f3873c34907eacff50 installed
bzip2-libs-1.0.8-9.fc35.x86_64 1626894869 78660 0d16644a1c137a65208e4cf440c4d832 installed
elfutils-libelf-0.186-1.fc35.x86_64 1637272175 1027449 98d6aee2b22f80d792e9f89666bf156a installed
libstdc++-11.2.1-9.fc35.x86_64 1643275616 2481086 385c15a432fef2b80dcc433073bbcaa4 installed
libuuid-2.37.4-1.fc35.x86_64 1644837617 34389 f5b027f1cda706fb4b19fd96f22e8578 installed
libzstd-1.5.2-1.fc35.x86_64 1642954920 738483 69ba361b97b48c0fa076ff189e890fb0 installed
gmp-1:6.2.0-7.fc35.x86_64 1626924928 809478 90e5db3d624adbdb7d59835ab68fb865 installed
libattr-2.5.1-3.fc35.x86_64 1626891756 29341 a17b4483f4a01b5eb6d01f41842da285 installed
libacl-2.3.1-2.fc35.x86_64 1626889009 41090 7f91f200578996693fbd6ba53b745348 installed
libcap-2.48-3.fc35.x86_64 1626961088 180511 fa377911e225ceb086daf490d0c94ab7 installed
libcom_err-1.46.3-1.fc35.x86_64 1627641086 68441 eb56b897164901257a96b54c9f5442f7 installed
popt-1.18-6.fc35.x86_64 1627012722 130256 43cab6097d127d0d309a21fb5e811d4c installed
libxcrypt-4.4.28-1.fc35.x86_64 1643755490 275394 b53236060f750ee37972ae14ce1bd7e8 installed
lz4-libs-1.9.3-3.fc35.x86_64 1626976924 145387 35f02696af287b52c0a8ccd356299a79 installed
readline-8.1-3.fc35.x86_64 1627041494 492684 aaf61524862c6beeb77380c15d658a93 installed
mpfr-4.1.0-8.fc35.x86_64 1626983884 802431 de62fb0bd1ab4954a5a3e601e4f95b58 installed
dwz-0.14-2.fc35.x86_64 1626907299 280646 8ae97d97b2c29bfe9e0ee73643bedfdd installed
unzip-6.0-53.fc35.x86_64 1627085048 394499 60a40024a1a2cc4e6734159ed1108959 installed
file-libs-5.40-9.fc35.x86_64 1626911941 8529778 5cefc7d6d4ee8e91b61b7dbef6f9626d installed
file-5.40-9.fc35.x86_64 1626911941 103860 24af04aadc980ee3abbe27d5aea9f476 installed
sqlite-libs-3.36.0-3.fc35.x86_64 1627078644 1334505 eebb4534e82961cc46ef159d4072bca8 installed
alternatives-1.19-1.fc35.x86_64 1627054363 63264 5cd393a56ec2efe3a8dd3f9abe55f043 installed
libsigsegv-2.13-3.fc35.x86_64 1626969727 50250 f9aa2f7104c70b331c044360a70664f4 installed
gawk-5.1.0-4.fc35.x86_64 1626915218 1684030 4c2057f0c12df0632024f9b90f075c28 installed
libunistring-0.9.10-14.fc35.x86_64 1626970676 1642923 fb4cd52955e96d4fe989ece3153119fa installed
libidn2-2.3.2-3.fc35.x86_64 1630431242 291720 88d523b2e03784d487b1fa9d4b91c5b8 installed
libcap-ng-0.8.2-8.fc35.x86_64 1641251933 75012 41da9333ecb5667832c9b2a40e9e2323 installed
audit-libs-3.0.8-1.fc35.x86_64 1648594326 305641 668c6c6ca8ed80fae34846a61ef6cfc1 installed
libsepol-3.3-2.fc35.x86_64 1636642723 755891 2315ac21f0edf70323532a17badac156 installed
libsmartcols-2.37.4-1.fc35.x86_64 1644837617 135379 2d46924a9ddc8ab88d9004d8657b5c75 installed
lua-libs-5.4.4-1.fc35.x86_64 1643742432 555678 7f20f5e135e45a95e02b95559feee819 installed
libpsl-0.21.1-4.fc35.x86_64 1626969221 78520 418fc994aecd296a0e9f3a900a46f7c5 installed
zip-3.0-31.fc35.x86_64 1627093104 712847 8bc0595d10f2bc85179113ad1484aba4 installed
zstd-1.5.2-1.fc35.x86_64 1642954920 1579520 f987957b80f14a289756f36f71f469ad installed
bzip2-1.0.8-9.fc35.x86_64 1626894869 93960 09e7295f0c331b654d38e247851f9801 installed
libxml2-2.9.13-1.fc35.x86_64 1645437865 1961612 4506c5b303f4c410c5b3ea3c7fb41398 installed
cpio-2.13-11.fc35.x86_64 1626901334 1083897 fea1818884f437c9d9165285e8a08769 installed
diffutils-3.8-1.fc35.x86_64 1627895573 1563061 b288fa5059e9d347c23ecf7459de1392 installed
info-6.8-2.fc35.x86_64 1627082242 503786 d1e469daef55e19b18e1753de365ed7b installed
ed-1.14.2-11.fc35.x86_64 1626907257 129811 094cf9934b01744c0c414314070af36f installed
keyutils-libs-1.6.1-3.fc35.x86_64 1626955294 55801 535a1f1ca9e121cd9574c95b07820bb7 installed
libbrotli-1.0.9-6.fc35.x86_64 1626893913 784274 d45caad095b8be733739ddc36bbf1a3b installed
libdb-5.3.28-50.fc35.x86_64 1632301454 1922782 035be9f77c8bd1ff1d600a3712c99e9b installed
libeconf-0.4.0-2.fc35.x86_64 1626962507 46171 1d425d5dc6879bacad175542465b0706 installed
libffi-3.1-29.fc35.x86_64 1628804486 56872 b4412b95f19fdc9fc212a6219d9bd508 installed
p11-kit-0.23.22-4.fc35.x86_64 1626999243 1659536 2e7cda635f37cded07d6b2c83065ba9a installed
libnghttp2-1.45.1-1.fc35.x86_64 1632287883 162468 0d6fd9b7c3f410856cb296843f1840b7 installed
libpkgconf-1.8.0-1.fc35.x86_64 1627221416 75953 4a3b0d15ab4d7e8482d98d677ad5b928 installed
pkgconf-1.8.0-1.fc35.x86_64 1627221416 81451 f6bab719cb8f1b8c5862882bc45d2b45 installed
pkgconf-pkg-config-1.8.0-1.fc35.x86_64 1627221416 989 a02a23bcacf44a3bdfc74247bc5d893c installed
libtasn1-4.16.0-6.fc35.x86_64 1626970012 183868 de5f598de38a61b7288a400c1398b8e3 installed
p11-kit-trust-0.23.22-4.fc35.x86_64 1626999243 451087 70a611a55f6a52dbf5e6966daff44ae9 installed
libverto-0.3.2-2.fc35.x86_64 1626970819 30277 cbb25f656c2c22c557ee83ad0d80dfb1 installed
pcre-8.45-1.fc35.x86_64 1629279770 539220 5514c5f24b4d2325f93065903618e59e installed
grep-3.6-4.fc35.x86_64 1626944725 857744 156e66ef6b4acfcc051a5c68590478c1 installed
xz-5.2.5-7.fc35.x86_64 1627092507 685425 dd341adc7fbb8844cb9965b1eb893ec4 installed
gdbm-libs-1:1.22-1.fc35.x86_64 1634724397 128594 44c8f9a2f908cd026db026cff5bcb9dc installed
libgomp-11.2.1-9.fc35.x86_64 1643275616 412830 eddb7af4f13d79fd62e26393cc237b95 installed
libgpg-error-1.43-1.fc35.x86_64 1635951220 851181 2acf9c28449a9ab3cbe56c5109f5b957 installed
libgcrypt-1.9.4-1.fc35.x86_64 1629722661 1392828 3de42e7502c099e402c6eff1fd477153 installed
pcre2-10.39-1.fc35.x86_64 1642161820 633146 75d614b14d53b96c247f382adbd56d7c installed
libselinux-3.3-1.fc35.x86_64 1634972718 169365 70515806983a64a7e56cc2c0fa15b3f1 installed
sed-4.8-8.fc35.x86_64 1627074776 813479 18a95fcfe58463e71717b520d2412a8a installed
findutils-1:4.8.0-4.fc35.x86_64 1626911297 1758182 f636dbf756669a4ed38bc1dff6c63018 installed
openssl-libs-1:1.1.1n-1.fc35.x86_64 1647622287 3855924 ec75042a1b1368f3064f14e36970a4f3 installed
coreutils-8.32-33.fc35.x86_64 1647850342 6032746 2976fb8197b2dd239b12f8764ec7c6c8 installed
ca-certificates-2021.2.52-1.0.fc35.noarch 1639418137 972279 b115c20bc79221913009ca791a3bc1cb installed
krb5-libs-1.19.2-6.fc35.x86_64 1649186946 2198702 bf4fb7c3ca38fe67fa6a62d9d8ea18e0 installed
libblkid-2.37.4-1.fc35.x86_64 1644837617 230753 71cc31b85c8cb80de2a5f103089fa040 installed
libmount-2.37.4-1.fc35.x86_64 1644837617 311117 aa6091a17f0ae6f463354f30a25cf7a8 installed
libtirpc-1.3.2-1.fc35.x86_64 1626970537 208122 774bb16f7bceb07e236edd74893c3da2 installed
gzip-1.10-5.fc35.x86_64 1626947013 357298 0c334e5cdc70ca2c94149b74b6771d59 installed
systemd-libs-249.11-1.fc35.x86_64 1649263003 1703888 6033fcdc8b6256441a8dc24d25884181 installed
util-linux-core-2.37.4-1.fc35.x86_64 1644837617 1279599 7aaa0c406fab764564a21128388e650a installed
cracklib-2.9.6-27.fc35.x86_64 1630359115 251474 be873d814043808a88cd6ac0b984d7cd installed
libnsl2-1.3.0-4.fc35.x86_64 1626968101 130270 ec90470cea464c30c21887ef0b6b5f78 installed
libpwquality-1.4.4-6.fc35.x86_64 1629554286 415452 2c4c69665af0cbea0ea4405af255304d installed
pam-1.5.2-7.fc35.x86_64 1642152011 1947749 e3509e3b6393fc5853d9ffa08fde7c5c installed
libfdisk-2.37.4-1.fc35.x86_64 1644837617 368867 4426b95fd47b05f179a08772f2e561b0 installed
libssh-0.9.6-1.fc35.x86_64 1632239276 513049 89d0f0ed09d6da4ba2ab98275c98f173 installed
cyrus-sasl-lib-2.1.27-14.fc35.x86_64 1645612064 2409632 8ffb3db1f0911937d30a6bf8dab936e2 installed
openldap-2.4.59-3.fc35.x86_64 1633097574 718501 0e77658e50841dafd342dee9da801f8c installed
libcurl-7.79.1-1.fc35.x86_64 1632300769 681030 d990c31b9e1e543f45e954204899997a installed
curl-7.79.1-1.fc35.x86_64 1632300769 723076 8015ff9223a971c77a8721daa8f50796 installed
libarchive-3.5.3-1.fc35.x86_64 1645092105 907342 a311d4f4a85998fa33f625e7c50bb7f0 installed
rpm-4.17.0-4.fc35.x86_64 1643805541 2948906 4d1f115d98b805430eb3a964f07656d0 installed
rpm-libs-4.17.0-4.fc35.x86_64 1643805541 775140 5d501dd9ef6c4069a77c7ff072f2e466 installed
efi-srpm-macros-5-4.fc35.noarch 1630608933 41111 91e37892dd397be4e20571872897206f installed
lua-srpm-macros-1-5.fc35.noarch 1626974425 1314 1d371eb16120fb40dbf7c0f03c3e8291 installed
rpmautospec-rpm-macros-0.2.5-1.fc35.noarch 1628264740 698 8d7c0d5e1ebd255a29531ed50f7eac01 installed
fonts-srpm-macros-1:2.0.5-6.fc35.noarch 1626911835 56503 e028a54cd411cf0f8ad51dcc2fde13e2 installed
go-srpm-macros-3.0.15-1.fc35.noarch 1647110947 60321 965943ba92d3fe931e2c47a77d5c2d4f installed
python-srpm-macros-3.10-11.fc35.noarch 1644257364 42939 fb4c95b7f5cd8632f1c99350b6caea95 installed
redhat-rpm-config-199-1.fc35.noarch 1633442810 174007 1a37a9213e43ef2d294a3fee252b0b53 installed
patch-2.7.6-15.fc35.x86_64 1627000523 265410 1e6cd06c190ae494f76619ff9487c79b installed
tar-2:1.34-2.fc35.x86_64 1627081075 3156278 052b560465e9eebf3c4f7986aa10ee0b installed
libsemanage-3.3-1.fc35.x86_64 1634973715 303824 1bf5012ddec7e2232047c99fd9746df4 installed
shadow-utils-2:4.9-9.fc35.x86_64 1642757350 3841041 dbe74af1d330be8c97b1c1679bf99fd4 installed
libutempter-1.2.1-5.fc35.x86_64 1626970643 58697 1c069b7288b0240929a10f6ac1cc1514 installed
xxhash-libs-0.8.1-1.fc35.x86_64 1638346097 100960 33dd81dce9f3cf5e44877d928fc1b06d installed
elfutils-default-yama-scope-0.186-1.fc35.noarch 1637272283 1810 bbb81d7e155c1afebc041bf4bc9ee9cf installed
elfutils-libs-0.186-1.fc35.x86_64 1637272175 682389 1d5405205f47cfbce358e4125249fe64 installed
elfutils-debuginfod-client-0.186-1.fc35.x86_64 1637272175 58096 13b7e9563bf38d9ed2a67a88e08a0474 installed
binutils-gold-2.37-10.fc35.x86_64 1631809428 1981187 2ae44e1d5f1851a02e6fdca3618f19cd installed
binutils-2.37-10.fc35.x86_64 1631809428 34143191 85685a5e801557e74a2c99ceeafeb135 installed
elfutils-0.186-1.fc35.x86_64 1637272175 2795449 9e6a9705aa8298286738f45dd3bfbe3a installed
gdb-minimal-11.2-2.fc35.x86_64 1648266449 12691684 9109c3c73b5cda3f5c83204bd820487c installed
debugedit-5.0-2.fc35.x86_64 1627943772 194459 5239705164dbdb4cc743115c72824aaa installed
rpm-build-libs-4.17.0-4.fc35.x86_64 1643805541 199518 d08d601abf47c55029d557fa9fc94ee9 installed
rpm-build-4.17.0-4.fc35.x86_64 1643805541 145156 1aa509dd3cea6856b44127b6656631ff installed
util-linux-2.37.4-1.fc35.x86_64 1644837617 11217103 8bf811caade76b9cd84a8e90d224356b installed
which-2.21-27.fc35.x86_64 1627087644 82311 82a0e0468e7804b854f587472d3a680a installed
php-common-8.0.17-1.fc35.x86_64 1647334199 15870048 0988adc142fc35362a7220ec3d62bb7c installed
php-fedora-autoloader-1.0.1-6.fc35.noarch 1627010252 15123 d6757993a0defe2af62b0d5e14a6a81b installed
php-sebastian-recursion-context4-4.0.4-3.fc35.noarch 1627371680 8995 ba4e0d3809c61aa109e10ef9a218a34b installed
php-phpdocumentor-reflection-common2-2.2.0-5.fc35.noarch 1627011222 9019 ecd04ddcaf6d3d9e7d96c4630f472616 installed
php-sebastian-diff4-4.0.4-3.fc35.noarch 1627011541 60843 61d21595d2d366cd28c49c8147956b61 installed
php-sebastian-object-reflector2-2.0.4-3.fc35.noarch 1627371382 5848 c6d6b087bc2d8db014c2c165bdee73ee installed
php-doctrine-instantiator-1.4.1-1.fc35.noarch 1646312837 17271 ca50bfd06668d10be86bb55baa6343e2 installed
php-phar-io-version3-3.2.1-1.fc35.noarch 1645429736 31175 ee34904c9b4a923ccc55f2745086763c installed
php-phpunit-php-file-iterator3-3.0.6-1.fc35.noarch 1638458006 16526 e053353d2b6b8b6ffa4d23f3e8e72646 installed
php-phpunit-php-text-template2-2.0.4-3.fc35.noarch 1627011496 8446 76bb23cdcc3c95886684ddda898c2ff7 installed
php-process-8.0.17-1.fc35.x86_64 1647334199 264572 5f5070270e45b7c28bc7c40674f8f2ee installed
php-sebastian-environment5-5.1.4-1.fc35.noarch 1649055613 18660 62abe02c78b6a7ffeda18e214d9a1f4b installed
libsodium-1.0.18-8.fc35.x86_64 1626969977 363843 1879a5875d5b18b65223eef7122b4acb installed
libedit-3.1-40.20210910cvs.fc35.x86_64 1631547880 252781 e3a351aa4a4ea09cd659127390982b4d installed
php-cli-8.0.17-1.fc35.x86_64 1647334199 25454933 512cbec9c5e35487aa621e60e6f0b17b installed
php-nikic-php-parser4-4.13.2-1.fc35.noarch 1638343165 940941 a3030d4505357a6f3dc82a2c00d3e556 installed
php-sebastian-complexity-2.0.2-3.fc35.noarch 1627011520 16897 b5badf3254197a375abe23d31efab6ba installed
php-sebastian-lines-of-code-1.0.3-3.fc35.noarch 1627371351 14171 e4a59fc30ed1944d121b41adb580bad5 installed
php-phpunit-php-invoker3-3.1.1-3.fc35.noarch 1627011630 6982 248e83ba489302ac914c15b4e80ab0d5 installed
php-sebastian-object-enumerator4-4.0.4-1.fc35.2.noarch 1627371358 7205 3df8ff623aa563fcbd7a4232d38d7d08 installed
php-sebastian-global-state5-5.0.5-1.fc35.noarch 1644835903 26490 2ca90d44d7fcd9c3e6ef1a4631708b19 installed
php-phpdocumentor-type-resolver1-1.6.1-1.fc35.noarch 1648643701 106955 45107cf003ea70dd82f3911c55bd1bc7 installed
php-phpunit-php-timer5-5.0.3-3.fc35.noarch 1627011322 12509 8b5cb74e303ba6b66f53fd2ce617aec4 installed
php-sebastian-cli-parser-1.0.1-3.fc35.noarch 1627011429 13051 fb38f6b707c27fb2e8226c16be565a46 installed
php-sebastian-code-unit-1.0.8-3.fc35.noarch 1627011456 36496 dbf31af77aac5026db97129f71b0bf80 installed
php-sebastian-code-unit-reverse-lookup2-2.0.3-3.fc35.noarch 1627011446 7884 cb8593eea8737d8661da43356795d9bb installed
php-sebastian-resource-operations3-3.0.3-1.fc35.2.noarch 1627371688 75512 0e5ed764c13fce992d6b02994f742981 installed
php-sebastian-type2-2.3.4-2.fc35.noarch 1627371704 37100 dd4bac0a5194078588397869b195b4ea installed
php-myclabs-deep-copy-1.10.3-1.fc35.noarch 1646303284 33538 2d0f888e9564670bdca7240d892f652d installed
php-theseer-directoryscanner-1.3.3-1.fc35.noarch 1627279739 20947 fddf50e55b653d1bc34f5d6769588ace installed
openssh-8.7p1-3.fc35.x86_64 1638196752 1958782 2539302075916e308b69064671de6546 installed
less-590-2.fc35.x86_64 1635161130 366872 f593cc95d8802028c438434d02941d51 installed
expat-2.4.7-1.fc35.x86_64 1646666109 304203 c60174f4965adccc15c41c5484da00bb installed
oniguruma-6.9.7.1-1.fc35.1.x86_64 1626993889 771554 65f0c3dfefde664f592f3143fbec1ba0 installed
php-mbstring-8.0.17-1.fc35.x86_64 1647334199 2139954 238217885dc5e4e6c51c1f4f304b3206 installed
php-sebastian-exporter4-4.0.4-1.fc35.noarch 1636980988 15958 27424b90dffd52e1a13e145d58dec78f installed
php-webmozart-assert-1.10.0-1.fc35.noarch 1632463730 151835 3a1ac9e369526ba0688d5aa809a1497a installed
php-phpdocumentor-reflection-docblock5-5.3.0-1.fc35.noarch 1634718231 141493 66aa0e10e8722b32bc3da81b9ae34454 installed
ncurses-6.2-8.20210508.fc35.x86_64 1626985943 628636 3fe9ba75f745d394b6b95fe591904a51 installed
libxslt-1.1.34-6.fc35.x86_64 1626971526 771615 372901ee7bec094800aa2f8359c32e29 installed
php-xml-8.0.17-1.fc35.x86_64 1647334199 861164 61a738c8064b725cde05cac67fab8904 installed
php-sebastian-comparator4-4.0.6-3.fc35.noarch 1627371356 46285 6e7b0708ec49f4c65d7c4dad915f479f installed
php-phpspec-prophecy-1.15.0-1.fc35.noarch 1638969268 233225 b577bec860df784b2c0e46b7a1c99b93 installed
php-phar-io-manifest2-2.0.3-2.fc35.noarch 1627011263 59865 f8247a7a54ffe1fcf5c03bf07a5d9e9a installed
php-theseer-tokenizer-1.2.1-1.fc35.noarch 1627478465 14417 2e3cced1f7f7624bc38f249a0e5dca51 installed
php-zetacomponents-base-1.9.3-1.fc35.noarch 1627278941 414432 33e932090528ec7e4e4a4d17faceae5a installed
php-zetacomponents-console-tools-1.7.3-1.fc35.noarch 1642597665 420963 b54ec9c887d789431d34b16b33c7848a installed
php-theseer-autoload-1.27.1-1.fc35.noarch 1643184070 142265 08fa9935bcdbffe7f0957943262cfa18 installed
libicu-69.1-2.fc35.x86_64 1626951230 34573697 aa51f53afbb22838e4436be0f3d36544 installed
libcbor-0.7.0-4.fc35.x86_64 1626961119 99678 4382f5fc01f0042454afdb718f21f757 installed
libfido2-1.8.0-1.fc35.x86_64 1627009810 205575 bb12798ea0a046ea05811fd38b6efef2 installed
openssh-clients-8.7p1-3.fc35.x86_64 1638196752 2112543 6181cf809ddc680b1eafe348563c7957 installed
git-core-2.35.1-1.fc35.x86_64 1644162958 18421664 802106dc98fc6a9e9fb539fd395874d8 installed
git-core-doc-2.35.1-1.fc35.noarch 1644163046 16211202 ff47728e6529030fac1d3a9e655bedf9 installed
groff-base-1.22.4-8.fc35.x86_64 1626944941 4038883 9a05cc149ea84e48feff65a6808013dc installed
perl-Text-Tabs+Wrap-2021.0814-1.fc35.noarch 1629872220 23228 b894fae08e52100b1d73335e5411c0fd installed
perl-Time-Local-2:1.300-478.fc35.noarch 1627008983 67344 7b0d048d14702ea79d7d41e41214d5b6 installed
perl-if-0:0.60.900-486.fc35.noarch 1648556097 6888 bc5137e23ebc7039e95db1c063a81903 installed
perl-File-Path-2.18-478.fc35.noarch 1627003863 65333 f7db2108790a37e39f09b2f76719f5b4 installed
perl-Pod-Escapes-1:1.07-478.fc35.noarch 1627007259 25764 33a17133ef9c890ac6ae057f41340a54 installed
perl-Term-ANSIColor-5.01-479.fc35.noarch 1627008208 100303 91d750d91aabdc735866caed97b99fe4 installed
perl-Class-Struct-0:0.66-486.fc35.noarch 1648556097 26954 3ce01a82d5fbf6e7f426c92e34fc9b7a installed
perl-POSIX-0:1.97-486.fc35.x86_64 1648556037 242820 4802544efb00264eb65aa14f2277c2e1 installed
perl-HTTP-Tiny-0.080-1.fc35.noarch 1636359092 153919 25225ab881feb1bdf238303d933f9a5d installed
perl-IPC-Open3-0:1.21-486.fc35.noarch 1648556097 25044 55023346b70cf5e2866839ae42e7161a installed
perl-subs-0:1.04-486.fc35.noarch 1648556097 3104 96985508a8c0b92a5918d109f2d98699 installed
perl-File-Temp-1:0.231.100-478.fc35.noarch 1627003863 166550 63391b78bce16ca6cecc49c946ebfbfe installed
perl-Pod-Simple-1:3.43-2.fc35.noarch 1627007289 577381 390c2a830cd88701c77c6a11b8966b19 installed
perl-Term-Cap-1.17-478.fc35.noarch 1627008396 29852 8db2fd4ca06cd9c2db9c48aba50a16b3 installed
perl-Socket-4:2.032-2.fc35.x86_64 1627007679 124695 b5c19bc4f392a044dbed5ee32ee94a77 installed
perl-SelectSaver-0:1.02-486.fc35.noarch 1648556097 3172 e0ba8580bfd5f8b6f985e5927598a2aa installed
perl-Symbol-0:1.09-486.fc35.noarch 1648556097 7953 62c104792aa0d1c15daf6abfd92ec1db installed
perl-File-stat-0:1.09-486.fc35.noarch 1648556097 13948 d374844020888a0a2bb92fa80ee566c0 installed
perl-podlators-1:4.14-478.fc35.noarch 1627009524 288744 e5f990875b7a54dec18498ef40e88864 installed
perl-Pod-Perldoc-3.28.01-479.fc35.noarch 1627007275 170953 74b09bf4a1d54ad860c93b9b8a8d95b9 installed
perl-Text-ParseWords-3.30-478.fc35.noarch 1627008740 13101 6f30d863b930f723b39eb9729aa367e1 installed
perl-Fcntl-0:1.14-486.fc35.x86_64 1648556037 30668 a9137427d8f26d696572e92984d7b67f installed
perl-mro-0:1.25-486.fc35.x86_64 1648556037 43950 1402dc505d559a6d06c9b98bdc901afc installed
perl-IO-0:1.46-486.fc35.x86_64 1648556037 165400 928d540e69c0cde697c2f5e33b5e2494 installed
perl-overloading-0:0.02-486.fc35.noarch 1648556097 5893 27d9b2264efe845b3b3aab6f3af44aee installed
perl-Pod-Usage-4:2.01-478.fc35.noarch 1627007348 87188 2b6677e52f15816d0d3f978efadb6df6 installed
perl-MIME-Base64-3.16-478.fc35.x86_64 1627005457 47553 dad05668ab99284ffcd36a5b71e0e43e installed
perl-constant-1.33-479.fc35.noarch 1627009386 27105 991ce029190da6e09bee549cd60cc5b0 installed
perl-parent-1:0.238-478.fc35.noarch 1627370158 9535 a30685de668710524d4774bb9aeda2a3 installed
perl-Errno-0:1.33-486.fc35.x86_64 1648556037 9521 494dc57a4fc5543b2c979b54ad3d04df installed
perl-File-Basename-0:2.85-486.fc35.noarch 1648556097 15339 1b1d6de4e4f381e2b1442f326eff3e6f installed
perl-Getopt-Std-0:1.13-486.fc35.noarch 1648556097 12304 4e69a58b97b3c802017ae49a582e0645 installed
perl-Scalar-List-Utils-5:1.62-463.fc35.x86_64 1647856060 146044 66399f6ba5dceac1527a27e4265cfad8 installed
perl-Storable-1:3.25-1.fc35.x86_64 1630395610 228312 f196e397e018bae7b27fa40553242670 installed
perl-overload-0:1.33-486.fc35.noarch 1648556097 72868 ef1623af9ea1099ae21d558a878ca507 installed
perl-vars-0:1.05-486.fc35.noarch 1648556097 4926 ca6d5a73cef8335033ef5f328ad5b5d6 installed
perl-Getopt-Long-1:2.52-478.fc35.noarch 1627003976 139937 94d061be1cca0e82fac91618a160b4fc installed
perl-Carp-1.52-478.fc35.noarch 1627001497 47924 061018da944b280c6814330e151dcfaf installed
perl-Exporter-5.76-479.fc35.noarch 1627003642 55296 23cf6c0d4f1cbea7bd98244c8ac6ed15 installed
perl-DynaLoader-0:1.50-486.fc35.x86_64 1648556037 33060 85e83d8cdeda29fa129232014f62653d installed
perl-PathTools-3.80-478.fc35.x86_64 1627006977 181939 55025ce7ff9c961281a1c78ad2015dca installed
perl-Encode-4:3.15-482.fc35.x86_64 1633893174 10236812 7ae6fe3ff49cba77e7c9d63c33f4dc31 installed
perl-libs-4:5.34.1-486.fc35.x86_64 1648556037 9024098 d03a038a17943b44c8f298a34d20e07f installed
perl-interpreter-4:5.34.1-486.fc35.x86_64 1648556037 120714 e0652d64084e63dada78e5b81faceb95 installed
perl-Error-1:0.17029-7.fc35.noarch 1627003620 79692 fe8705de2feb8211f0a73de9a64a15e9 installed
perl-TermReadKey-2.38-11.fc35.x86_64 1627008214 65715 afd14e88c363306e703543a114ec1cc3 installed
perl-File-Find-0:1.39-486.fc35.noarch 1648556097 39541 3be3fc79c622385f4e03be39396fce49 installed
perl-lib-0:0.65-486.fc35.x86_64 1648556037 9672 db340d11691db1d6f21119c609a5ba4f installed
perl-Git-2.35.1-1.fc35.noarch 1644163046 66142 20393616f541c648bca970bb4933b8bc installed
git-2.35.1-1.fc35.x86_64 1644162958 135005 02e12ce2498dbc2b513a78750029b3bf installed
php-sebastian-version3-3.0.2-3.fc35.noarch 1627011551 7497 278264ec765d5798769750254a5900ba installed
php-phpunit-php-code-coverage9-9.2.15-1.fc35.noarch 1646648952 1087805 20c5ef5a773f413ab8c67c239128852b installed
phpunit9-9.5.18-1.fc35.noarch 1646735157 1421001 db6edd7874fb4d6e7e2e62630de794f3 installed
php-intl-8.0.17-1.fc35.x86_64 1647334199 974290 ecf520e475e8a2e869fba907ed03cc46 installed
php-fedora-autoloader-devel-1.0.1-6.fc35.noarch 1627010252 8493 5ca370ea6bac8a5c78ad020f77e78ef5 installed
minisign-0.9-6.fc35.x86_64 1626980745 38131 77847b413911d955b6f719ba3b60c13b installed
php-sodium-8.0.17-1.fc35.x86_64 1647334199 204782 4bd9faea25cdbe868b4d9264a5f730df installed
php-pdo-8.0.17-1.fc35.x86_64 1647334199 475118 b2980eaa3174782b57cbb624467b710d installed
