2022-04-19 09:19:42,317 - Mock Version: 3.0
2022-04-19 09:19:42,326 - Start: clean chroot
2022-04-19 09:19:47,474 - Finish: clean chroot
2022-04-19 09:19:47,481 - Start(bootstrap): chroot init
2022-04-19 09:19:47,572 - Start(bootstrap): cleaning package manager metadata
2022-04-19 09:19:47,574 - Finish(bootstrap): cleaning package manager metadata
2022-04-19 09:19:48,052 - Finish(bootstrap): chroot init
2022-04-19 09:19:48,060 - Start: chroot init
2022-04-19 09:19:48,111 - Start: unpacking root cache
2022-04-19 09:19:50,017 - Finish: unpacking root cache
2022-04-19 09:19:50,023 - Start: cleaning package manager metadata
2022-04-19 09:19:50,026 - Finish: cleaning package manager metadata
2022-04-19 09:19:51,889 - Start: dnf update
2022-04-19 09:19:59,575 - Finish: dnf update
2022-04-19 09:19:59,587 - Finish: chroot init
2022-04-19 09:19:59,591 - Start: build phase for vpn-ca-4.0.1-1.fc34.src.rpm
2022-04-19 09:19:59,593 - Start: build setup for vpn-ca-4.0.1-1.fc34.src.rpm
2022-04-19 09:21:01,741 - Finish: build setup for vpn-ca-4.0.1-1.fc34.src.rpm
2022-04-19 09:21:01,742 - Start: rpmbuild vpn-ca-4.0.1-1.fc34.src.rpm
2022-04-19 09:21:19,475 - Finish: rpmbuild vpn-ca-4.0.1-1.fc34.src.rpm
2022-04-19 09:21:19,485 - Finish: build phase for vpn-ca-4.0.1-1.fc34.src.rpm
