2022-04-19 09:21:19,805 - Mock Version: 3.0
2022-04-19 09:21:19,824 - Start: clean chroot
2022-04-19 09:21:26,044 - Finish: clean chroot
2022-04-19 09:21:26,051 - Start(bootstrap): chroot init
2022-04-19 09:21:26,143 - Start(bootstrap): cleaning package manager metadata
2022-04-19 09:21:26,145 - Finish(bootstrap): cleaning package manager metadata
2022-04-19 09:21:26,632 - Finish(bootstrap): chroot init
2022-04-19 09:21:26,640 - Start: chroot init
2022-04-19 09:21:26,703 - Start: unpacking root cache
2022-04-19 09:21:28,790 - Finish: unpacking root cache
2022-04-19 09:21:28,796 - Start: cleaning package manager metadata
2022-04-19 09:21:28,800 - Finish: cleaning package manager metadata
2022-04-19 09:21:29,913 - Start: dnf update
2022-04-19 09:21:37,852 - Finish: dnf update
2022-04-19 09:21:37,863 - Finish: chroot init
2022-04-19 09:21:37,867 - Start: build phase for vpn-daemon-3.0.0-0.7.fc34.src.rpm
2022-04-19 09:21:37,869 - Start: build setup for vpn-daemon-3.0.0-0.7.fc34.src.rpm
2022-04-19 09:22:04,870 - Finish: build setup for vpn-daemon-3.0.0-0.7.fc34.src.rpm
2022-04-19 09:22:04,871 - Start: rpmbuild vpn-daemon-3.0.0-0.7.fc34.src.rpm
2022-04-19 09:22:32,334 - Finish: rpmbuild vpn-daemon-3.0.0-0.7.fc34.src.rpm
2022-04-19 09:22:32,357 - Finish: build phase for vpn-daemon-3.0.0-0.7.fc34.src.rpm
