gpg-pubkey-38ab71f4-60242b08 1612983048 0 (none) installed
libgcc-12.0.1-0.16.fc36.x86_64 1649865517 219148 4f130e48adbac8741b2a5acba1751501 installed
crypto-policies-20220203-2.git112f859.fc36.noarch 1644088368 92786 953682aa64ac86b6662dbe48f48f6662 installed
fedora-release-identity-basic-36-0.16.noarch 1644430507 709 9e386cd85d089c8f1982faedcdb6c4e3 installed
tzdata-2022a-1.fc36.noarch 1648080405 1803367 14ae60616dc1ab1cb3cd4a7c2a84f49c installed
rust-srpm-macros-21-1.fc36.noarch 1645370758 2447 a83e2a89f6a06d75ebc4a35ac4ec3360 installed
qt5-srpm-macros-5.15.3-1.fc36.noarch 1647519459 492 9cc6bc597949fc4ba51546c7c19deda3 installed
publicsuffix-list-dafsa-20210518-4.fc36.noarch 1642758355 68815 8c2e5a33e587c6e6176327f60c1a8c3c installed
pkgconf-m4-1.8.0-2.fc36.noarch 1642756023 14187 d0183ed9c26179d66bb03152ad9f4a8c installed
perl-srpm-macros-1-43.fc36.noarch 1642748988 862 e81b93b04b65c7d06c3d2c480ac6ed55 installed
pcre2-syntax-10.39-1.fc36.1.noarch 1642745585 229322 9f0dc30859ba5d74e4bad23927792420 installed
openblas-srpm-macros-2-11.fc36.noarch 1642717776 104 9fdaf2920a1e1b2432d3d9b2822fb6dc installed
ocaml-srpm-macros-6-6.fc36.noarch 1642716607 745 23410c51e7bd7b313e5dd1b144d28aac installed
nim-srpm-macros-3-6.fc36.noarch 1642713962 1098 5638251429f9ef69dbb1662a9dfa842f installed
ncurses-base-6.2-9.20210508.fc36.noarch 1642729699 307293 18aaf07e9d40412a06e5b9aacef066ad installed
libssh-config-0.9.6-4.fc36.noarch 1643362974 277 ea07e86b4b7bd1e7c7f400c9c4aff047 installed
kernel-srpm-macros-1.0-14.fc36.noarch 1642689338 1064 f8e43f2dac5669088fbf42ccf61345e7 installed
gnat-srpm-macros-4-15.fc36.noarch 1642660377 725 c33bf7b869799982c5eb303f46cc03d0 installed
ghc-srpm-macros-1.5.0-6.fc36.noarch 1642657220 535 359c6494b485d3148505ba5eb02e33fd installed
fpc-srpm-macros-1.3-5.fc36.noarch 1642649145 144 92804cff4b39a29312372eb0229cc5c1 installed
fedora-gpg-keys-36-0.4.noarch 1644357446 120124 f0ebb2a827dc9110d5be96a4f2e2f3fd installed
fedora-release-36-0.16.noarch 1644430507 0 18527cc07d09291aa6b1b9e55600ea3b installed
fedora-repos-36-0.4.noarch 1644357446 4597 f184b21520f3123a9a4bac125c3db16f installed
fedora-release-common-36-0.16.noarch 1644430507 17856 61d057ebca1e2adb4d88e647faf44b2a installed
setup-2.13.9.1-3.fc36.noarch 1642814448 736053 0d873024b98f7f182c37974981820826 installed
filesystem-3.16-2.fc36.x86_64 1642647850 106 ec63631b0c8658b1d93250bc2a1cc952 installed
basesystem-11-13.fc36.noarch 1642630499 0 dba571494620c8a6bfeca553f1163aed installed
glibc-gconv-extra-2.35-4.fc36.x86_64 1646227189 8240428 7835acdb091a3b3586a42b1bfbf6950c installed
glibc-minimal-langpack-2.35-4.fc36.x86_64 1646227189 0 94be62eb457bbf93511f1d64efdedf75 installed
glibc-common-2.35-4.fc36.x86_64 1646227189 1106820 12dc463e53589d24d08cac769db43c50 installed
glibc-2.35-4.fc36.x86_64 1646227189 7196919 36d9137e96543ff133d531117f09ada4 installed
ncurses-libs-6.2-9.20210508.fc36.x86_64 1642712888 998407 3c11a161343f2f4224cc28aa37225ef3 installed
bash-5.1.16-2.fc36.x86_64 1642630501 7739755 c2f063aad0d16d66c18ed52708af9a5e installed
zlib-1.2.11-31.fc36.x86_64 1642831181 203649 38fa3fb04f7862726f75b0d6602fc07c installed
xz-libs-5.2.5-8.fc36.x86_64 1642830262 177469 ac4bcfcb76569b8c00c966cd286128d6 installed
bzip2-libs-1.0.8-11.fc36.x86_64 1642632623 78836 3f79c99f090f222f490eabbb7fb5872d installed
elfutils-libelf-0.186-3.fc36.x86_64 1648246221 1027705 57ebb8a5f89fcf46d01ebdbe5b798d88 installed
libstdc++-12.0.1-0.16.fc36.x86_64 1649865517 2574289 7c44063c381ed9630aeb8768449d616a installed
libuuid-2.38-0.2.fc36.x86_64 1643797740 34573 228e8c935592be591a95f2554d20a191 installed
libzstd-1.5.2-1.fc36.x86_64 1642873932 754683 6063f59a1f3b4f1b039d54068fe470ef installed
popt-1.18-7.fc36.x86_64 1642757136 130440 81d2c3e9b32b284814e1e38855672291 installed
gmp-1:6.2.1-2.fc36.x86_64 1642660331 818591 1d2f7b9ea8946d9fd6e35687258d0125 installed
libattr-2.5.1-4.fc36.x86_64 1642629571 29517 cae11279f7bc615b92b6e61b68fa1799 installed
libacl-2.3.1-3.fc36.x86_64 1642625839 37154 a48471e8a37641578b4ca2127aa9e4ca installed
libcap-2.48-4.fc36.x86_64 1642694897 182431 18c3777b2c5fec060043ed996d78efa9 installed
libxcrypt-4.4.28-1.fc36.x86_64 1643755468 275610 1630a8c08189b88adc8220de853ab24b installed
readline-8.1-6.fc36.x86_64 1642788670 493084 2727061b162461fec3a331fe7ea90bfd installed
libcom_err-1.46.5-2.fc36.x86_64 1642642651 69105 4c47f4581255ab7bd07cf8d5636105d8 installed
lz4-libs-1.9.3-4.fc36.x86_64 1642704042 145635 7782c95ab9818b1d34fa5bb0ac9bed44 installed
mpfr-4.1.0-9.fc36.x86_64 1642711397 814735 b977356a53fcdfc70283369cba52d112 installed
dwz-0.14-2.fc35.x86_64 1626907299 280646 8ae97d97b2c29bfe9e0ee73643bedfdd installed
unzip-6.0-57.fc36.x86_64 1642822937 401747 146b0e0f0d9385401229e773ab4e0573 installed
file-libs-5.41-4.fc36.x86_64 1642647844 8803794 774edd9c84a63f92a31db83265e067a6 installed
file-5.41-4.fc36.x86_64 1642647844 98501 b4bb774fa0a818425e03ad1528c246e1 installed
sqlite-libs-3.36.0-5.fc36.x86_64 1643075972 1359729 f7aa026c5842542736d89d70ca12a323 installed
alternatives-1.19-2.fc36.x86_64 1642634100 63928 b2d9351716ce9db74c48a7a7f2a43560 installed
libcap-ng-0.8.2-9.fc36.x86_64 1642694901 75492 bfc6ad10c981131b107be3fb31c7bdd1 installed
audit-libs-3.0.8-1.fc36.x86_64 1648593499 306025 7f791fcb82200f7eea1b074ee4408d0e installed
libsepol-3.3-3.fc36.x86_64 1642699393 755979 d7d42d2b0a04746edeb728f26f74b742 installed
libsmartcols-2.38-0.2.fc36.x86_64 1643797740 139651 187770b72676422cb16c566e9f6cc0e3 installed
libunistring-1.0-1.fc36.x86_64 1643012295 1853531 d562eec7faad17d8182a324b41c6697b installed
libidn2-2.3.2-4.fc36.x86_64 1642696768 291864 40a74bd33a6979a9910ede1b098fd05d installed
lua-libs-5.4.4-1.fc36.x86_64 1643742290 555942 20db82bfd14c52201755ca27e17f45b0 installed
libpsl-0.21.1-5.fc36.x86_64 1642698699 78688 ebdc5841d257b0441a3ce24bdbacf61a installed
zip-3.0-32.fc36.x86_64 1642831123 713023 f3112251a856198c3bca4d8b64ecff2a installed
zstd-1.5.2-1.fc36.x86_64 1642873932 1616072 60f551ae66c3a6e06abe8084b4c5114f installed
bzip2-1.0.8-11.fc36.x86_64 1642632623 94325 dd85e6cbb6418492ea0c233983a8e47a installed
libxml2-2.9.13-1.fc36.x86_64 1645437753 1965980 a1d8ae300d0f7ec9951d0b53bdad3f89 installed
elfutils-default-yama-scope-0.186-3.fc36.noarch 1648246300 1810 8858b2299fb16239320912304cb1f0bb installed
info-6.8-3.fc36.x86_64 1642819738 504062 ddcaaf58b7e5f4767f9c6fe9d4aecf16 installed
ed-1.14.2-12.fc36.x86_64 1642642895 129987 5a0c724feff9ab4c2e42f25cea9f2d70 installed
package-notes-srpm-macros-0.4-14.fc36.noarch 1643145346 4713 bfeed34ed3c2028d385fa2f00ff80692 installed
cpio-2.13-12.fc36.x86_64 1643049291 1084091 861963b0bf5770377bc00bbb2615da1f installed
diffutils-3.8-2.fc36.x86_64 1642639470 1511102 324ab1a6836c523a5c45478e562e12eb installed
gdbm-libs-1:1.22-2.fc36.x86_64 1642651758 129034 15c96f90cad76fb01e93485a3a19b443 installed
keyutils-libs-1.6.1-4.fc36.x86_64 1642689501 55961 9f8521c15f14ddaebe1b8978b243edac installed
libbrotli-1.0.9-7.fc36.x86_64 1642632154 780690 b25085c4451dddd85ed38e473292fcc7 installed
libdb-5.3.28-51.fc36.x86_64 1642695506 1947678 ec8aa1689281976686ce963e63eff9d4 installed
libeconf-0.4.0-3.fc36.x86_64 1642695618 46347 4559ef3856fcc7cf1e5392fcac9f35cb installed
pam-libs-1.5.2-12.fc36.x86_64 1645982270 131007 ada4f715b65bbd905513af2a97f731d6 installed
libffi-3.4.2-8.fc36.x86_64 1643635882 66449 1759345ee673bd9dcee538e41958eb47 installed
p11-kit-0.24.1-2.fc36.x86_64 1642719910 1678141 680d473635e5b27c6987bb2e7635d886 installed
libgomp-12.0.1-0.16.fc36.x86_64 1649865517 445756 79c56be7ed831f03ca5cd305ebee4cea installed
libgpg-error-1.44-1.fc36.x86_64 1643299300 890832 af55519242917d0408e0d79652dee474 installed
libgcrypt-1.10.1-1.fc36.x86_64 1648547206 1399633 b838a9adb825e76ab369b59cd0fb8d7c installed
systemd-libs-250.3-8.fc36.x86_64 1647607467 1778432 d98b3ed100240c459534173e585f98d6 installed
libnghttp2-1.46.0-2.fc36.x86_64 1642713778 162572 4189e0b83b5fade2d101b0c8d82efe32 installed
libpkgconf-1.8.0-2.fc36.x86_64 1642755895 76121 6501d6783e8579c0a3c0ac9614fa6ae1 installed
pkgconf-1.8.0-2.fc36.x86_64 1642755895 81611 d477253ad5ea8946cab5c4e826f11ccb installed
pkgconf-pkg-config-1.8.0-2.fc36.x86_64 1642755895 989 937809fc7bcbcc644b0f4b43e305674b installed
libsigsegv-2.14-2.fc36.x86_64 1642699528 50681 c7581a2aab8e3393f53fc6f778292025 installed
gawk-5.1.1-2.fc36.x86_64 1643206261 1718962 689226fa6bce6313706f06d71d5a0a7c installed
libtasn1-4.18.0-2.fc36.x86_64 1642699960 184130 d2444577fdce158192df8204e9ff6332 installed
p11-kit-trust-0.24.1-2.fc36.x86_64 1642719910 451463 1b19733ef50838dd05f5dd64184c50c7 installed
libverto-0.3.2-3.fc36.x86_64 1642700607 30453 f4be23a2cc0a013ac1a474e1e110e945 installed
pcre-8.45-1.fc36.1.x86_64 1642720880 547748 70b71b445d56033dfa6b1dbbd41fe773 installed
grep-3.7-2.fc36.x86_64 1642679658 883039 997f6c9327390cac692c31e2c4022fd1 installed
xz-5.2.5-8.fc36.x86_64 1642830262 685777 10b517e88eb293422a2ef0cb3472352b installed
pcre2-10.39-1.fc36.1.x86_64 1642720937 629402 971b82d0eff2bcf7d57f53511b6fddf6 installed
libselinux-3.3-4.fc36.x86_64 1643260237 173701 a06ed6d86dc419bf10de50646314a843 installed
sed-4.8-10.fc36.x86_64 1642814243 813663 9dd469a81b1fe4bf45d0d8d4008cc4d4 installed
findutils-1:4.9.0-1.fc36.x86_64 1643793544 1539935 94b599a506bfc69824e6061868da81a5 installed
libsemanage-3.3-3.fc36.x86_64 1645456730 304176 6c890c94c9c5d12e4d5fc63d63502ccc installed
shadow-utils-2:4.11.1-2.fc36.x86_64 1644511999 3811817 da1d0948acd0502ffce76d65b644a92e installed
libutempter-1.2.1-6.fc36.x86_64 1642700438 59641 83231d43a6d890933d9b1f745dabca0a installed
patch-2.7.6-16.fc36.x86_64 1642720694 257402 bed8003ecd4950f8d71281d5eec76a33 installed
tar-2:1.34-3.fc36.x86_64 1642819001 3156470 012796c638f65e67aee9fc85bbf2c2c0 installed
xxhash-libs-0.8.1-2.fc36.x86_64 1642830182 96960 f8668f6410d0c802216cabf31e7b6645 installed
coreutils-common-9.0-5.fc36.x86_64 1647850275 11033853 051510128b1af8763908508df9587ef8 installed
openssl-libs-1:3.0.2-1.fc36.x86_64 1647596888 6864131 5bb4d17753bf51be744708c389556518 installed
coreutils-9.0-5.fc36.x86_64 1647850275 5946226 358a6c1a46a0870a92426cfa82e362bf installed
ca-certificates-2021.2.52-3.fc36.noarch 1642632742 973668 bd3e2c2b69dbeb6649e2decedfa29fdd installed
krb5-libs-1.19.2-6.fc36.x86_64 1644401729 2199780 2cb0c5be92f7b24390f5a0ce5ed03160 installed
libblkid-2.38-0.2.fc36.x86_64 1643797740 235121 b80514e4714b53d8415c77915d22205f installed
libmount-2.38-0.2.fc36.x86_64 1643797740 319549 67518babe58e874d8cb331d0bc3e8c2f installed
libtirpc-1.3.2-1.rc1.fc36.1.x86_64 1642699969 208394 56301139d2c7e3860ef372f0c059bdb0 installed
authselect-libs-1.3.0-10.fc36.x86_64 1644854046 915927 3476e178944086103ef518b0446aa12b installed
gzip-1.11-2.fc36.x86_64 1642681413 379372 e855a31b99d1368b51cdbc6cbe8b769d installed
cracklib-2.9.6-28.fc36.x86_64 1642636972 252442 4aec21052ece4e183118be7db0633f94 installed
authselect-1.3.0-10.fc36.x86_64 1644854046 150790 9278d6cd5f9191326d59269254a7e26c installed
libnsl2-2.0.0-3.fc36.x86_64 1642698078 59630 d01b13b8766b3140b45fbe1fcfc64bda installed
libpwquality-1.4.4-7.fc36.x86_64 1642698729 416316 2d40bf657dab6406cc108d38278202ee installed
pam-1.5.2-12.fc36.x86_64 1645982270 1853042 55b0cbe32896484d9eddd8820a60d9e5 installed
util-linux-core-2.38-0.2.fc36.x86_64 1643797740 1348196 4a861d48edcb1a859b4c2a2546c2dd74 installed
libfdisk-2.38-0.2.fc36.x86_64 1643797740 373539 7a21a5c683baefea7304ce349b9eeaa3 installed
cyrus-sasl-lib-2.1.27-18.fc36.x86_64 1645610757 2443592 b25df35b72f94273f347dcc3b762e50b installed
libssh-0.9.6-4.fc36.x86_64 1643362901 513233 9e64fbc1ffd154ade9a0296cd257adca installed
libarchive-3.5.3-1.fc36.x86_64 1645090379 915518 64ffc0d29c7690eba05a641d9377a764 installed
libevent-2.1.12-6.fc36.x86_64 1642695913 932442 d3bcdaca05642e4031c6b00e4165e929 installed
openldap-2.6.1-2.fc36.x86_64 1643840557 653135 5feb5ebeb8e0e12e1dbf175cdc4a611c installed
libcurl-7.82.0-2.fc36.x86_64 1647351684 693654 7c8a0e3398dbed3f0bbc99587da42d94 installed
elfutils-libs-0.186-3.fc36.x86_64 1648246221 678725 8e69c846214d0be79a10cf1a2c16b1b4 installed
elfutils-debuginfod-client-0.186-3.fc36.x86_64 1648246221 58440 28827a4a1bb084b9c63c1fbb180e1ee6 installed
binutils-gold-2.37-24.fc36.x86_64 1642631183 2022411 cd946c81d9d878482cbf65eb3f930e14 installed
binutils-2.37-24.fc36.x86_64 1642631183 34669791 7658574d01c6e92b0c7f4a1dd9f30027 installed
elfutils-0.186-3.fc36.x86_64 1648246221 2788089 86068674a3efc19602691eb4c4a46b8e installed
gdb-minimal-11.2-3.fc36.x86_64 1648677835 12511284 2a0ef08ed3db77d0b14f7d9b059d59fe installed
debugedit-5.0-3.fc36.x86_64 1642638560 195467 2d3194c21b7841f066cf5e4034a4b886 installed
curl-7.82.0-2.fc36.x86_64 1647351684 700213 5cb4fda095aae4cc55f94e077152451d installed
rpm-4.17.0-10.fc36.x86_64 1647902967 2951645 3226c1f8d5174ce4a63dcba7e88bb5a1 installed
rpm-libs-4.17.0-10.fc36.x86_64 1647902967 775492 86749760ab46dafe5b199e379fdf199b installed
rpm-build-libs-4.17.0-10.fc36.x86_64 1647902967 199758 027a9d0dcb02466429f81cf476d980df installed
efi-srpm-macros-5-5.fc36.noarch 1642643073 41111 470773ad4c453110a362916e1f136e95 installed
lua-srpm-macros-1-6.fc36.noarch 1642703239 1314 35271c0a77060bce32f85499ea345349 installed
rpmautospec-rpm-macros-0.2.5-1.fc35.noarch 1628264740 698 8d7c0d5e1ebd255a29531ed50f7eac01 installed
fonts-srpm-macros-1:2.0.5-7.fc36.noarch 1642648991 56503 6e687e69f06621c5e903ae9b0790d024 installed
go-srpm-macros-3.0.15-1.fc36.noarch 1643565291 60321 db6ebf318996f5b1600d284ee6a7ef1b installed
python-srpm-macros-3.10-17.fc36.noarch 1644322751 44225 2dba89b85cb91ab3e71740d08ab704a5 installed
redhat-rpm-config-212-1.fc36.noarch 1642938563 183593 521769daea8f4a70f4c1efef01779444 installed
rpm-build-4.17.0-10.fc36.x86_64 1647902967 146020 2cfb74c95303d37cd74f02c46da1e5c2 installed
util-linux-2.38-0.2.fc36.x86_64 1643797740 11301201 7b71926e260e1fabd94f49a4f9693746 installed
which-2.21-32.fc36.x86_64 1642826022 82543 c60dd2177d3ac770db583ab5610a2a76 installed
php-common-8.1.4-1.fc36.x86_64 1647409624 16564556 47e89b82802fbbf3a4ebcf9c51085cf2 installed
php-fedora-autoloader-1.0.1-8.fc36.noarch 1642750658 15123 a365dd3d48bbe79a0c2c243bf93f013c installed
php-sebastian-recursion-context4-4.0.4-4.fc36.noarch 1642754455 8995 69cfc36a63ede390973a2cc37791c684 installed
php-doctrine-instantiator-1.4.1-1.fc36.noarch 1646312839 17271 90cbfd3d92c4cdd8af1555859301b47b installed
php-phar-io-version3-3.2.1-1.fc36.noarch 1645429726 31175 2fbc3776a59f74844525f7c97d115f12 installed
php-phpdocumentor-reflection-common2-2.2.0-6.fc36.noarch 1642753250 9019 136f402920e35a6cd0db498746e928aa installed
php-phpunit-php-file-iterator3-3.0.6-2.fc36.noarch 1642753657 16526 5798851d0405f2fbc2b9a1db5a0eb533 installed
php-sebastian-diff4-4.0.4-4.fc36.noarch 1642754360 60843 45e844e5bd59e6cc24ad568fbcd20f44 installed
php-sebastian-object-reflector2-2.0.4-4.fc36.noarch 1642754436 5848 b58e3cb12bbc1b1286fa69679b296563 installed
php-phpunit-php-text-template2-2.0.4-4.fc36.noarch 1642753704 8446 52cc19a9fbe2435155b199c4ecb6b65a installed
php-process-8.1.4-1.fc36.x86_64 1647409624 264252 724fee4252ece7a24d04404e026da578 installed
php-sebastian-environment5-5.1.3-4.fc36.noarch 1642754305 18684 83020202ba179616c1c474989207a946 installed
libsodium-1.0.18-9.fc36.x86_64 1642699641 364051 ccf50e20ed1047b6041bb89c47ced52c installed
libedit-3.1-41.20210910cvs.fc36.x86_64 1642695694 252973 efa5fe9ebce5d38b3abc13a28df1a192 installed
php-cli-8.1.4-1.fc36.x86_64 1647409624 25459219 95526420e8da06ddd030600c926c9959 installed
php-nikic-php-parser4-4.13.2-2.fc36.noarch 1642752089 940941 22a9eed2a911037b24219993d980cde3 installed
php-sebastian-complexity-2.0.2-4.fc36.noarch 1642754285 16897 2ce82c8bc396e815ac93f7e147cd660c installed
php-sebastian-lines-of-code-1.0.3-4.fc36.noarch 1642754407 14171 cc1d299810d14d7ca46365b8365a80fd installed
php-phpunit-php-invoker3-3.1.1-4.fc36.noarch 1642753725 6982 100000e42e8718f36d473c83176357eb installed
php-sebastian-global-state5-5.0.5-1.fc36.noarch 1644835769 26490 9e68445951876017e82c79a09c466aa0 installed
php-sebastian-object-enumerator4-4.0.4-1.fc36.3.noarch 1642754409 7205 995d923b6b923a874e4945abfb6a9847 installed
php-phpdocumentor-type-resolver1-1.6.0-2.fc36.noarch 1642753347 106939 747f96d230f47866d60c9f94ed49c52d installed
php-myclabs-deep-copy-1.11.0-1.fc36.noarch 1646386715 33661 2d230ecbc563c79eafdfbb30f3580b94 installed
php-phpunit-php-timer5-5.0.3-4.fc36.noarch 1642753728 12509 762fa9fb33101d9ae2256b92bce03cd3 installed
php-sebastian-cli-parser-1.0.1-4.fc36.noarch 1642754212 13051 45bdf3b0ae19da2c4bc3643f3bf450b0 installed
php-sebastian-code-unit-1.0.8-4.fc36.noarch 1642754225 36496 8dacaf2b82ca222048e2104d6e21191f installed
php-sebastian-code-unit-reverse-lookup2-2.0.3-4.fc36.noarch 1642754260 7884 f64cec06930e0a3ac11b1e4eef371150 installed
php-sebastian-resource-operations3-3.0.3-1.fc36.3.noarch 1642754484 75512 4747a94f90cafd96bcad87259465130d installed
php-sebastian-type2-2.3.4-3.fc36.noarch 1642754558 37100 86b163faee66298bc3411b0954901129 installed
php-theseer-directoryscanner-1.3.3-3.fc36.noarch 1642754818 20947 783656b5105e8d5c993d0d0ed28b6a05 installed
openssh-8.8p1-1.fc36.1.x86_64 1642718961 1948856 323dba278ce1f392e2f56d4f1fc6c7df installed
oniguruma-6.9.7.1-1.fc36.2.x86_64 1642717656 775818 82dde4e509cfcb8b009f3a6945d6a028 installed
php-mbstring-8.1.4-1.fc36.x86_64 1647409624 2172546 1cff1393b1ff1c629391837f18742de8 installed
php-sebastian-exporter4-4.0.4-2.fc36.noarch 1642754417 15958 b8bc8a30ae540732b75be6623404b62b installed
php-webmozart-assert-1.10.0-2.fc36.noarch 1642754923 151835 d25c17a55a29538149e3d88a4bcc9816 installed
php-phpdocumentor-reflection-docblock5-5.3.0-2.fc36.noarch 1642753278 141493 ba6460be145227764f3828b069cdfe38 installed
ncurses-6.2-9.20210508.fc36.x86_64 1642712888 626868 15bd45907f487de132635a694cf28c96 installed
libxslt-1.1.35-1.fc36.x86_64 1645032836 780206 ed25d48c366de7db912afe0b4e0d671f installed
php-xml-8.1.4-1.fc36.x86_64 1647409624 932100 fe92ec29cfd5f0dc28bf70f5d44d084b installed
php-sebastian-comparator4-4.0.6-4.fc36.noarch 1642754320 46285 f801a223085b628a8071cc076c673bee installed
php-phpspec-prophecy-1.15.0-2.fc36.noarch 1642753492 233225 f125ed9e7574ea404fa0baa1a21946c3 installed
php-phar-io-manifest2-2.0.3-3.fc36.noarch 1642753255 59865 d877cfc68d235d64cbb86ce8da935958 installed
php-theseer-tokenizer-1.2.1-2.fc36.noarch 1642754875 14417 4cb01277e38661e34d0bf8f5006443c3 installed
php-zetacomponents-base-1.9.3-3.fc36.noarch 1642755058 414432 f06b6005f9cbe2beda70d1e5bfac66e9 installed
php-zetacomponents-console-tools-1.7.3-2.fc36.noarch 1642755189 420963 dce86e6a1fb75026ce3c0c86e23ff010 installed
php-theseer-autoload-1.27.1-1.fc36.noarch 1643183950 142265 fb55822962326f8e87645b5974648e3b installed
libicu-69.1-5.fc36.x86_64 1643835357 34558289 6a6c1916131361df77f369e502e1577d installed
libcbor-0.7.0-5.fc36.x86_64 1642695116 99874 5a2d2c8c5ed8cc57ea3ff8d534d4caee installed
libfido2-1.10.0-3.fc36.x86_64 1645069318 236638 b0a86bca2796a7b5c451e6664cfad0af installed
openssh-clients-8.8p1-1.fc36.1.x86_64 1642718961 2130428 37c20d91c21d697ce92d2d3783eaede6 installed
less-590-3.fc36.x86_64 1642693846 367280 f227077dd95c999dbd1797b4d37d60f2 installed
groff-base-1.22.4-9.fc36.x86_64 1643251595 4092032 7c0086274e28aaaf8f1b0e1d889face4 installed
perl-Text-Tabs+Wrap-2021.0814-2.fc36.noarch 1642745785 23226 1acbb4123ceca04fffb63b5686b0b3a2 installed
perl-if-0:0.60.900-486.fc36.noarch 1647415741 6888 591c55469b8d96e6e7fbdb208d4c1906 installed
perl-Time-Local-2:1.300-479.fc36.noarch 1642746259 67344 8064f2ac2e81d344e921f508fc79d3a1 installed
perl-File-Path-2.18-479.fc36.noarch 1642729776 65334 e9aefd1d9a028f3066d2b8defe991d1a installed
perl-Pod-Escapes-1:1.07-479.fc36.noarch 1642740358 25763 190f1566271679c2c58f6254f7bdffff installed
perl-Class-Struct-0:0.66-486.fc36.noarch 1647415741 26954 dd7d4a6451ea884fbab0eccae80aaa30 installed
perl-POSIX-0:1.97-486.fc36.x86_64 1647415621 242804 2970e4908c1733bb84d22338be9f6056 installed
perl-Term-ANSIColor-5.01-480.fc36.noarch 1642743310 100302 07a4108dc13f48689f1d1e02a3d77a6b installed
perl-IPC-Open3-0:1.21-486.fc36.noarch 1647415741 25044 7d009052a41ed12d4f28212d3b45c66f installed
perl-HTTP-Tiny-0.080-2.fc36.noarch 1642732155 153920 e4f0d0f60421c042adcbfb62b200d4f7 installed
perl-subs-0:1.04-486.fc36.noarch 1647415741 3104 4d442c516d2fb07056c329f79c13857c installed
perl-File-Temp-1:0.231.100-479.fc36.noarch 1642729934 166550 3597d63a0d410d4d6f36cf0902f8f66f installed
perl-Term-Cap-1.17-479.fc36.noarch 1642743222 29850 24af889154d8b8da94000966f0d17231 installed
perl-Pod-Simple-1:3.43-3.fc36.noarch 1642740387 577370 091085f9a4647e3040ebe0f88787e274 installed
perl-Socket-4:2.032-3.fc36.x86_64 1642741813 125174 d3451ff76adf49f0e4ab51f5fa8f2e68 installed
perl-SelectSaver-0:1.02-486.fc36.noarch 1647415741 3172 0620c06c6d2bb0b6db10af59eeccc8a9 installed
perl-Symbol-0:1.09-486.fc36.noarch 1647415741 7953 d2ec02d641ac811e501c5b8c6e031be8 installed
perl-File-stat-0:1.09-486.fc36.noarch 1647415741 13948 55cbe4587e441f4eb214af21066b6c35 installed
perl-podlators-1:4.14-479.fc36.noarch 1642748906 288741 693f57fe68079ed854ddeed6d89a0185 installed
perl-Pod-Perldoc-3.28.01-480.fc36.noarch 1642740398 170951 52e03725a123a239fe8f12e1e3b261e7 installed
perl-Fcntl-0:1.14-486.fc36.x86_64 1647415621 30660 295ee7592b509121f96fa864fded470d installed
perl-Text-ParseWords-3.30-479.fc36.noarch 1642745672 13100 57cf4bf592aa814363ad5e89e8929436 installed
perl-mro-0:1.25-486.fc36.x86_64 1647415621 43934 0e34562e37b2be69c50162a9eb234d90 installed
perl-IO-0:1.46-486.fc36.x86_64 1647415621 161296 0034c228d74c0a53784ffda65d765d20 installed
perl-overloading-0:0.02-486.fc36.noarch 1647415741 5893 c0622e1abf9d296681f5db862e750fbb installed
perl-Pod-Usage-4:2.01-479.fc36.noarch 1642740484 87186 129a494c3b4beae416d711ca0bf83088 installed
perl-Errno-0:1.33-486.fc36.x86_64 1647415621 9521 2fc5b155cee498a453b543b453b65f36 installed
perl-File-Basename-0:2.85-486.fc36.noarch 1647415741 15339 aa0eb9c49eb03ef3d73a5055d07d8dd9 installed
perl-Getopt-Std-0:1.13-486.fc36.noarch 1647415741 12304 5a97511d1c2b78d14bc3c611f169837f installed
perl-MIME-Base64-3.16-479.fc36.x86_64 1642734560 48047 5b060467ddd52d2d7d37b07e514c0cc1 installed
perl-Scalar-List-Utils-5:1.62-464.fc36.x86_64 1647973079 146034 5ef8af8c4ef64432941805a7145b750d installed
perl-constant-1.33-480.fc36.noarch 1642748583 27105 034e7ed4203c5bf6e0f36d35ffead6a3 installed
perl-Storable-1:3.25-2.fc36.x86_64 1642742130 233400 9a6259dd9d7f85aa2bc3abcb6ff8e029 installed
perl-overload-0:1.33-486.fc36.noarch 1647415741 72868 4280c482b6efcc9c342c1181ac282c80 installed
perl-parent-1:0.238-479.fc36.noarch 1642748850 9535 bba064692957507b259163734a53f7c5 installed
perl-vars-0:1.05-486.fc36.noarch 1647415741 4926 8df0bf4a5c5b00148e2375f1fbf46f6d installed
perl-Getopt-Long-1:2.52-479.fc36.noarch 1642730671 139937 18d12b03d82766d1f8f305f84fea23ae installed
perl-DynaLoader-0:1.50-486.fc36.x86_64 1647415621 33060 da7278f5a1d0e1d7cc7ab55c70c2059a installed
perl-Carp-1.52-479.fc36.noarch 1642723267 47923 5f0b648c5c06005f44d2006295ab560c installed
perl-Exporter-5.76-480.fc36.noarch 1642728998 55296 1de0e33314daff0a8fbb644f1b8cbe6c installed
perl-PathTools-3.80-479.fc36.x86_64 1642739668 182430 03ff4865e90fb623d4fadfb354ad663b installed
perl-Encode-4:3.16-484.fc36.x86_64 1642728483 10241558 bb485f3f447869453c7319849653afab installed
perl-libs-4:5.34.1-486.fc36.x86_64 1647415621 9045623 37fc7c465a2d5e6f884a4867ebe6c6e3 installed
perl-interpreter-4:5.34.1-486.fc36.x86_64 1647415621 120770 f7aa2f7778ffd37aa9d44d341754c502 installed
perl-Error-1:0.17029-8.fc36.noarch 1642728701 79692 3a5617307f20200cac684238f58ee35c installed
perl-File-Find-0:1.39-486.fc36.noarch 1647415741 39541 455ad3006b267ed61509625e369dc3f6 installed
perl-TermReadKey-2.38-12.fc36.x86_64 1642743565 66203 8ade8628bd0bef78dcd48bfcbe6e08a0 installed
perl-lib-0:0.65-486.fc36.x86_64 1647415621 9672 b71ea77e0becb0aeab01d2108f9bd51a installed
expat-2.4.7-1.fc36.x86_64 1646655017 285003 88f6e80b48b683940e6949346c7c64eb installed
git-core-2.35.1-1.fc36.x86_64 1643434132 18475944 a4fbcebd4f296c0d475a94e6c7f58040 installed
git-core-doc-2.35.1-1.fc36.noarch 1643434258 16211202 07ec2cc66bd66f945ecf3e31ce7ec817 installed
perl-Git-2.35.1-1.fc36.noarch 1643434258 66142 5cd920a7c5c947dec2eb2c9a2223494e installed
git-2.35.1-1.fc36.x86_64 1643434132 135005 f414100e2b56cc35b9237aa78737a8d6 installed
php-sebastian-version3-3.0.2-4.fc36.noarch 1642754588 7497 59d7ecee6b60d9b81ca05465b397bd42 installed
php-phpunit-php-code-coverage9-9.2.15-1.fc36.noarch 1646648966 1087805 f7050c491afd333c7d2b3eb40bb14806 installed
phpunit9-9.5.18-1.fc36.noarch 1646735166 1421001 a3ca6f8bae0aa9a430a6ff5e74f1a405 installed
php-intl-8.1.4-1.fc36.x86_64 1647409624 995802 f0d7749ea7208a90e65039ef76461297 installed
php-fedora-autoloader-devel-1.0.1-8.fc36.noarch 1642750658 8493 2a21813fe50e0fcdb1758c8cab8cf1d8 installed
minisign-0.10-2.fc36.x86_64 1642709476 38901 e4a52adda88855e9bb84d23d84e1068e installed
php-sodium-8.1.4-1.fc36.x86_64 1647409624 226118 1a82b16e89b629fc15e4fa5fd90f5b29 installed
php-pdo-8.1.4-1.fc36.x86_64 1647409624 483910 6d6fe52afd83f77a758f165032275946 installed
