2022-04-19 09:17:51,510 - Mock Version: 3.0
2022-04-19 09:17:51,530 - Start: clean chroot
2022-04-19 09:17:57,446 - Finish: clean chroot
2022-04-19 09:17:57,452 - Start(bootstrap): chroot init
2022-04-19 09:17:57,556 - Start(bootstrap): cleaning package manager metadata
2022-04-19 09:17:57,557 - Finish(bootstrap): cleaning package manager metadata
2022-04-19 09:17:58,107 - Finish(bootstrap): chroot init
2022-04-19 09:17:58,115 - Start: chroot init
2022-04-19 09:17:58,164 - Start: unpacking root cache
2022-04-19 09:18:00,766 - Finish: unpacking root cache
2022-04-19 09:18:00,772 - Start: cleaning package manager metadata
2022-04-19 09:18:00,776 - Finish: cleaning package manager metadata
2022-04-19 09:18:01,833 - Start: dnf update
2022-04-19 09:18:10,170 - Finish: dnf update
2022-04-19 09:18:10,181 - Finish: chroot init
2022-04-19 09:18:10,187 - Start: build phase for php-fkooman-secookie-6.0.0-1.fc34.src.rpm
2022-04-19 09:18:10,189 - Start: build setup for php-fkooman-secookie-6.0.0-1.fc34.src.rpm
2022-04-19 09:19:02,517 - Finish: build setup for php-fkooman-secookie-6.0.0-1.fc34.src.rpm
2022-04-19 09:19:02,518 - Start: Outputting list of installed packages
2022-04-19 09:19:02,725 - Finish: Outputting list of installed packages
2022-04-19 09:19:02,725 - Start: rpmbuild php-fkooman-secookie-6.0.0-1.fc34.src.rpm
2022-04-19 09:19:03,708 - Finish: rpmbuild php-fkooman-secookie-6.0.0-1.fc34.src.rpm
2022-04-19 09:19:03,715 - Finish: build phase for php-fkooman-secookie-6.0.0-1.fc34.src.rpm
