2022-04-18 17:18:57,334 - Mock Version: 3.0
2022-04-18 17:18:57,345 - Start: clean chroot
2022-04-18 17:19:01,388 - Finish: clean chroot
2022-04-18 17:19:01,395 - Start(bootstrap): chroot init
2022-04-18 17:19:01,509 - Start(bootstrap): cleaning package manager metadata
2022-04-18 17:19:01,511 - Finish(bootstrap): cleaning package manager metadata
2022-04-18 17:19:02,041 - Finish(bootstrap): chroot init
2022-04-18 17:19:02,049 - Start: chroot init
2022-04-18 17:19:02,110 - Start: unpacking root cache
2022-04-18 17:19:05,117 - Finish: unpacking root cache
2022-04-18 17:19:05,123 - Start: cleaning package manager metadata
2022-04-18 17:19:05,125 - Finish: cleaning package manager metadata
2022-04-18 17:19:06,167 - Start: dnf update
2022-04-18 17:19:16,898 - Finish: dnf update
2022-04-18 17:19:16,911 - Finish: chroot init
2022-04-18 17:19:16,915 - Start: build phase for php-fkooman-oauth2-server-7.0.0-1.fc34.src.rpm
2022-04-18 17:19:16,917 - Start: build setup for php-fkooman-oauth2-server-7.0.0-1.fc34.src.rpm
2022-04-19 09:19:03,945 - Mock Version: 3.0
2022-04-19 09:19:03,955 - Start: clean chroot
2022-04-19 09:19:09,204 - Finish: clean chroot
2022-04-19 09:19:09,210 - Start(bootstrap): chroot init
2022-04-19 09:19:09,319 - Start(bootstrap): cleaning package manager metadata
2022-04-19 09:19:09,321 - Finish(bootstrap): cleaning package manager metadata
2022-04-19 09:19:09,826 - Finish(bootstrap): chroot init
2022-04-19 09:19:09,833 - Start: chroot init
2022-04-19 09:19:09,889 - Start: unpacking root cache
2022-04-19 09:19:11,989 - Finish: unpacking root cache
2022-04-19 09:19:11,996 - Start: cleaning package manager metadata
2022-04-19 09:19:12,000 - Finish: cleaning package manager metadata
2022-04-19 09:19:13,199 - Start: dnf update
2022-04-19 09:19:21,140 - Finish: dnf update
2022-04-19 09:19:21,153 - Finish: chroot init
2022-04-19 09:19:21,157 - Start: build phase for php-fkooman-oauth2-server-7.0.0-1.fc34.src.rpm
2022-04-19 09:19:21,159 - Start: build setup for php-fkooman-oauth2-server-7.0.0-1.fc34.src.rpm
2022-04-19 09:19:40,986 - Finish: build setup for php-fkooman-oauth2-server-7.0.0-1.fc34.src.rpm
2022-04-19 09:19:40,987 - Start: rpmbuild php-fkooman-oauth2-server-7.0.0-1.fc34.src.rpm
2022-04-19 09:19:42,133 - Finish: rpmbuild php-fkooman-oauth2-server-7.0.0-1.fc34.src.rpm
2022-04-19 09:19:42,141 - Finish: build phase for php-fkooman-oauth2-server-7.0.0-1.fc34.src.rpm
