2022-04-18 17:02:56,849 - Mock Version: 3.0
2022-04-18 17:02:56,881 - Start: clean chroot
2022-04-18 17:03:02,106 - Finish: clean chroot
2022-04-18 17:03:02,113 - Start(bootstrap): chroot init
2022-04-18 17:03:02,226 - Start(bootstrap): cleaning package manager metadata
2022-04-18 17:03:02,228 - Finish(bootstrap): cleaning package manager metadata
2022-04-18 17:03:02,763 - Finish(bootstrap): chroot init
2022-04-18 17:03:02,771 - Start: chroot init
2022-04-18 17:03:02,819 - Start: unpacking root cache
2022-04-18 17:03:04,853 - Finish: unpacking root cache
2022-04-18 17:03:04,859 - Start: cleaning package manager metadata
2022-04-18 17:03:04,863 - Finish: cleaning package manager metadata
2022-04-18 17:03:05,909 - Start: dnf update
2022-04-18 17:03:10,431 - Finish: dnf update
2022-04-18 17:03:10,445 - Finish: chroot init
2022-04-18 17:03:10,449 - Start: build phase for vpn-ca-4.0.1-1.fc34.src.rpm
2022-04-18 17:03:10,451 - Start: build setup for vpn-ca-4.0.1-1.fc34.src.rpm
2022-04-18 17:04:15,457 - Finish: build setup for vpn-ca-4.0.1-1.fc34.src.rpm
2022-04-18 17:04:15,458 - Start: rpmbuild vpn-ca-4.0.1-1.fc34.src.rpm
2022-04-18 17:04:31,281 - Finish: rpmbuild vpn-ca-4.0.1-1.fc34.src.rpm
2022-04-18 17:04:31,307 - Finish: build phase for vpn-ca-4.0.1-1.fc34.src.rpm
2022-04-19 09:15:31,220 - Mock Version: 3.0
