2022-04-18 17:14:29,783 - Mock Version: 3.0
2022-04-18 17:14:29,794 - Start: clean chroot
2022-04-18 17:14:36,915 - Finish: clean chroot
2022-04-18 17:14:36,922 - Start(bootstrap): chroot init
2022-04-18 17:14:37,010 - Start(bootstrap): cleaning package manager metadata
2022-04-18 17:14:37,012 - Finish(bootstrap): cleaning package manager metadata
2022-04-18 17:14:37,484 - Finish(bootstrap): chroot init
2022-04-18 17:14:37,492 - Start: chroot init
2022-04-18 17:14:37,529 - Start: unpacking root cache
2022-04-18 17:14:39,396 - Finish: unpacking root cache
2022-04-18 17:14:39,402 - Start: cleaning package manager metadata
2022-04-18 17:14:39,406 - Finish: cleaning package manager metadata
2022-04-18 17:14:40,469 - Start: dnf update
2022-04-18 17:14:45,035 - Finish: dnf update
2022-04-18 17:14:45,048 - Finish: chroot init
2022-04-18 17:14:45,053 - Start: build phase for vpn-server-node-2.99.0-1.fc34.src.rpm
2022-04-18 17:14:45,055 - Start: build setup for vpn-server-node-2.99.0-1.fc34.src.rpm
2022-04-18 17:14:58,423 - Finish: build setup for vpn-server-node-2.99.0-1.fc34.src.rpm
2022-04-18 17:14:58,425 - Start: rpmbuild vpn-server-node-2.99.0-1.fc34.src.rpm
2022-04-18 17:14:59,453 - Finish: rpmbuild vpn-server-node-2.99.0-1.fc34.src.rpm
2022-04-18 17:14:59,462 - Finish: build phase for vpn-server-node-2.99.0-1.fc34.src.rpm
2022-04-19 09:17:13,324 - Mock Version: 3.0
