2022-04-18 17:04:31,676 - Mock Version: 3.0
2022-04-18 17:04:31,695 - Start: clean chroot
2022-04-18 17:04:37,600 - Finish: clean chroot
2022-04-18 17:04:37,607 - Start(bootstrap): chroot init
2022-04-18 17:04:37,713 - Start(bootstrap): cleaning package manager metadata
2022-04-18 17:04:37,720 - Finish(bootstrap): cleaning package manager metadata
2022-04-18 17:04:38,261 - Finish(bootstrap): chroot init
2022-04-18 17:04:38,268 - Start: chroot init
2022-04-18 17:04:38,313 - Start: unpacking root cache
2022-04-18 17:04:40,967 - Finish: unpacking root cache
2022-04-18 17:04:40,973 - Start: cleaning package manager metadata
2022-04-18 17:04:40,997 - Finish: cleaning package manager metadata
2022-04-18 17:04:42,263 - Start: dnf update
2022-04-18 17:04:47,817 - Finish: dnf update
2022-04-18 17:04:47,830 - Finish: chroot init
2022-04-18 17:04:47,834 - Start: build phase for vpn-daemon-3.0.0-0.7.fc34.src.rpm
2022-04-18 17:04:47,836 - Start: build setup for vpn-daemon-3.0.0-0.7.fc34.src.rpm
2022-04-18 17:05:16,732 - Finish: build setup for vpn-daemon-3.0.0-0.7.fc34.src.rpm
2022-04-18 17:05:16,733 - Start: rpmbuild vpn-daemon-3.0.0-0.7.fc34.src.rpm
2022-04-18 17:05:40,881 - Finish: rpmbuild vpn-daemon-3.0.0-0.7.fc34.src.rpm
2022-04-18 17:05:40,904 - Finish: build phase for vpn-daemon-3.0.0-0.7.fc34.src.rpm
2022-04-19 09:15:31,263 - Mock Version: 3.0
