Mock Version: 3.0
ENTER ['do_with_status'](['bash', '--login', '-c', '/usr/bin/rpmbuild -bs --target x86_64 --nodeps /builddir/build/SPECS/vpn-portal-artwork-LC.spec'], chrootPath='/var/lib/mock/fedora-36-x86_64/root'env={'TERM': 'vt100', 'SHELL': '/bin/bash', 'HOME': '/builddir', 'HOSTNAME': 'mock', 'PATH': '/usr/bin:/bin:/usr/sbin:/sbin', 'PROMPT_COMMAND': 'printf "\\033]0;<mock-chroot>\\007"', 'PS1': '<mock-chroot> \\s-\\v\\$ ', 'LANG': 'C.UTF-8'}shell=Falselogger=<mockbuild.trace_decorator.getLog object at 0x7fc1277940d0>timeout=0uid=1000gid=135user='mockbuild'nspawn_args=['--capability=cap_ipc_lock', '--bind=/tmp/mock-resolv.tx9bp0fv:/etc/resolv.conf', '--bind=/dev/btrfs-control', '--bind=/dev/loop-control', '--bind=/dev/loop0', '--bind=/dev/loop1', '--bind=/dev/loop2', '--bind=/dev/loop3', '--bind=/dev/loop4', '--bind=/dev/loop5', '--bind=/dev/loop6', '--bind=/dev/loop7', '--bind=/dev/loop8', '--bind=/dev/loop9', '--bind=/dev/loop10', '--bind=/dev/loop11']unshare_net=TrueprintOutput=True)
Using nspawn with args ['--capability=cap_ipc_lock', '--bind=/tmp/mock-resolv.tx9bp0fv:/etc/resolv.conf', '--bind=/dev/btrfs-control', '--bind=/dev/loop-control', '--bind=/dev/loop0', '--bind=/dev/loop1', '--bind=/dev/loop2', '--bind=/dev/loop3', '--bind=/dev/loop4', '--bind=/dev/loop5', '--bind=/dev/loop6', '--bind=/dev/loop7', '--bind=/dev/loop8', '--bind=/dev/loop9', '--bind=/dev/loop10', '--bind=/dev/loop11']
Executing command: ['/usr/bin/systemd-nspawn', '-q', '-M', 'cea7a8155d00494894ba4a850d3e6309', '-D', '/var/lib/mock/fedora-36-x86_64/root', '-a', '-u', 'mockbuild', '--capability=cap_ipc_lock', '--bind=/tmp/mock-resolv.tx9bp0fv:/etc/resolv.conf', '--bind=/dev/btrfs-control', '--bind=/dev/loop-control', '--bind=/dev/loop0', '--bind=/dev/loop1', '--bind=/dev/loop2', '--bind=/dev/loop3', '--bind=/dev/loop4', '--bind=/dev/loop5', '--bind=/dev/loop6', '--bind=/dev/loop7', '--bind=/dev/loop8', '--bind=/dev/loop9', '--bind=/dev/loop10', '--bind=/dev/loop11', '--console=pipe', '--setenv=TERM=vt100', '--setenv=SHELL=/bin/bash', '--setenv=HOME=/builddir', '--setenv=HOSTNAME=mock', '--setenv=PATH=/usr/bin:/bin:/usr/sbin:/sbin', '--setenv=PROMPT_COMMAND=printf "\\033]0;<mock-chroot>\\007"', '--setenv=PS1=<mock-chroot> \\s-\\v\\$ ', '--setenv=LANG=C.UTF-8', '--resolv-conf=off', 'bash', '--login', '-c', '/usr/bin/rpmbuild -bs --target x86_64 --nodeps /builddir/build/SPECS/vpn-portal-artwork-LC.spec'] with env {'TERM': 'vt100', 'SHELL': '/bin/bash', 'HOME': '/builddir', 'HOSTNAME': 'mock', 'PATH': '/usr/bin:/bin:/usr/sbin:/sbin', 'PROMPT_COMMAND': 'printf "\\033]0;<mock-chroot>\\007"', 'PS1': '<mock-chroot> \\s-\\v\\$ ', 'LANG': 'C.UTF-8', 'SYSTEMD_NSPAWN_TMPFS_TMP': '0', 'SYSTEMD_SECCOMP': '0'} and shell False
Building target platforms: x86_64
Building for target x86_64
setting SOURCE_DATE_EPOCH=1643155200
Wrote: /builddir/build/SRPMS/vpn-portal-artwork-LC-3.0.0-0.3.fc36.src.rpm
Child return code was: 0
ENTER ['do_with_status'](['bash', '--login', '-c', '/usr/bin/rpmbuild -bb --target x86_64 --nodeps /builddir/build/SPECS/vpn-portal-artwork-LC.spec'], chrootPath='/var/lib/mock/fedora-36-x86_64/root'env={'TERM': 'vt100', 'SHELL': '/bin/bash', 'HOME': '/builddir', 'HOSTNAME': 'mock', 'PATH': '/usr/bin:/bin:/usr/sbin:/sbin', 'PROMPT_COMMAND': 'printf "\\033]0;<mock-chroot>\\007"', 'PS1': '<mock-chroot> \\s-\\v\\$ ', 'LANG': 'C.UTF-8'}shell=Falselogger=<mockbuild.trace_decorator.getLog object at 0x7fc1277940d0>timeout=0uid=1000gid=135user='mockbuild'nspawn_args=['--capability=cap_ipc_lock', '--bind=/tmp/mock-resolv.tx9bp0fv:/etc/resolv.conf', '--bind=/dev/btrfs-control', '--bind=/dev/loop-control', '--bind=/dev/loop0', '--bind=/dev/loop1', '--bind=/dev/loop2', '--bind=/dev/loop3', '--bind=/dev/loop4', '--bind=/dev/loop5', '--bind=/dev/loop6', '--bind=/dev/loop7', '--bind=/dev/loop8', '--bind=/dev/loop9', '--bind=/dev/loop10', '--bind=/dev/loop11']unshare_net=TrueprintOutput=True)
Using nspawn with args ['--capability=cap_ipc_lock', '--bind=/tmp/mock-resolv.tx9bp0fv:/etc/resolv.conf', '--bind=/dev/btrfs-control', '--bind=/dev/loop-control', '--bind=/dev/loop0', '--bind=/dev/loop1', '--bind=/dev/loop2', '--bind=/dev/loop3', '--bind=/dev/loop4', '--bind=/dev/loop5', '--bind=/dev/loop6', '--bind=/dev/loop7', '--bind=/dev/loop8', '--bind=/dev/loop9', '--bind=/dev/loop10', '--bind=/dev/loop11']
Executing command: ['/usr/bin/systemd-nspawn', '-q', '-M', '4337b49079604e2fb412c3cf26d302e8', '-D', '/var/lib/mock/fedora-36-x86_64/root', '-a', '-u', 'mockbuild', '--capability=cap_ipc_lock', '--bind=/tmp/mock-resolv.tx9bp0fv:/etc/resolv.conf', '--bind=/dev/btrfs-control', '--bind=/dev/loop-control', '--bind=/dev/loop0', '--bind=/dev/loop1', '--bind=/dev/loop2', '--bind=/dev/loop3', '--bind=/dev/loop4', '--bind=/dev/loop5', '--bind=/dev/loop6', '--bind=/dev/loop7', '--bind=/dev/loop8', '--bind=/dev/loop9', '--bind=/dev/loop10', '--bind=/dev/loop11', '--console=pipe', '--setenv=TERM=vt100', '--setenv=SHELL=/bin/bash', '--setenv=HOME=/builddir', '--setenv=HOSTNAME=mock', '--setenv=PATH=/usr/bin:/bin:/usr/sbin:/sbin', '--setenv=PROMPT_COMMAND=printf "\\033]0;<mock-chroot>\\007"', '--setenv=PS1=<mock-chroot> \\s-\\v\\$ ', '--setenv=LANG=C.UTF-8', '--resolv-conf=off', 'bash', '--login', '-c', '/usr/bin/rpmbuild -bb --target x86_64 --nodeps /builddir/build/SPECS/vpn-portal-artwork-LC.spec'] with env {'TERM': 'vt100', 'SHELL': '/bin/bash', 'HOME': '/builddir', 'HOSTNAME': 'mock', 'PATH': '/usr/bin:/bin:/usr/sbin:/sbin', 'PROMPT_COMMAND': 'printf "\\033]0;<mock-chroot>\\007"', 'PS1': '<mock-chroot> \\s-\\v\\$ ', 'LANG': 'C.UTF-8', 'SYSTEMD_NSPAWN_TMPFS_TMP': '0', 'SYSTEMD_SECCOMP': '0'} and shell False
Building target platforms: x86_64
Building for target x86_64
setting SOURCE_DATE_EPOCH=1643155200
Executing(%prep): /bin/sh -e /var/tmp/rpm-tmp.2YDYe0
+ umask 022
+ cd /builddir/build/BUILD
+ cd /builddir/build/BUILD
+ rm -rf vpn-portal-artwork-LC-4c3783e79233dfee57beba3d076fc4ab236a5cc6
+ /usr/bin/gzip -dc /builddir/build/SOURCES/4c3783e79233dfee57beba3d076fc4ab236a5cc6.tar.gz
+ /usr/bin/tar -xof -
+ STATUS=0
+ '[' 0 -ne 0 ']'
+ cd vpn-portal-artwork-LC-4c3783e79233dfee57beba3d076fc4ab236a5cc6
+ /usr/bin/chmod -Rf a+rX,u+w,g-w,o-w .
+ RPM_EC=0
++ jobs -p
+ exit 0
Executing(%install): /bin/sh -e /var/tmp/rpm-tmp.5Rvdg5
+ umask 022
+ cd /builddir/build/BUILD
+ '[' /builddir/build/BUILDROOT/vpn-portal-artwork-LC-3.0.0-0.3.fc36.x86_64 '!=' / ']'
+ rm -rf /builddir/build/BUILDROOT/vpn-portal-artwork-LC-3.0.0-0.3.fc36.x86_64
++ dirname /builddir/build/BUILDROOT/vpn-portal-artwork-LC-3.0.0-0.3.fc36.x86_64
+ mkdir -p /builddir/build/BUILDROOT
+ mkdir /builddir/build/BUILDROOT/vpn-portal-artwork-LC-3.0.0-0.3.fc36.x86_64
+ CFLAGS='-O2 -flto=auto -ffat-lto-objects -fexceptions -g -grecord-gcc-switches -pipe -Wall -Werror=format-security -Wp,-D_FORTIFY_SOURCE=2 -Wp,-D_GLIBCXX_ASSERTIONS -specs=/usr/lib/rpm/redhat/redhat-hardened-cc1 -fstack-protector-strong -specs=/usr/lib/rpm/redhat/redhat-annobin-cc1  -m64  -mtune=generic -fasynchronous-unwind-tables -fstack-clash-protection -fcf-protection'
+ export CFLAGS
+ CXXFLAGS='-O2 -flto=auto -ffat-lto-objects -fexceptions -g -grecord-gcc-switches -pipe -Wall -Werror=format-security -Wp,-D_FORTIFY_SOURCE=2 -Wp,-D_GLIBCXX_ASSERTIONS -specs=/usr/lib/rpm/redhat/redhat-hardened-cc1 -fstack-protector-strong -specs=/usr/lib/rpm/redhat/redhat-annobin-cc1  -m64  -mtune=generic -fasynchronous-unwind-tables -fstack-clash-protection -fcf-protection'
+ export CXXFLAGS
+ FFLAGS='-O2 -flto=auto -ffat-lto-objects -fexceptions -g -grecord-gcc-switches -pipe -Wall -Werror=format-security -Wp,-D_FORTIFY_SOURCE=2 -Wp,-D_GLIBCXX_ASSERTIONS -specs=/usr/lib/rpm/redhat/redhat-hardened-cc1 -fstack-protector-strong -specs=/usr/lib/rpm/redhat/redhat-annobin-cc1  -m64  -mtune=generic -fasynchronous-unwind-tables -fstack-clash-protection -fcf-protection -I/usr/lib64/gfortran/modules'
+ export FFLAGS
+ FCFLAGS='-O2 -flto=auto -ffat-lto-objects -fexceptions -g -grecord-gcc-switches -pipe -Wall -Werror=format-security -Wp,-D_FORTIFY_SOURCE=2 -Wp,-D_GLIBCXX_ASSERTIONS -specs=/usr/lib/rpm/redhat/redhat-hardened-cc1 -fstack-protector-strong -specs=/usr/lib/rpm/redhat/redhat-annobin-cc1  -m64  -mtune=generic -fasynchronous-unwind-tables -fstack-clash-protection -fcf-protection -I/usr/lib64/gfortran/modules'
+ export FCFLAGS
+ LDFLAGS='-Wl,-z,relro -Wl,--as-needed  -Wl,-z,now -specs=/usr/lib/rpm/redhat/redhat-hardened-ld -specs=/usr/lib/rpm/redhat/redhat-annobin-cc1  -Wl,--build-id=sha1 -Wl,-dT,/builddir/build/BUILD/vpn-portal-artwork-LC-4c3783e79233dfee57beba3d076fc4ab236a5cc6/.package_note-vpn-portal-artwork-LC-3.0.0-0.3.fc36.x86_64.ld'
+ export LDFLAGS
+ LT_SYS_LIBRARY_PATH=/usr/lib64:
+ export LT_SYS_LIBRARY_PATH
+ CC=gcc
+ export CC
+ CXX=g++
+ export CXX
+ cd vpn-portal-artwork-LC-4c3783e79233dfee57beba3d076fc4ab236a5cc6
+ mkdir -p /builddir/build/BUILDROOT/vpn-portal-artwork-LC-3.0.0-0.3.fc36.x86_64/etc/vpn-user-portal
+ mkdir -p /builddir/build/BUILDROOT/vpn-portal-artwork-LC-3.0.0-0.3.fc36.x86_64/usr/share/vpn-user-portal/views/LC
+ mkdir -p /builddir/build/BUILDROOT/vpn-portal-artwork-LC-3.0.0-0.3.fc36.x86_64/usr/share/vpn-user-portal/locale/LC
+ mkdir -p /builddir/build/BUILDROOT/vpn-portal-artwork-LC-3.0.0-0.3.fc36.x86_64/usr/share/vpn-user-portal/web/css/LC
+ mkdir -p /builddir/build/BUILDROOT/vpn-portal-artwork-LC-3.0.0-0.3.fc36.x86_64/usr/share/vpn-user-portal/web/img/LC
+ cp -p css/screen.css /builddir/build/BUILDROOT/vpn-portal-artwork-LC-3.0.0-0.3.fc36.x86_64/usr/share/vpn-user-portal/web/css/LC
+ cp -pr img/SOURCES.md img/app img/logo.png /builddir/build/BUILDROOT/vpn-portal-artwork-LC-3.0.0-0.3.fc36.x86_64/usr/share/vpn-user-portal/web/img/LC
+ cp -p locale/ar-MA.php locale/de-DE.php locale/empty.php locale/fr-FR.php locale/nl-NL.php locale/pl-PL.php /builddir/build/BUILDROOT/vpn-portal-artwork-LC-3.0.0-0.3.fc36.x86_64/usr/share/vpn-user-portal/locale/LC
+ cp -p views/base.php views/vpnPortalHome.php /builddir/build/BUILDROOT/vpn-portal-artwork-LC-3.0.0-0.3.fc36.x86_64/usr/share/vpn-user-portal/views/LC
+ /usr/lib/rpm/check-buildroot
+ /usr/lib/rpm/redhat/brp-ldconfig
+ /usr/lib/rpm/brp-compress
+ /usr/lib/rpm/brp-strip /usr/bin/strip
+ /usr/lib/rpm/brp-strip-comment-note /usr/bin/strip /usr/bin/objdump
+ /usr/lib/rpm/redhat/brp-strip-lto /usr/bin/strip
+ /usr/lib/rpm/brp-strip-static-archive /usr/bin/strip
+ /usr/lib/rpm/check-rpaths
+ /usr/lib/rpm/redhat/brp-mangle-shebangs
+ /usr/lib/rpm/redhat/brp-python-bytecompile '' 1 0
+ /usr/lib/rpm/redhat/brp-python-hardlink
Processing files: vpn-portal-artwork-LC-3.0.0-0.3.fc36.noarch
Executing(%doc): /bin/sh -e /var/tmp/rpm-tmp.3etFOc
+ umask 022
+ cd /builddir/build/BUILD
+ cd vpn-portal-artwork-LC-4c3783e79233dfee57beba3d076fc4ab236a5cc6
+ DOCDIR=/builddir/build/BUILDROOT/vpn-portal-artwork-LC-3.0.0-0.3.fc36.x86_64/usr/share/doc/vpn-portal-artwork-LC
+ export LC_ALL=C
+ LC_ALL=C
+ export DOCDIR
+ /usr/bin/mkdir -p /builddir/build/BUILDROOT/vpn-portal-artwork-LC-3.0.0-0.3.fc36.x86_64/usr/share/doc/vpn-portal-artwork-LC
+ cp -pr CHANGES.md /builddir/build/BUILDROOT/vpn-portal-artwork-LC-3.0.0-0.3.fc36.x86_64/usr/share/doc/vpn-portal-artwork-LC
+ cp -pr README.md /builddir/build/BUILDROOT/vpn-portal-artwork-LC-3.0.0-0.3.fc36.x86_64/usr/share/doc/vpn-portal-artwork-LC
+ RPM_EC=0
++ jobs -p
+ exit 0
Provides: vpn-portal-artwork-LC = 3.0.0-0.3.fc36
Requires(rpmlib): rpmlib(CompressedFileNames) <= 3.0.4-1 rpmlib(FileDigests) <= 4.6.0-1 rpmlib(PayloadFilesHavePrefix) <= 4.0-1
Checking for unpackaged file(s): /usr/lib/rpm/check-files /builddir/build/BUILDROOT/vpn-portal-artwork-LC-3.0.0-0.3.fc36.x86_64
Wrote: /builddir/build/RPMS/vpn-portal-artwork-LC-3.0.0-0.3.fc36.noarch.rpm
Executing(%clean): /bin/sh -e /var/tmp/rpm-tmp.GIlGT0
+ umask 022
+ cd /builddir/build/BUILD
+ cd vpn-portal-artwork-LC-4c3783e79233dfee57beba3d076fc4ab236a5cc6
+ /usr/bin/rm -rf /builddir/build/BUILDROOT/vpn-portal-artwork-LC-3.0.0-0.3.fc36.x86_64
+ RPM_EC=0
++ jobs -p
+ exit 0
Child return code was: 0
