Mock Version: 3.0
ENTER ['do_with_status'](['bash', '--login', '-c', '/usr/bin/rpmbuild -bs --target x86_64 --nodeps /builddir/build/SPECS/vpn-portal-artwork-eduVPN.spec'], chrootPath='/var/lib/mock/fedora-35-x86_64/root'env={'TERM': 'vt100', 'SHELL': '/bin/bash', 'HOME': '/builddir', 'HOSTNAME': 'mock', 'PATH': '/usr/bin:/bin:/usr/sbin:/sbin', 'PROMPT_COMMAND': 'printf "\\033]0;<mock-chroot>\\007"', 'PS1': '<mock-chroot> \\s-\\v\\$ ', 'LANG': 'C.UTF-8'}shell=Falselogger=<mockbuild.trace_decorator.getLog object at 0x7f1dab5f10d0>timeout=0uid=1000gid=135user='mockbuild'nspawn_args=['--capability=cap_ipc_lock', '--bind=/tmp/mock-resolv.t3wzkac8:/etc/resolv.conf', '--bind=/dev/btrfs-control', '--bind=/dev/loop-control', '--bind=/dev/loop0', '--bind=/dev/loop1', '--bind=/dev/loop2', '--bind=/dev/loop3', '--bind=/dev/loop4', '--bind=/dev/loop5', '--bind=/dev/loop6', '--bind=/dev/loop7', '--bind=/dev/loop8', '--bind=/dev/loop9', '--bind=/dev/loop10', '--bind=/dev/loop11']unshare_net=TrueprintOutput=True)
Using nspawn with args ['--capability=cap_ipc_lock', '--bind=/tmp/mock-resolv.t3wzkac8:/etc/resolv.conf', '--bind=/dev/btrfs-control', '--bind=/dev/loop-control', '--bind=/dev/loop0', '--bind=/dev/loop1', '--bind=/dev/loop2', '--bind=/dev/loop3', '--bind=/dev/loop4', '--bind=/dev/loop5', '--bind=/dev/loop6', '--bind=/dev/loop7', '--bind=/dev/loop8', '--bind=/dev/loop9', '--bind=/dev/loop10', '--bind=/dev/loop11']
Executing command: ['/usr/bin/systemd-nspawn', '-q', '-M', 'a9ee7212e32f4c9cba5d7227065c78a1', '-D', '/var/lib/mock/fedora-35-x86_64/root', '-a', '-u', 'mockbuild', '--capability=cap_ipc_lock', '--bind=/tmp/mock-resolv.t3wzkac8:/etc/resolv.conf', '--bind=/dev/btrfs-control', '--bind=/dev/loop-control', '--bind=/dev/loop0', '--bind=/dev/loop1', '--bind=/dev/loop2', '--bind=/dev/loop3', '--bind=/dev/loop4', '--bind=/dev/loop5', '--bind=/dev/loop6', '--bind=/dev/loop7', '--bind=/dev/loop8', '--bind=/dev/loop9', '--bind=/dev/loop10', '--bind=/dev/loop11', '--console=pipe', '--setenv=TERM=vt100', '--setenv=SHELL=/bin/bash', '--setenv=HOME=/builddir', '--setenv=HOSTNAME=mock', '--setenv=PATH=/usr/bin:/bin:/usr/sbin:/sbin', '--setenv=PROMPT_COMMAND=printf "\\033]0;<mock-chroot>\\007"', '--setenv=PS1=<mock-chroot> \\s-\\v\\$ ', '--setenv=LANG=C.UTF-8', '--resolv-conf=off', 'bash', '--login', '-c', '/usr/bin/rpmbuild -bs --target x86_64 --nodeps /builddir/build/SPECS/vpn-portal-artwork-eduVPN.spec'] with env {'TERM': 'vt100', 'SHELL': '/bin/bash', 'HOME': '/builddir', 'HOSTNAME': 'mock', 'PATH': '/usr/bin:/bin:/usr/sbin:/sbin', 'PROMPT_COMMAND': 'printf "\\033]0;<mock-chroot>\\007"', 'PS1': '<mock-chroot> \\s-\\v\\$ ', 'LANG': 'C.UTF-8', 'SYSTEMD_NSPAWN_TMPFS_TMP': '0', 'SYSTEMD_SECCOMP': '0'} and shell False
Building target platforms: x86_64
Building for target x86_64
setting SOURCE_DATE_EPOCH=1643155200
Wrote: /builddir/build/SRPMS/vpn-portal-artwork-eduVPN-3.0.0-0.5.fc35.src.rpm
Child return code was: 0
ENTER ['do_with_status'](['bash', '--login', '-c', '/usr/bin/rpmbuild -bb --target x86_64 --nodeps /builddir/build/SPECS/vpn-portal-artwork-eduVPN.spec'], chrootPath='/var/lib/mock/fedora-35-x86_64/root'env={'TERM': 'vt100', 'SHELL': '/bin/bash', 'HOME': '/builddir', 'HOSTNAME': 'mock', 'PATH': '/usr/bin:/bin:/usr/sbin:/sbin', 'PROMPT_COMMAND': 'printf "\\033]0;<mock-chroot>\\007"', 'PS1': '<mock-chroot> \\s-\\v\\$ ', 'LANG': 'C.UTF-8'}shell=Falselogger=<mockbuild.trace_decorator.getLog object at 0x7f1dab5f10d0>timeout=0uid=1000gid=135user='mockbuild'nspawn_args=['--capability=cap_ipc_lock', '--bind=/tmp/mock-resolv.t3wzkac8:/etc/resolv.conf', '--bind=/dev/btrfs-control', '--bind=/dev/loop-control', '--bind=/dev/loop0', '--bind=/dev/loop1', '--bind=/dev/loop2', '--bind=/dev/loop3', '--bind=/dev/loop4', '--bind=/dev/loop5', '--bind=/dev/loop6', '--bind=/dev/loop7', '--bind=/dev/loop8', '--bind=/dev/loop9', '--bind=/dev/loop10', '--bind=/dev/loop11']unshare_net=TrueprintOutput=True)
Using nspawn with args ['--capability=cap_ipc_lock', '--bind=/tmp/mock-resolv.t3wzkac8:/etc/resolv.conf', '--bind=/dev/btrfs-control', '--bind=/dev/loop-control', '--bind=/dev/loop0', '--bind=/dev/loop1', '--bind=/dev/loop2', '--bind=/dev/loop3', '--bind=/dev/loop4', '--bind=/dev/loop5', '--bind=/dev/loop6', '--bind=/dev/loop7', '--bind=/dev/loop8', '--bind=/dev/loop9', '--bind=/dev/loop10', '--bind=/dev/loop11']
Executing command: ['/usr/bin/systemd-nspawn', '-q', '-M', 'ff0035a707ce49f79315abe596d71710', '-D', '/var/lib/mock/fedora-35-x86_64/root', '-a', '-u', 'mockbuild', '--capability=cap_ipc_lock', '--bind=/tmp/mock-resolv.t3wzkac8:/etc/resolv.conf', '--bind=/dev/btrfs-control', '--bind=/dev/loop-control', '--bind=/dev/loop0', '--bind=/dev/loop1', '--bind=/dev/loop2', '--bind=/dev/loop3', '--bind=/dev/loop4', '--bind=/dev/loop5', '--bind=/dev/loop6', '--bind=/dev/loop7', '--bind=/dev/loop8', '--bind=/dev/loop9', '--bind=/dev/loop10', '--bind=/dev/loop11', '--console=pipe', '--setenv=TERM=vt100', '--setenv=SHELL=/bin/bash', '--setenv=HOME=/builddir', '--setenv=HOSTNAME=mock', '--setenv=PATH=/usr/bin:/bin:/usr/sbin:/sbin', '--setenv=PROMPT_COMMAND=printf "\\033]0;<mock-chroot>\\007"', '--setenv=PS1=<mock-chroot> \\s-\\v\\$ ', '--setenv=LANG=C.UTF-8', '--resolv-conf=off', 'bash', '--login', '-c', '/usr/bin/rpmbuild -bb --target x86_64 --nodeps /builddir/build/SPECS/vpn-portal-artwork-eduVPN.spec'] with env {'TERM': 'vt100', 'SHELL': '/bin/bash', 'HOME': '/builddir', 'HOSTNAME': 'mock', 'PATH': '/usr/bin:/bin:/usr/sbin:/sbin', 'PROMPT_COMMAND': 'printf "\\033]0;<mock-chroot>\\007"', 'PS1': '<mock-chroot> \\s-\\v\\$ ', 'LANG': 'C.UTF-8', 'SYSTEMD_NSPAWN_TMPFS_TMP': '0', 'SYSTEMD_SECCOMP': '0'} and shell False
Building target platforms: x86_64
Building for target x86_64
setting SOURCE_DATE_EPOCH=1643155200
Executing(%prep): /bin/sh -e /var/tmp/rpm-tmp.6tXEue
+ umask 022
+ cd /builddir/build/BUILD
+ cd /builddir/build/BUILD
+ rm -rf vpn-portal-artwork-eduVPN-4256ce73fcde4832ac47bb9c111cc1f124bde617
+ /usr/bin/gzip -dc /builddir/build/SOURCES/4256ce73fcde4832ac47bb9c111cc1f124bde617.tar.gz
+ /usr/bin/tar -xof -
+ STATUS=0
+ '[' 0 -ne 0 ']'
+ cd vpn-portal-artwork-eduVPN-4256ce73fcde4832ac47bb9c111cc1f124bde617
+ /usr/bin/chmod -Rf a+rX,u+w,g-w,o-w .
+ RPM_EC=0
++ jobs -p
+ exit 0
Executing(%install): /bin/sh -e /var/tmp/rpm-tmp.8WxKXp
+ umask 022
+ cd /builddir/build/BUILD
+ '[' /builddir/build/BUILDROOT/vpn-portal-artwork-eduVPN-3.0.0-0.5.fc35.x86_64 '!=' / ']'
+ rm -rf /builddir/build/BUILDROOT/vpn-portal-artwork-eduVPN-3.0.0-0.5.fc35.x86_64
++ dirname /builddir/build/BUILDROOT/vpn-portal-artwork-eduVPN-3.0.0-0.5.fc35.x86_64
+ mkdir -p /builddir/build/BUILDROOT
+ mkdir /builddir/build/BUILDROOT/vpn-portal-artwork-eduVPN-3.0.0-0.5.fc35.x86_64
+ cd vpn-portal-artwork-eduVPN-4256ce73fcde4832ac47bb9c111cc1f124bde617
+ mkdir -p /builddir/build/BUILDROOT/vpn-portal-artwork-eduVPN-3.0.0-0.5.fc35.x86_64/etc/vpn-user-portal
+ mkdir -p /builddir/build/BUILDROOT/vpn-portal-artwork-eduVPN-3.0.0-0.5.fc35.x86_64/usr/share/vpn-user-portal/views/eduVPN
+ mkdir -p /builddir/build/BUILDROOT/vpn-portal-artwork-eduVPN-3.0.0-0.5.fc35.x86_64/usr/share/vpn-user-portal/locale/eduVPN
+ mkdir -p /builddir/build/BUILDROOT/vpn-portal-artwork-eduVPN-3.0.0-0.5.fc35.x86_64/usr/share/vpn-user-portal/web/css/eduVPN
+ mkdir -p /builddir/build/BUILDROOT/vpn-portal-artwork-eduVPN-3.0.0-0.5.fc35.x86_64/usr/share/vpn-user-portal/web/img/eduVPN
+ mkdir -p /builddir/build/BUILDROOT/vpn-portal-artwork-eduVPN-3.0.0-0.5.fc35.x86_64/usr/share/vpn-user-portal/web/fonts/eduVPN
+ cp -p css/screen.css /builddir/build/BUILDROOT/vpn-portal-artwork-eduVPN-3.0.0-0.5.fc35.x86_64/usr/share/vpn-user-portal/web/css/eduVPN
+ cp -pr img/SOURCES.md img/app img/logo.png /builddir/build/BUILDROOT/vpn-portal-artwork-eduVPN-3.0.0-0.5.fc35.x86_64/usr/share/vpn-user-portal/web/img/eduVPN
+ cp -r fonts/OpenSans-Bold.woff2 fonts/OpenSans-BoldItalic.woff2 fonts/OpenSans-ExtraBold.woff2 fonts/OpenSans-ExtraBoldItalic.woff2 fonts/OpenSans-Italic.woff2 fonts/OpenSans-Light.woff2 fonts/OpenSans-LightItalic.woff2 fonts/OpenSans-Regular.woff2 fonts/OpenSans-Semibold.woff2 fonts/OpenSans-SemiboldItalic.woff2 fonts/README.md /builddir/build/BUILDROOT/vpn-portal-artwork-eduVPN-3.0.0-0.5.fc35.x86_64/usr/share/vpn-user-portal/web/fonts/eduVPN
+ cp -p locale/ar-MA.php locale/de-DE.php locale/empty.php locale/et-EE.php locale/fr-FR.php locale/nb-NO.php locale/nl-NL.php locale/pl-PL.php locale/pt-PT.php locale/uk-UA.php /builddir/build/BUILDROOT/vpn-portal-artwork-eduVPN-3.0.0-0.5.fc35.x86_64/usr/share/vpn-user-portal/locale/eduVPN
+ cp -p views/base.php views/vpnPortalHome.php /builddir/build/BUILDROOT/vpn-portal-artwork-eduVPN-3.0.0-0.5.fc35.x86_64/usr/share/vpn-user-portal/views/eduVPN
+ /usr/lib/rpm/check-buildroot
+ /usr/lib/rpm/redhat/brp-ldconfig
+ /usr/lib/rpm/brp-compress
+ /usr/lib/rpm/brp-strip /usr/bin/strip
+ /usr/lib/rpm/brp-strip-comment-note /usr/bin/strip /usr/bin/objdump
+ /usr/lib/rpm/redhat/brp-strip-lto /usr/bin/strip
+ /usr/lib/rpm/brp-strip-static-archive /usr/bin/strip
+ /usr/lib/rpm/check-rpaths
+ /usr/lib/rpm/redhat/brp-mangle-shebangs
+ /usr/lib/rpm/redhat/brp-python-bytecompile '' 1 0
+ /usr/lib/rpm/redhat/brp-python-hardlink
Processing files: vpn-portal-artwork-eduVPN-3.0.0-0.5.fc35.noarch
Executing(%doc): /bin/sh -e /var/tmp/rpm-tmp.loyg4B
+ umask 022
+ cd /builddir/build/BUILD
+ cd vpn-portal-artwork-eduVPN-4256ce73fcde4832ac47bb9c111cc1f124bde617
+ DOCDIR=/builddir/build/BUILDROOT/vpn-portal-artwork-eduVPN-3.0.0-0.5.fc35.x86_64/usr/share/doc/vpn-portal-artwork-eduVPN
+ export LC_ALL=C
+ LC_ALL=C
+ export DOCDIR
+ /usr/bin/mkdir -p /builddir/build/BUILDROOT/vpn-portal-artwork-eduVPN-3.0.0-0.5.fc35.x86_64/usr/share/doc/vpn-portal-artwork-eduVPN
+ cp -pr CHANGES.md /builddir/build/BUILDROOT/vpn-portal-artwork-eduVPN-3.0.0-0.5.fc35.x86_64/usr/share/doc/vpn-portal-artwork-eduVPN
+ cp -pr README.md /builddir/build/BUILDROOT/vpn-portal-artwork-eduVPN-3.0.0-0.5.fc35.x86_64/usr/share/doc/vpn-portal-artwork-eduVPN
+ cp -pr locale/CREDITS.md /builddir/build/BUILDROOT/vpn-portal-artwork-eduVPN-3.0.0-0.5.fc35.x86_64/usr/share/doc/vpn-portal-artwork-eduVPN
+ RPM_EC=0
++ jobs -p
+ exit 0
Provides: vpn-portal-artwork-eduVPN = 3.0.0-0.5.fc35
Requires(rpmlib): rpmlib(CompressedFileNames) <= 3.0.4-1 rpmlib(FileDigests) <= 4.6.0-1 rpmlib(PayloadFilesHavePrefix) <= 4.0-1
Checking for unpackaged file(s): /usr/lib/rpm/check-files /builddir/build/BUILDROOT/vpn-portal-artwork-eduVPN-3.0.0-0.5.fc35.x86_64
Wrote: /builddir/build/RPMS/vpn-portal-artwork-eduVPN-3.0.0-0.5.fc35.noarch.rpm
Executing(%clean): /bin/sh -e /var/tmp/rpm-tmp.L5uIRE
+ umask 022
+ cd /builddir/build/BUILD
+ cd vpn-portal-artwork-eduVPN-4256ce73fcde4832ac47bb9c111cc1f124bde617
+ /usr/bin/rm -rf /builddir/build/BUILDROOT/vpn-portal-artwork-eduVPN-3.0.0-0.5.fc35.x86_64
+ RPM_EC=0
++ jobs -p
+ exit 0
Child return code was: 0
Mock Version: 3.0
