INFO buildroot.py:497:  Mock Version: 3.0
DEBUG file_util.py:17:  ensuring that dir exists: /home/floris/repo/eduVPN/v3-dev/results/fedora-35-x86_64/vpn-portal-artwork-eduVPN-3.0.0-0.5.fc34
DEBUG util.py:168:  kill orphans
DEBUG util.py:622:  child environment: None
DEBUG util.py:540:  Executing command: ['/bin/umount', '-n', '-l', '/var/lib/mock/fedora-35-x86_64-bootstrap/root/var/lib/mock/fedora-35-x86_64/root'] with env {'TERM': 'vt100', 'SHELL': '/bin/sh', 'HOME': '/builddir', 'HOSTNAME': 'mock', 'PATH': '/usr/bin:/bin:/usr/sbin:/sbin', 'LANG': 'C.UTF-8'} and shell False
DEBUG util.py:596:  Child return code was: 0
DEBUG util.py:622:  child environment: None
DEBUG util.py:540:  Executing command: ['/bin/umount', '-n', '-l', '/var/lib/mock/fedora-35-x86_64-bootstrap/root/var/lib/mock/fedora-35-x86_64/root'] with env {'TERM': 'vt100', 'SHELL': '/bin/sh', 'HOME': '/builddir', 'HOSTNAME': 'mock', 'PATH': '/usr/bin:/bin:/usr/sbin:/sbin', 'LANG': 'C.UTF-8'} and shell False
DEBUG util.py:596:  Child return code was: 0
DEBUG util.py:622:  child environment: None
DEBUG util.py:540:  Executing command: ['/bin/umount', '-n', '/var/lib/mock/fedora-35-x86_64/root/proc/filesystems'] with env {'TERM': 'vt100', 'SHELL': '/bin/sh', 'HOME': '/builddir', 'HOSTNAME': 'mock', 'PATH': '/usr/bin:/bin:/usr/sbin:/sbin', 'LANG': 'C.UTF-8'} and shell False
DEBUG util.py:596:  Child return code was: 0
DEBUG util.py:622:  child environment: None
DEBUG util.py:540:  Executing command: ['/bin/umount', '-n', '/var/lib/mock/fedora-35-x86_64/root/var/cache/dnf'] with env {'TERM': 'vt100', 'SHELL': '/bin/sh', 'HOME': '/builddir', 'HOSTNAME': 'mock', 'PATH': '/usr/bin:/bin:/usr/sbin:/sbin', 'LANG': 'C.UTF-8'} and shell False
DEBUG util.py:596:  Child return code was: 0
DEBUG util.py:622:  child environment: None
DEBUG util.py:540:  Executing command: ['/bin/umount', '-n', '/var/lib/mock/fedora-35-x86_64/root/var/cache/yum'] with env {'TERM': 'vt100', 'SHELL': '/bin/sh', 'HOME': '/builddir', 'HOSTNAME': 'mock', 'PATH': '/usr/bin:/bin:/usr/sbin:/sbin', 'LANG': 'C.UTF-8'} and shell False
DEBUG util.py:596:  Child return code was: 0
DEBUG util.py:622:  child environment: None
DEBUG util.py:540:  Executing command: ['btrfs', 'subv', 'list', '/var/lib/mock'] with env {'TERM': 'vt100', 'SHELL': '/bin/sh', 'HOME': '/builddir', 'HOSTNAME': 'mock', 'PATH': '/usr/bin:/bin:/usr/sbin:/sbin', 'LANG': 'C.UTF-8'} and shell False
DEBUG util.py:445:  ID 256 gen 4839 top level 5 path home
DEBUG util.py:445:  ID 258 gen 4839 top level 5 path root
DEBUG util.py:445:  ID 262 gen 4628 top level 258 path var/lib/machines
DEBUG util.py:596:  Child return code was: 0
DEBUG file_util.py:17:  ensuring that dir exists: /var/lib/mock/fedora-35-x86_64/root
DEBUG file_util.py:20:  creating dir: /var/lib/mock/fedora-35-x86_64/root
DEBUG file_util.py:17:  ensuring that dir exists: /var/lib/mock/fedora-35-x86_64-bootstrap
DEBUG file_util.py:17:  ensuring that dir exists: /var/lib/mock/fedora-35-x86_64-bootstrap/root
DEBUG file_util.py:17:  ensuring that dir exists: /var/tmp/tmp.mock.ypkacw7v/lib64
DEBUG file_util.py:20:  creating dir: /var/tmp/tmp.mock.ypkacw7v/lib64
DEBUG file_util.py:17:  ensuring that dir exists: /var/lib/mock/fedora-35-x86_64-bootstrap/root/var/tmp/tmp.mock.ypkacw7v/lib64
DEBUG file_util.py:20:  creating dir: /var/lib/mock/fedora-35-x86_64-bootstrap/root/var/tmp/tmp.mock.ypkacw7v/lib64
WARNING buildroot.py:794:  For multilib systems, both architectures of nosync library need to be installed
DEBUG file_util.py:17:  ensuring that dir exists: /var/lib/mock/fedora-35-x86_64-bootstrap/results
INFO buildroot.py:174:  calling preinit hooks
DEBUG file_util.py:17:  ensuring that dir exists: /var/cache/mock/fedora-35-x86_64-bootstrap/root_cache/
DEBUG file_util.py:17:  ensuring that dir exists: /var/cache/mock/fedora-35-x86_64-bootstrap/yum_cache
DEBUG file_util.py:17:  ensuring that dir exists: /var/cache/mock/fedora-35-x86_64-bootstrap/dnf_cache
DEBUG util.py:622:  child environment: None
DEBUG util.py:540:  Executing command: ['/usr/bin/lscpu'] with env {'TERM': 'vt100', 'SHELL': '/bin/sh', 'HOME': '/builddir', 'HOSTNAME': 'mock', 'PATH': '/usr/bin:/bin:/usr/sbin:/sbin', 'LANG': 'C.UTF-8'} and shell False
DEBUG util.py:445:  Architecture:                    x86_64
DEBUG util.py:445:  CPU op-mode(s):                  32-bit, 64-bit
DEBUG util.py:445:  Byte Order:                      Little Endian
DEBUG util.py:445:  Address sizes:                   39 bits physical, 48 bits virtual
DEBUG util.py:445:  CPU(s):                          2
DEBUG util.py:445:  On-line CPU(s) list:             0,1
DEBUG util.py:445:  Thread(s) per core:              1
DEBUG util.py:445:  Core(s) per socket:              2
DEBUG util.py:445:  Socket(s):                       1
DEBUG util.py:445:  NUMA node(s):                    1
DEBUG util.py:445:  Vendor ID:                       GenuineIntel
DEBUG util.py:445:  CPU family:                      6
DEBUG util.py:445:  Model:                           158
DEBUG util.py:445:  Model name:                      Intel(R) Core(TM) i7-9750H CPU @ 2.60GHz
DEBUG util.py:445:  Stepping:                        10
DEBUG util.py:445:  CPU MHz:                         2592.000
DEBUG util.py:445:  BogoMIPS:                        5184.00
DEBUG util.py:445:  Hypervisor vendor:               KVM
DEBUG util.py:445:  Virtualization type:             full
DEBUG util.py:445:  L1d cache:                       64 KiB
DEBUG util.py:445:  L1i cache:                       64 KiB
DEBUG util.py:445:  L2 cache:                        512 KiB
DEBUG util.py:445:  L3 cache:                        24 MiB
DEBUG util.py:445:  NUMA node0 CPU(s):               0,1
DEBUG util.py:445:  Vulnerability Itlb multihit:     KVM: Mitigation: VMX unsupported
DEBUG util.py:445:  Vulnerability L1tf:              Mitigation; PTE Inversion
DEBUG util.py:445:  Vulnerability Mds:               Mitigation; Clear CPU buffers; SMT Host state unknown
DEBUG util.py:445:  Vulnerability Meltdown:          Mitigation; PTI
DEBUG util.py:445:  Vulnerability Spec store bypass: Vulnerable
DEBUG util.py:445:  Vulnerability Spectre v1:        Mitigation; usercopy/swapgs barriers and __user pointer sanitization
DEBUG util.py:445:  Vulnerability Spectre v2:        Mitigation; Retpolines, STIBP disabled, RSB filling
DEBUG util.py:445:  Vulnerability Srbds:             Unknown: Dependent on hypervisor status
DEBUG util.py:445:  Vulnerability Tsx async abort:   Not affected
DEBUG util.py:445:  Flags:                           fpu vme de pse tsc msr pae mce cx8 apic sep mtrr pge mca cmov pat pse36 clflush mmx fxsr sse sse2 ht syscall nx rdtscp lm constant_tsc rep_good nopl xtopology nonstop_tsc cpuid tsc_known_freq pni pclmulqdq ssse3 cx16 pcid sse4_1 sse4_2 x2apic movbe popcnt aes xsave avx rdrand hypervisor lahf_lm abm 3dnowprefetch invpcid_single pti fsgsbase avx2 invpcid rdseed clflushopt md_clear flush_l1d
DEBUG util.py:596:  Child return code was: 0
DEBUG util.py:622:  child environment: None
DEBUG util.py:540:  Executing command: ['/bin/free'] with env {'TERM': 'vt100', 'SHELL': '/bin/sh', 'HOME': '/builddir', 'HOSTNAME': 'mock', 'PATH': '/usr/bin:/bin:/usr/sbin:/sbin', 'LANG': 'C.UTF-8'} and shell False
DEBUG util.py:445:                 total        used        free      shared  buff/cache   available
DEBUG util.py:445:  Mem:         4007852     1709224      767608       43332     1531020     1997576
DEBUG util.py:445:  Swap:        4006908      943104     3063804
DEBUG util.py:596:  Child return code was: 0
DEBUG util.py:622:  child environment: None
DEBUG util.py:540:  Executing command: ['/bin/df', '-H', '/var/lib/mock/fedora-35-x86_64-bootstrap/root', '/var/cache/mock'] with env {'TERM': 'vt100', 'SHELL': '/bin/sh', 'HOME': '/builddir', 'HOSTNAME': 'mock', 'PATH': '/usr/bin:/bin:/usr/sbin:/sbin', 'LANG': 'C.UTF-8'} and shell False
DEBUG util.py:445:  Filesystem      Size  Used Avail Use% Mounted on
DEBUG util.py:445:  /dev/sda2        34G  8.6G   25G  27% /
DEBUG util.py:445:  /dev/sda2        34G  8.6G   25G  27% /
DEBUG util.py:596:  Child return code was: 0
DEBUG buildroot.py:553:  create skeleton dirs
DEBUG file_util.py:17:  ensuring that dir exists: /var/lib/mock/fedora-35-x86_64-bootstrap/root/var/lib/rpm
DEBUG file_util.py:17:  ensuring that dir exists: /var/lib/mock/fedora-35-x86_64-bootstrap/root/var/lib/yum
DEBUG file_util.py:17:  ensuring that dir exists: /var/lib/mock/fedora-35-x86_64-bootstrap/root/var/lib/dbus
DEBUG file_util.py:17:  ensuring that dir exists: /var/lib/mock/fedora-35-x86_64-bootstrap/root/var/log
DEBUG file_util.py:17:  ensuring that dir exists: /var/lib/mock/fedora-35-x86_64-bootstrap/root/var/cache/dnf
DEBUG file_util.py:17:  ensuring that dir exists: /var/lib/mock/fedora-35-x86_64-bootstrap/root/var/cache/yum
DEBUG file_util.py:17:  ensuring that dir exists: /var/lib/mock/fedora-35-x86_64-bootstrap/root/etc/rpm
DEBUG file_util.py:17:  ensuring that dir exists: /var/lib/mock/fedora-35-x86_64-bootstrap/root/tmp
DEBUG file_util.py:17:  ensuring that dir exists: /var/lib/mock/fedora-35-x86_64-bootstrap/root/tmp/ccache
DEBUG file_util.py:17:  ensuring that dir exists: /var/lib/mock/fedora-35-x86_64-bootstrap/root/var/tmp
DEBUG file_util.py:17:  ensuring that dir exists: /var/lib/mock/fedora-35-x86_64-bootstrap/root/etc/dnf
DEBUG file_util.py:17:  ensuring that dir exists: /var/lib/mock/fedora-35-x86_64-bootstrap/root/etc/dnf/vars
DEBUG file_util.py:17:  ensuring that dir exists: /var/lib/mock/fedora-35-x86_64-bootstrap/root/etc/yum.repos.d
DEBUG file_util.py:20:  creating dir: /var/lib/mock/fedora-35-x86_64-bootstrap/root/etc/yum.repos.d
DEBUG file_util.py:17:  ensuring that dir exists: /var/lib/mock/fedora-35-x86_64-bootstrap/root/etc/yum
DEBUG file_util.py:17:  ensuring that dir exists: /var/lib/mock/fedora-35-x86_64-bootstrap/root/proc
DEBUG file_util.py:17:  ensuring that dir exists: /var/lib/mock/fedora-35-x86_64-bootstrap/root/sys
DEBUG file_util.py:17:  ensuring that dir exists: /var/lib/mock/fedora-35-x86_64-bootstrap/root/run/lock
DEBUG file_util.py:17:  ensuring that dir exists: /var/lib/mock/fedora-35-x86_64-bootstrap/root/dev/pts
DEBUG file_util.py:17:  ensuring that dir exists: /var/lib/mock/fedora-35-x86_64-bootstrap/root/dev/shm
DEBUG buildroot.py:681:  kernel version == 5.16.19-100.fc34.x86_64
DEBUG file_util.py:30:  touching file: /var/lib/mock/fedora-35-x86_64-bootstrap/root/etc/fstab
DEBUG file_util.py:30:  touching file: /var/lib/mock/fedora-35-x86_64-bootstrap/root/etc/yum/yum.conf
DEBUG file_util.py:30:  touching file: /var/lib/mock/fedora-35-x86_64-bootstrap/root/etc/dnf/dnf.conf
DEBUG file_util.py:30:  touching file: /var/lib/mock/fedora-35-x86_64-bootstrap/root/var/log/yum.log
DEBUG buildroot.py:201:  rootdir = /var/lib/mock/fedora-35-x86_64-bootstrap/root
DEBUG buildroot.py:202:  resultdir = /var/lib/mock/fedora-35-x86_64-bootstrap/results
DEBUG file_util.py:17:  ensuring that dir exists: /var/lib/mock/fedora-35-x86_64-bootstrap/root/etc/pki/mock
DEBUG file_util.py:17:  ensuring that dir exists: /var/lib/mock/fedora-35-x86_64-bootstrap/root/usr/share
DEBUG package_manager.py:293:  Copying /usr/share/distribution-gpg-keys to the bootstrap chroot
DEBUG util.py:622:  child environment: None
DEBUG util.py:540:  Executing command: ['cp', '-a', '/usr/share/distribution-gpg-keys', '/var/lib/mock/fedora-35-x86_64-bootstrap/root/usr/share'] with env {'TERM': 'vt100', 'SHELL': '/bin/sh', 'HOME': '/builddir', 'HOSTNAME': 'mock', 'PATH': '/usr/bin:/bin:/usr/sbin:/sbin', 'LANG': 'C.UTF-8'} and shell False
DEBUG util.py:596:  Child return code was: 0
DEBUG file_util.py:17:  ensuring that dir exists: /var/lib/mock/fedora-35-x86_64-bootstrap/root/etc/dnf
DEBUG package_manager.py:589:  configure DNF vars
DEBUG file_util.py:17:  ensuring that dir exists: /var/lib/mock/fedora-35-x86_64-bootstrap/root/etc
DEBUG file_util.py:17:  ensuring that dir exists: /var/lib/mock/fedora-35-x86_64-bootstrap/root/etc
DEBUG buildroot.py:33:  method _make_build_user skipped in bootstrap
DEBUG file_util.py:17:  ensuring that dir exists: /var/lib/mock/fedora-35-x86_64-bootstrap/root/builddir/build
DEBUG file_util.py:17:  ensuring that dir exists: /var/lib/mock/fedora-35-x86_64-bootstrap/root/builddir/build/RPMS
DEBUG file_util.py:17:  ensuring that dir exists: /var/lib/mock/fedora-35-x86_64-bootstrap/root/builddir/build/SPECS
DEBUG file_util.py:17:  ensuring that dir exists: /var/lib/mock/fedora-35-x86_64-bootstrap/root/builddir/build/SRPMS
DEBUG file_util.py:17:  ensuring that dir exists: /var/lib/mock/fedora-35-x86_64-bootstrap/root/builddir/build/SOURCES
DEBUG file_util.py:17:  ensuring that dir exists: /var/lib/mock/fedora-35-x86_64-bootstrap/root/builddir/build/BUILD
DEBUG file_util.py:17:  ensuring that dir exists: /var/lib/mock/fedora-35-x86_64-bootstrap/root/builddir/build/BUILDROOT
DEBUG file_util.py:17:  ensuring that dir exists: /var/lib/mock/fedora-35-x86_64-bootstrap/root/builddir/build/originals
DEBUG file_util.py:17:  ensuring that dir exists: /var/lib/mock/fedora-35-x86_64-bootstrap/root/builddir
DEBUG file_util.py:30:  touching file: /var/lib/mock/fedora-35-x86_64-bootstrap/root/.initialized
DEBUG file_util.py:17:  ensuring that dir exists: /var/lib/mock/fedora-35-x86_64
DEBUG file_util.py:17:  ensuring that dir exists: /var/lib/mock/fedora-35-x86_64
DEBUG file_util.py:17:  ensuring that dir exists: /var/lib/mock/fedora-35-x86_64/root
DEBUG file_util.py:17:  ensuring that dir exists: /var/tmp/tmp.mock.ypkacw7v/lib64
DEBUG file_util.py:17:  ensuring that dir exists: /var/lib/mock/fedora-35-x86_64/root/var/tmp/tmp.mock.ypkacw7v/lib64
DEBUG file_util.py:20:  creating dir: /var/lib/mock/fedora-35-x86_64/root/var/tmp/tmp.mock.ypkacw7v/lib64
WARNING buildroot.py:794:  For multilib systems, both architectures of nosync library need to be installed
DEBUG file_util.py:17:  ensuring that dir exists: /home/floris/repo/eduVPN/v3-dev/results/fedora-35-x86_64/vpn-portal-artwork-eduVPN-3.0.0-0.5.fc34
INFO buildroot.py:174:  calling preinit hooks
DEBUG file_util.py:17:  ensuring that dir exists: /var/cache/mock/fedora-35-x86_64/root_cache/
DEBUG file_util.py:17:  ensuring that dir exists: /var/lib/mock/fedora-35-x86_64/root
DEBUG util.py:622:  child environment: None
DEBUG util.py:540:  Executing command: ['gtar', '--use-compress-program', 'pigz', '-xf', '/var/cache/mock/fedora-35-x86_64/root_cache/cache.tar.gz', '-C', '/var/lib/mock/fedora-35-x86_64/root'] with env {'TERM': 'vt100', 'SHELL': '/bin/sh', 'HOME': '/builddir', 'HOSTNAME': 'mock', 'PATH': '/usr/bin:/bin:/usr/sbin:/sbin', 'LANG': 'C.UTF-8'} and shell False
DEBUG util.py:596:  Child return code was: 0
DEBUG file_util.py:17:  ensuring that dir exists: /var/lib/mock/fedora-35-x86_64/root/./proc
DEBUG file_util.py:20:  creating dir: /var/lib/mock/fedora-35-x86_64/root/./proc
DEBUG file_util.py:17:  ensuring that dir exists: /var/lib/mock/fedora-35-x86_64/root/./sys
DEBUG file_util.py:20:  creating dir: /var/lib/mock/fedora-35-x86_64/root/./sys
DEBUG file_util.py:17:  ensuring that dir exists: /var/lib/mock/fedora-35-x86_64/root/./dev
DEBUG file_util.py:20:  creating dir: /var/lib/mock/fedora-35-x86_64/root/./dev
DEBUG file_util.py:17:  ensuring that dir exists: /var/lib/mock/fedora-35-x86_64/root/./tmp/ccache
DEBUG file_util.py:20:  creating dir: /var/lib/mock/fedora-35-x86_64/root/./tmp/ccache
DEBUG file_util.py:17:  ensuring that dir exists: /var/lib/mock/fedora-35-x86_64/root/./var/cache/yum
DEBUG file_util.py:20:  creating dir: /var/lib/mock/fedora-35-x86_64/root/./var/cache/yum
DEBUG file_util.py:17:  ensuring that dir exists: /var/lib/mock/fedora-35-x86_64/root/./var/cache/dnf
DEBUG file_util.py:20:  creating dir: /var/lib/mock/fedora-35-x86_64/root/./var/cache/dnf
DEBUG file_util.py:17:  ensuring that dir exists: /var/lib/mock/fedora-35-x86_64/root/./var/log
DEBUG file_util.py:20:  creating dir: /var/lib/mock/fedora-35-x86_64/root/./var/log
DEBUG file_util.py:17:  ensuring that dir exists: /var/cache/mock/fedora-35-x86_64/yum_cache
DEBUG file_util.py:17:  ensuring that dir exists: /var/cache/mock/fedora-35-x86_64/dnf_cache
DEBUG util.py:622:  child environment: None
DEBUG util.py:540:  Executing command: ['/usr/bin/lscpu'] with env {'TERM': 'vt100', 'SHELL': '/bin/sh', 'HOME': '/builddir', 'HOSTNAME': 'mock', 'PATH': '/usr/bin:/bin:/usr/sbin:/sbin', 'LANG': 'C.UTF-8'} and shell False
DEBUG util.py:445:  Architecture:                    x86_64
DEBUG util.py:445:  CPU op-mode(s):                  32-bit, 64-bit
DEBUG util.py:445:  Byte Order:                      Little Endian
DEBUG util.py:445:  Address sizes:                   39 bits physical, 48 bits virtual
DEBUG util.py:445:  CPU(s):                          2
DEBUG util.py:445:  On-line CPU(s) list:             0,1
DEBUG util.py:445:  Thread(s) per core:              1
DEBUG util.py:445:  Core(s) per socket:              2
DEBUG util.py:445:  Socket(s):                       1
DEBUG util.py:445:  NUMA node(s):                    1
DEBUG util.py:445:  Vendor ID:                       GenuineIntel
DEBUG util.py:445:  CPU family:                      6
DEBUG util.py:445:  Model:                           158
DEBUG util.py:445:  Model name:                      Intel(R) Core(TM) i7-9750H CPU @ 2.60GHz
DEBUG util.py:445:  Stepping:                        10
DEBUG util.py:445:  CPU MHz:                         2592.000
DEBUG util.py:445:  BogoMIPS:                        5184.00
DEBUG util.py:445:  Hypervisor vendor:               KVM
DEBUG util.py:445:  Virtualization type:             full
DEBUG util.py:445:  L1d cache:                       64 KiB
DEBUG util.py:445:  L1i cache:                       64 KiB
DEBUG util.py:445:  L2 cache:                        512 KiB
DEBUG util.py:445:  L3 cache:                        24 MiB
DEBUG util.py:445:  NUMA node0 CPU(s):               0,1
DEBUG util.py:445:  Vulnerability Itlb multihit:     KVM: Mitigation: VMX unsupported
DEBUG util.py:445:  Vulnerability L1tf:              Mitigation; PTE Inversion
DEBUG util.py:445:  Vulnerability Mds:               Mitigation; Clear CPU buffers; SMT Host state unknown
DEBUG util.py:445:  Vulnerability Meltdown:          Mitigation; PTI
DEBUG util.py:445:  Vulnerability Spec store bypass: Vulnerable
DEBUG util.py:445:  Vulnerability Spectre v1:        Mitigation; usercopy/swapgs barriers and __user pointer sanitization
DEBUG util.py:445:  Vulnerability Spectre v2:        Mitigation; Retpolines, STIBP disabled, RSB filling
DEBUG util.py:445:  Vulnerability Srbds:             Unknown: Dependent on hypervisor status
DEBUG util.py:445:  Vulnerability Tsx async abort:   Not affected
DEBUG util.py:445:  Flags:                           fpu vme de pse tsc msr pae mce cx8 apic sep mtrr pge mca cmov pat pse36 clflush mmx fxsr sse sse2 ht syscall nx rdtscp lm constant_tsc rep_good nopl xtopology nonstop_tsc cpuid tsc_known_freq pni pclmulqdq ssse3 cx16 pcid sse4_1 sse4_2 x2apic movbe popcnt aes xsave avx rdrand hypervisor lahf_lm abm 3dnowprefetch invpcid_single pti fsgsbase avx2 invpcid rdseed clflushopt md_clear flush_l1d
DEBUG util.py:596:  Child return code was: 0
DEBUG util.py:622:  child environment: None
DEBUG util.py:540:  Executing command: ['/bin/free'] with env {'TERM': 'vt100', 'SHELL': '/bin/sh', 'HOME': '/builddir', 'HOSTNAME': 'mock', 'PATH': '/usr/bin:/bin:/usr/sbin:/sbin', 'LANG': 'C.UTF-8'} and shell False
DEBUG util.py:445:                 total        used        free      shared  buff/cache   available
DEBUG util.py:445:  Mem:         4007852     1689652      577084       43332     1741116     2015088
DEBUG util.py:445:  Swap:        4006908      943104     3063804
DEBUG util.py:596:  Child return code was: 0
DEBUG util.py:622:  child environment: None
DEBUG util.py:540:  Executing command: ['/bin/df', '-H', '/var/lib/mock/fedora-35-x86_64/root', '/var/cache/mock'] with env {'TERM': 'vt100', 'SHELL': '/bin/sh', 'HOME': '/builddir', 'HOSTNAME': 'mock', 'PATH': '/usr/bin:/bin:/usr/sbin:/sbin', 'LANG': 'C.UTF-8'} and shell False
DEBUG util.py:445:  Filesystem      Size  Used Avail Use% Mounted on
DEBUG util.py:445:  /dev/sda2        34G  8.5G   25G  26% /
DEBUG util.py:445:  /dev/sda2        34G  8.5G   25G  26% /
DEBUG util.py:596:  Child return code was: 0
DEBUG buildroot.py:553:  create skeleton dirs
DEBUG file_util.py:17:  ensuring that dir exists: /var/lib/mock/fedora-35-x86_64/root/var/lib/rpm
DEBUG file_util.py:17:  ensuring that dir exists: /var/lib/mock/fedora-35-x86_64/root/var/lib/yum
DEBUG file_util.py:17:  ensuring that dir exists: /var/lib/mock/fedora-35-x86_64/root/var/lib/dbus
DEBUG file_util.py:17:  ensuring that dir exists: /var/lib/mock/fedora-35-x86_64/root/var/log
DEBUG file_util.py:17:  ensuring that dir exists: /var/lib/mock/fedora-35-x86_64/root/var/cache/dnf
DEBUG file_util.py:17:  ensuring that dir exists: /var/lib/mock/fedora-35-x86_64/root/var/cache/yum
DEBUG file_util.py:17:  ensuring that dir exists: /var/lib/mock/fedora-35-x86_64/root/etc/rpm
DEBUG file_util.py:17:  ensuring that dir exists: /var/lib/mock/fedora-35-x86_64/root/tmp
DEBUG file_util.py:17:  ensuring that dir exists: /var/lib/mock/fedora-35-x86_64/root/tmp/ccache
DEBUG file_util.py:17:  ensuring that dir exists: /var/lib/mock/fedora-35-x86_64/root/var/tmp
DEBUG file_util.py:17:  ensuring that dir exists: /var/lib/mock/fedora-35-x86_64/root/etc/dnf
DEBUG file_util.py:17:  ensuring that dir exists: /var/lib/mock/fedora-35-x86_64/root/etc/dnf/vars
DEBUG file_util.py:17:  ensuring that dir exists: /var/lib/mock/fedora-35-x86_64/root/etc/yum.repos.d
DEBUG file_util.py:17:  ensuring that dir exists: /var/lib/mock/fedora-35-x86_64/root/etc/yum
DEBUG file_util.py:17:  ensuring that dir exists: /var/lib/mock/fedora-35-x86_64/root/proc
DEBUG file_util.py:17:  ensuring that dir exists: /var/lib/mock/fedora-35-x86_64/root/sys
DEBUG file_util.py:17:  ensuring that dir exists: /var/lib/mock/fedora-35-x86_64/root/run/lock
DEBUG file_util.py:17:  ensuring that dir exists: /var/lib/mock/fedora-35-x86_64/root/dev/pts
DEBUG file_util.py:20:  creating dir: /var/lib/mock/fedora-35-x86_64/root/dev/pts
DEBUG file_util.py:17:  ensuring that dir exists: /var/lib/mock/fedora-35-x86_64/root/dev/shm
DEBUG file_util.py:20:  creating dir: /var/lib/mock/fedora-35-x86_64/root/dev/shm
DEBUG buildroot.py:681:  kernel version == 5.16.19-100.fc34.x86_64
DEBUG file_util.py:30:  touching file: /var/lib/mock/fedora-35-x86_64/root/etc/fstab
DEBUG file_util.py:30:  touching file: /var/lib/mock/fedora-35-x86_64/root/etc/yum/yum.conf
DEBUG file_util.py:30:  touching file: /var/lib/mock/fedora-35-x86_64/root/etc/dnf/dnf.conf
DEBUG file_util.py:30:  touching file: /var/lib/mock/fedora-35-x86_64/root/var/log/yum.log
DEBUG file_util.py:17:  ensuring that dir exists: /var/lib/mock/fedora-35-x86_64/root/var/cache/yum
DEBUG util.py:622:  child environment: None
DEBUG util.py:540:  Executing command: ['/bin/mount', '-n', '-o', 'bind', '/var/cache/mock/fedora-35-x86_64/yum_cache', '/var/lib/mock/fedora-35-x86_64/root/var/cache/yum'] with env {'TERM': 'vt100', 'SHELL': '/bin/sh', 'HOME': '/builddir', 'HOSTNAME': 'mock', 'PATH': '/usr/bin:/bin:/usr/sbin:/sbin', 'LANG': 'C.UTF-8'} and shell False
DEBUG util.py:596:  Child return code was: 0
DEBUG file_util.py:17:  ensuring that dir exists: /var/lib/mock/fedora-35-x86_64/root/var/cache/dnf
DEBUG util.py:622:  child environment: None
DEBUG util.py:540:  Executing command: ['/bin/mount', '-n', '-o', 'bind', '/var/cache/mock/fedora-35-x86_64/dnf_cache', '/var/lib/mock/fedora-35-x86_64/root/var/cache/dnf'] with env {'TERM': 'vt100', 'SHELL': '/bin/sh', 'HOME': '/builddir', 'HOSTNAME': 'mock', 'PATH': '/usr/bin:/bin:/usr/sbin:/sbin', 'LANG': 'C.UTF-8'} and shell False
DEBUG util.py:596:  Child return code was: 0
DEBUG file_util.py:17:  ensuring that dir exists: /var/lib/mock/fedora-35-x86_64/root/proc
DEBUG file_util.py:30:  touching file: /var/lib/mock/fedora-35-x86_64/root/proc/filesystems
DEBUG util.py:622:  child environment: None
DEBUG util.py:540:  Executing command: ['/bin/mount', '-n', '-o', 'bind', '/tmp/mock-selinux-plugin.c2yu0we4', '/var/lib/mock/fedora-35-x86_64/root/proc/filesystems'] with env {'TERM': 'vt100', 'SHELL': '/bin/sh', 'HOME': '/builddir', 'HOSTNAME': 'mock', 'PATH': '/usr/bin:/bin:/usr/sbin:/sbin', 'LANG': 'C.UTF-8'} and shell False
DEBUG util.py:596:  Child return code was: 0
DEBUG file_util.py:17:  ensuring that dir exists: /var/lib/mock/fedora-35-x86_64-bootstrap/root/var/lib/mock/fedora-35-x86_64/root
DEBUG util.py:622:  child environment: None
DEBUG util.py:540:  Executing command: ['/bin/mount', '-n', '-t', 'tmpfs', '-o', 'private', 'tmpfs', '/var/lib/mock/fedora-35-x86_64-bootstrap/root/var/lib/mock/fedora-35-x86_64/root'] with env {'TERM': 'vt100', 'SHELL': '/bin/sh', 'HOME': '/builddir', 'HOSTNAME': 'mock', 'PATH': '/usr/bin:/bin:/usr/sbin:/sbin', 'LANG': 'C.UTF-8'} and shell False
DEBUG util.py:596:  Child return code was: 0
DEBUG file_util.py:17:  ensuring that dir exists: /var/lib/mock/fedora-35-x86_64-bootstrap/root/var/lib/mock/fedora-35-x86_64/root
DEBUG util.py:622:  child environment: None
DEBUG util.py:540:  Executing command: ['/bin/mount', '-n', '-o', 'rbind', '/var/lib/mock/fedora-35-x86_64/root', '/var/lib/mock/fedora-35-x86_64-bootstrap/root/var/lib/mock/fedora-35-x86_64/root'] with env {'TERM': 'vt100', 'SHELL': '/bin/sh', 'HOME': '/builddir', 'HOSTNAME': 'mock', 'PATH': '/usr/bin:/bin:/usr/sbin:/sbin', 'LANG': 'C.UTF-8'} and shell False
DEBUG util.py:596:  Child return code was: 0
DEBUG util.py:622:  child environment: None
DEBUG util.py:540:  Executing command: ['/bin/mount', '-n', '-o', 'remount,private,rbind', '--target', '/var/lib/mock/fedora-35-x86_64-bootstrap/root/var/lib/mock/fedora-35-x86_64/root'] with env {'TERM': 'vt100', 'SHELL': '/bin/sh', 'HOME': '/builddir', 'HOSTNAME': 'mock', 'PATH': '/usr/bin:/bin:/usr/sbin:/sbin', 'LANG': 'C.UTF-8'} and shell False
DEBUG util.py:596:  Child return code was: 0
DEBUG buildroot.py:201:  rootdir = /var/lib/mock/fedora-35-x86_64/root
DEBUG buildroot.py:202:  resultdir = /home/floris/repo/eduVPN/v3-dev/results/fedora-35-x86_64/vpn-portal-artwork-eduVPN-3.0.0-0.5.fc34
DEBUG file_util.py:17:  ensuring that dir exists: /var/lib/mock/fedora-35-x86_64/root/etc/pki/mock
DEBUG file_util.py:17:  ensuring that dir exists: /var/lib/mock/fedora-35-x86_64/root/etc/dnf
DEBUG package_manager.py:589:  configure DNF vars
DEBUG util.py:622:  child environment: None
DEBUG util.py:535:  Using nspawn with args None
DEBUG util.py:540:  Executing command: ['/usr/bin/systemd-nspawn', '-q', '-M', '69dc0e9bea1a481ab3281404c6fa45e2', '-D', '/var/lib/mock/fedora-35-x86_64/root', '-a', '--console=pipe', '--setenv=TERM=vt100', '--setenv=SHELL=/bin/bash', '--setenv=HOME=/builddir', '--setenv=HOSTNAME=mock', '--setenv=PATH=/usr/bin:/bin:/usr/sbin:/sbin', '--setenv=PROMPT_COMMAND=printf "\\033]0;<mock-chroot>\\007"', '--setenv=PS1=<mock-chroot> \\s-\\v\\$ ', '--setenv=LANG=C.UTF-8', '--resolv-conf=off', '/usr/sbin/userdel', '-r', '-f', 'mockbuild'] with env {'TERM': 'vt100', 'SHELL': '/bin/bash', 'HOME': '/builddir', 'HOSTNAME': 'mock', 'PATH': '/usr/bin:/bin:/usr/sbin:/sbin', 'PROMPT_COMMAND': 'printf "\\033]0;<mock-chroot>\\007"', 'PS1': '<mock-chroot> \\s-\\v\\$ ', 'LANG': 'C.UTF-8', 'SYSTEMD_NSPAWN_TMPFS_TMP': '0', 'SYSTEMD_SECCOMP': '0'} and shell False
DEBUG util.py:596:  Child return code was: 0
DEBUG util.py:622:  child environment: None
DEBUG util.py:535:  Using nspawn with args None
DEBUG util.py:540:  Executing command: ['/usr/bin/systemd-nspawn', '-q', '-M', 'c54bac4b2b8a459bbafd4767e2679d63', '-D', '/var/lib/mock/fedora-35-x86_64/root', '-a', '--console=pipe', '--setenv=TERM=vt100', '--setenv=SHELL=/bin/bash', '--setenv=HOME=/builddir', '--setenv=HOSTNAME=mock', '--setenv=PATH=/usr/bin:/bin:/usr/sbin:/sbin', '--setenv=PROMPT_COMMAND=printf "\\033]0;<mock-chroot>\\007"', '--setenv=PS1=<mock-chroot> \\s-\\v\\$ ', '--setenv=LANG=C.UTF-8', '--resolv-conf=off', '/usr/sbin/groupdel', 'mock'] with env {'TERM': 'vt100', 'SHELL': '/bin/bash', 'HOME': '/builddir', 'HOSTNAME': 'mock', 'PATH': '/usr/bin:/bin:/usr/sbin:/sbin', 'PROMPT_COMMAND': 'printf "\\033]0;<mock-chroot>\\007"', 'PS1': '<mock-chroot> \\s-\\v\\$ ', 'LANG': 'C.UTF-8', 'SYSTEMD_NSPAWN_TMPFS_TMP': '0', 'SYSTEMD_SECCOMP': '0'} and shell False
DEBUG util.py:596:  Child return code was: 0
DEBUG util.py:622:  child environment: None
DEBUG util.py:535:  Using nspawn with args None
DEBUG util.py:540:  Executing command: ['/usr/bin/systemd-nspawn', '-q', '-M', '07c76efd09f14b889b5df44af5193a19', '-D', '/var/lib/mock/fedora-35-x86_64/root', '-a', '--console=pipe', '--setenv=TERM=vt100', '--setenv=SHELL=/bin/bash', '--setenv=HOME=/builddir', '--setenv=HOSTNAME=mock', '--setenv=PATH=/usr/bin:/bin:/usr/sbin:/sbin', '--setenv=PROMPT_COMMAND=printf "\\033]0;<mock-chroot>\\007"', '--setenv=PS1=<mock-chroot> \\s-\\v\\$ ', '--setenv=LANG=C.UTF-8', '--resolv-conf=off', '/usr/sbin/groupadd', '-g', '135', 'mock'] with env {'TERM': 'vt100', 'SHELL': '/bin/bash', 'HOME': '/builddir', 'HOSTNAME': 'mock', 'PATH': '/usr/bin:/bin:/usr/sbin:/sbin', 'PROMPT_COMMAND': 'printf "\\033]0;<mock-chroot>\\007"', 'PS1': '<mock-chroot> \\s-\\v\\$ ', 'LANG': 'C.UTF-8', 'SYSTEMD_NSPAWN_TMPFS_TMP': '0', 'SYSTEMD_SECCOMP': '0'} and shell False
DEBUG util.py:596:  Child return code was: 0
DEBUG util.py:622:  child environment: None
DEBUG util.py:535:  Using nspawn with args None
DEBUG util.py:540:  Executing command: ['/usr/bin/systemd-nspawn', '-q', '-M', '041acda9b89b41f09986e15a60bdb3fd', '-D', '/var/lib/mock/fedora-35-x86_64/root', '-a', '--console=pipe', '--setenv=TERM=vt100', '--setenv=SHELL=/bin/bash', '--setenv=HOME=/builddir', '--setenv=HOSTNAME=mock', '--setenv=PATH=/usr/bin:/bin:/usr/sbin:/sbin', '--setenv=PROMPT_COMMAND=printf "\\033]0;<mock-chroot>\\007"', '--setenv=PS1=<mock-chroot> \\s-\\v\\$ ', '--setenv=LANG=C.UTF-8', '--resolv-conf=off', '/usr/sbin/useradd', '-o', '-m', '-u', '1000', '-g', '135', '-d', '/builddir', '-n', 'mockbuild'] with env {'TERM': 'vt100', 'SHELL': '/bin/bash', 'HOME': '/builddir', 'HOSTNAME': 'mock', 'PATH': '/usr/bin:/bin:/usr/sbin:/sbin', 'PROMPT_COMMAND': 'printf "\\033]0;<mock-chroot>\\007"', 'PS1': '<mock-chroot> \\s-\\v\\$ ', 'LANG': 'C.UTF-8', 'SYSTEMD_NSPAWN_TMPFS_TMP': '0', 'SYSTEMD_SECCOMP': '0'} and shell False
DEBUG util.py:596:  Child return code was: 0
DEBUG file_util.py:17:  ensuring that dir exists: /var/lib/mock/fedora-35-x86_64/root/builddir/build
DEBUG file_util.py:20:  creating dir: /var/lib/mock/fedora-35-x86_64/root/builddir/build
DEBUG file_util.py:17:  ensuring that dir exists: /var/lib/mock/fedora-35-x86_64/root/builddir/build/RPMS
DEBUG file_util.py:20:  creating dir: /var/lib/mock/fedora-35-x86_64/root/builddir/build/RPMS
DEBUG file_util.py:17:  ensuring that dir exists: /var/lib/mock/fedora-35-x86_64/root/builddir/build/SPECS
DEBUG file_util.py:20:  creating dir: /var/lib/mock/fedora-35-x86_64/root/builddir/build/SPECS
DEBUG file_util.py:17:  ensuring that dir exists: /var/lib/mock/fedora-35-x86_64/root/builddir/build/SRPMS
DEBUG file_util.py:20:  creating dir: /var/lib/mock/fedora-35-x86_64/root/builddir/build/SRPMS
DEBUG file_util.py:17:  ensuring that dir exists: /var/lib/mock/fedora-35-x86_64/root/builddir/build/SOURCES
DEBUG file_util.py:20:  creating dir: /var/lib/mock/fedora-35-x86_64/root/builddir/build/SOURCES
DEBUG file_util.py:17:  ensuring that dir exists: /var/lib/mock/fedora-35-x86_64/root/builddir/build/BUILD
DEBUG file_util.py:20:  creating dir: /var/lib/mock/fedora-35-x86_64/root/builddir/build/BUILD
DEBUG file_util.py:17:  ensuring that dir exists: /var/lib/mock/fedora-35-x86_64/root/builddir/build/BUILDROOT
DEBUG file_util.py:20:  creating dir: /var/lib/mock/fedora-35-x86_64/root/builddir/build/BUILDROOT
DEBUG file_util.py:17:  ensuring that dir exists: /var/lib/mock/fedora-35-x86_64/root/builddir/build/originals
DEBUG file_util.py:20:  creating dir: /var/lib/mock/fedora-35-x86_64/root/builddir/build/originals
DEBUG file_util.py:17:  ensuring that dir exists: /var/lib/mock/fedora-35-x86_64/root/builddir
DEBUG util.py:622:  child environment: None
DEBUG util.py:535:  Using nspawn with args None
DEBUG util.py:540:  Executing command: ['/usr/bin/systemd-nspawn', '-q', '-M', '2374d8d6ba5e4ef1a1a81393b4205b32', '-D', '/var/lib/mock/fedora-35-x86_64-bootstrap/root', '-a', '--console=pipe', '--setenv=TERM=vt100', '--setenv=SHELL=/bin/bash', '--setenv=HOME=/builddir', '--setenv=HOSTNAME=mock', '--setenv=PATH=/usr/bin:/bin:/usr/sbin:/sbin', '--setenv=PROMPT_COMMAND=printf "\\033]0;<mock-chroot>\\007"', '--setenv=PS1=<mock-chroot> \\s-\\v\\$ ', '--setenv=LANG=C.UTF-8', '--resolv-conf=off', '/bin/rpm', '-qa', '--root', '/var/lib/mock/fedora-35-x86_64/root'] with env {'TERM': 'vt100', 'SHELL': '/bin/bash', 'HOME': '/builddir', 'HOSTNAME': 'mock', 'PATH': '/usr/bin:/bin:/usr/sbin:/sbin', 'PROMPT_COMMAND': 'printf "\\033]0;<mock-chroot>\\007"', 'PS1': '<mock-chroot> \\s-\\v\\$ ', 'LANG': 'C.UTF-8', 'SYSTEMD_NSPAWN_TMPFS_TMP': '0', 'SYSTEMD_SECCOMP': '0'} and shell False
DEBUG util.py:445:  gpg-pubkey-9867c58f-601c49ca
DEBUG util.py:445:  libgcc-11.2.1-9.fc35.x86_64
DEBUG util.py:445:  crypto-policies-20210819-1.gitd0fdcfb.fc35.noarch
DEBUG util.py:445:  fedora-release-identity-basic-35-36.noarch
DEBUG util.py:445:  tzdata-2022a-2.fc35.noarch
DEBUG util.py:445:  rust-srpm-macros-21-1.fc35.noarch
DEBUG util.py:445:  pcre2-syntax-10.39-1.fc35.noarch
DEBUG util.py:445:  coreutils-common-8.32-33.fc35.x86_64
DEBUG util.py:445:  qt5-srpm-macros-5.15.2-3.fc35.noarch
DEBUG util.py:445:  publicsuffix-list-dafsa-20210518-2.fc35.noarch
DEBUG util.py:445:  pkgconf-m4-1.8.0-1.fc35.noarch
DEBUG util.py:445:  perl-srpm-macros-1-42.fc35.noarch
DEBUG util.py:445:  openblas-srpm-macros-2-10.fc35.noarch
DEBUG util.py:445:  ocaml-srpm-macros-6-5.fc35.noarch
DEBUG util.py:445:  nim-srpm-macros-3-5.fc35.noarch
DEBUG util.py:445:  ncurses-base-6.2-8.20210508.fc35.noarch
DEBUG util.py:445:  libssh-config-0.9.6-1.fc35.noarch
DEBUG util.py:445:  kernel-srpm-macros-1.0-6.fc35.noarch
DEBUG util.py:445:  gnat-srpm-macros-4-14.fc35.noarch
DEBUG util.py:445:  ghc-srpm-macros-1.5.0-5.fc35.noarch
DEBUG util.py:445:  fpc-srpm-macros-1.3-4.fc35.noarch
DEBUG util.py:445:  fedora-gpg-keys-35-1.noarch
DEBUG util.py:445:  fedora-release-35-36.noarch
DEBUG util.py:445:  fedora-repos-35-1.noarch
DEBUG util.py:445:  fedora-release-common-35-36.noarch
DEBUG util.py:445:  setup-2.13.9.1-2.fc35.noarch
DEBUG util.py:445:  filesystem-3.14-7.fc35.x86_64
DEBUG util.py:445:  basesystem-11-12.fc35.noarch
DEBUG util.py:445:  bash-5.1.8-2.fc35.x86_64
DEBUG util.py:445:  ncurses-libs-6.2-8.20210508.fc35.x86_64
DEBUG util.py:445:  glibc-common-2.34-29.fc35.x86_64
DEBUG util.py:445:  glibc-gconv-extra-2.34-29.fc35.x86_64
DEBUG util.py:445:  glibc-minimal-langpack-2.34-29.fc35.x86_64
DEBUG util.py:445:  glibc-2.34-29.fc35.x86_64
DEBUG util.py:445:  zlib-1.2.11-30.fc35.x86_64
DEBUG util.py:445:  xz-libs-5.2.5-7.fc35.x86_64
DEBUG util.py:445:  bzip2-libs-1.0.8-9.fc35.x86_64
DEBUG util.py:445:  elfutils-libelf-0.186-1.fc35.x86_64
DEBUG util.py:445:  libstdc++-11.2.1-9.fc35.x86_64
DEBUG util.py:445:  libuuid-2.37.4-1.fc35.x86_64
DEBUG util.py:445:  libzstd-1.5.2-1.fc35.x86_64
DEBUG util.py:445:  gmp-6.2.0-7.fc35.x86_64
DEBUG util.py:445:  libattr-2.5.1-3.fc35.x86_64
DEBUG util.py:445:  libacl-2.3.1-2.fc35.x86_64
DEBUG util.py:445:  libcap-2.48-3.fc35.x86_64
DEBUG util.py:445:  libcom_err-1.46.3-1.fc35.x86_64
DEBUG util.py:445:  popt-1.18-6.fc35.x86_64
DEBUG util.py:445:  libxcrypt-4.4.28-1.fc35.x86_64
DEBUG util.py:445:  lz4-libs-1.9.3-3.fc35.x86_64
DEBUG util.py:445:  readline-8.1-3.fc35.x86_64
DEBUG util.py:445:  mpfr-4.1.0-8.fc35.x86_64
DEBUG util.py:445:  dwz-0.14-2.fc35.x86_64
DEBUG util.py:445:  unzip-6.0-53.fc35.x86_64
DEBUG util.py:445:  file-libs-5.40-9.fc35.x86_64
DEBUG util.py:445:  file-5.40-9.fc35.x86_64
DEBUG util.py:445:  sqlite-libs-3.36.0-3.fc35.x86_64
DEBUG util.py:445:  alternatives-1.19-1.fc35.x86_64
DEBUG util.py:445:  libsigsegv-2.13-3.fc35.x86_64
DEBUG util.py:445:  gawk-5.1.0-4.fc35.x86_64
DEBUG util.py:445:  libunistring-0.9.10-14.fc35.x86_64
DEBUG util.py:445:  libidn2-2.3.2-3.fc35.x86_64
DEBUG util.py:445:  libcap-ng-0.8.2-8.fc35.x86_64
DEBUG util.py:445:  audit-libs-3.0.8-1.fc35.x86_64
DEBUG util.py:445:  libsepol-3.3-2.fc35.x86_64
DEBUG util.py:445:  libsmartcols-2.37.4-1.fc35.x86_64
DEBUG util.py:445:  lua-libs-5.4.4-1.fc35.x86_64
DEBUG util.py:445:  libpsl-0.21.1-4.fc35.x86_64
DEBUG util.py:445:  zip-3.0-31.fc35.x86_64
DEBUG util.py:445:  zstd-1.5.2-1.fc35.x86_64
DEBUG util.py:445:  bzip2-1.0.8-9.fc35.x86_64
DEBUG util.py:445:  libxml2-2.9.13-1.fc35.x86_64
DEBUG util.py:445:  cpio-2.13-11.fc35.x86_64
DEBUG util.py:445:  diffutils-3.8-1.fc35.x86_64
DEBUG util.py:445:  info-6.8-2.fc35.x86_64
DEBUG util.py:445:  ed-1.14.2-11.fc35.x86_64
DEBUG util.py:445:  keyutils-libs-1.6.1-3.fc35.x86_64
DEBUG util.py:445:  libbrotli-1.0.9-6.fc35.x86_64
DEBUG util.py:445:  libdb-5.3.28-50.fc35.x86_64
DEBUG util.py:445:  libeconf-0.4.0-2.fc35.x86_64
DEBUG util.py:445:  libffi-3.1-29.fc35.x86_64
DEBUG util.py:445:  p11-kit-0.23.22-4.fc35.x86_64
DEBUG util.py:445:  libnghttp2-1.45.1-1.fc35.x86_64
DEBUG util.py:445:  libpkgconf-1.8.0-1.fc35.x86_64
DEBUG util.py:445:  pkgconf-1.8.0-1.fc35.x86_64
DEBUG util.py:445:  pkgconf-pkg-config-1.8.0-1.fc35.x86_64
DEBUG util.py:445:  libtasn1-4.16.0-6.fc35.x86_64
DEBUG util.py:445:  p11-kit-trust-0.23.22-4.fc35.x86_64
DEBUG util.py:445:  libverto-0.3.2-2.fc35.x86_64
DEBUG util.py:445:  pcre-8.45-1.fc35.x86_64
DEBUG util.py:445:  grep-3.6-4.fc35.x86_64
DEBUG util.py:445:  xz-5.2.5-7.fc35.x86_64
DEBUG util.py:445:  gdbm-libs-1.22-1.fc35.x86_64
DEBUG util.py:445:  libgomp-11.2.1-9.fc35.x86_64
DEBUG util.py:445:  libgpg-error-1.43-1.fc35.x86_64
DEBUG util.py:445:  libgcrypt-1.9.4-1.fc35.x86_64
DEBUG util.py:445:  pcre2-10.39-1.fc35.x86_64
DEBUG util.py:445:  libselinux-3.3-1.fc35.x86_64
DEBUG util.py:445:  sed-4.8-8.fc35.x86_64
DEBUG util.py:445:  findutils-4.8.0-4.fc35.x86_64
DEBUG util.py:445:  openssl-libs-1.1.1n-1.fc35.x86_64
DEBUG util.py:445:  coreutils-8.32-33.fc35.x86_64
DEBUG util.py:445:  ca-certificates-2021.2.52-1.0.fc35.noarch
DEBUG util.py:445:  krb5-libs-1.19.2-6.fc35.x86_64
DEBUG util.py:445:  libblkid-2.37.4-1.fc35.x86_64
DEBUG util.py:445:  libmount-2.37.4-1.fc35.x86_64
DEBUG util.py:445:  libtirpc-1.3.2-1.fc35.x86_64
DEBUG util.py:445:  gzip-1.10-5.fc35.x86_64
DEBUG util.py:445:  systemd-libs-249.11-1.fc35.x86_64
DEBUG util.py:445:  util-linux-core-2.37.4-1.fc35.x86_64
DEBUG util.py:445:  cracklib-2.9.6-27.fc35.x86_64
DEBUG util.py:445:  libnsl2-1.3.0-4.fc35.x86_64
DEBUG util.py:445:  libpwquality-1.4.4-6.fc35.x86_64
DEBUG util.py:445:  pam-1.5.2-7.fc35.x86_64
DEBUG util.py:445:  libfdisk-2.37.4-1.fc35.x86_64
DEBUG util.py:445:  libssh-0.9.6-1.fc35.x86_64
DEBUG util.py:445:  cyrus-sasl-lib-2.1.27-14.fc35.x86_64
DEBUG util.py:445:  openldap-2.4.59-3.fc35.x86_64
DEBUG util.py:445:  libcurl-7.79.1-1.fc35.x86_64
DEBUG util.py:445:  curl-7.79.1-1.fc35.x86_64
DEBUG util.py:445:  libarchive-3.5.3-1.fc35.x86_64
DEBUG util.py:445:  rpm-4.17.0-4.fc35.x86_64
DEBUG util.py:445:  rpm-libs-4.17.0-4.fc35.x86_64
DEBUG util.py:445:  efi-srpm-macros-5-4.fc35.noarch
DEBUG util.py:445:  lua-srpm-macros-1-5.fc35.noarch
DEBUG util.py:445:  rpmautospec-rpm-macros-0.2.5-1.fc35.noarch
DEBUG util.py:445:  fonts-srpm-macros-2.0.5-6.fc35.noarch
DEBUG util.py:445:  go-srpm-macros-3.0.15-1.fc35.noarch
DEBUG util.py:445:  python-srpm-macros-3.10-11.fc35.noarch
DEBUG util.py:445:  redhat-rpm-config-199-1.fc35.noarch
DEBUG util.py:445:  patch-2.7.6-15.fc35.x86_64
DEBUG util.py:445:  tar-1.34-2.fc35.x86_64
DEBUG util.py:445:  libsemanage-3.3-1.fc35.x86_64
DEBUG util.py:445:  shadow-utils-4.9-9.fc35.x86_64
DEBUG util.py:445:  libutempter-1.2.1-5.fc35.x86_64
DEBUG util.py:445:  xxhash-libs-0.8.1-1.fc35.x86_64
DEBUG util.py:445:  elfutils-default-yama-scope-0.186-1.fc35.noarch
DEBUG util.py:445:  elfutils-libs-0.186-1.fc35.x86_64
DEBUG util.py:445:  elfutils-debuginfod-client-0.186-1.fc35.x86_64
DEBUG util.py:445:  binutils-gold-2.37-10.fc35.x86_64
DEBUG util.py:445:  binutils-2.37-10.fc35.x86_64
DEBUG util.py:445:  elfutils-0.186-1.fc35.x86_64
DEBUG util.py:445:  gdb-minimal-11.2-2.fc35.x86_64
DEBUG util.py:445:  debugedit-5.0-2.fc35.x86_64
DEBUG util.py:445:  rpm-build-libs-4.17.0-4.fc35.x86_64
DEBUG util.py:445:  rpm-build-4.17.0-4.fc35.x86_64
DEBUG util.py:445:  util-linux-2.37.4-1.fc35.x86_64
DEBUG util.py:445:  which-2.21-27.fc35.x86_64
DEBUG util.py:596:  Child return code was: 0
DEBUG file_util.py:17:  ensuring that dir exists: /var/lib/mock/fedora-35-x86_64/root/proc
DEBUG util.py:622:  child environment: None
DEBUG util.py:540:  Executing command: ['/bin/mount', '-n', '-t', 'tmpfs', '-o', 'rprivate', 'tmpfs', '/var/lib/mock/fedora-35-x86_64/root/proc'] with env {'TERM': 'vt100', 'SHELL': '/bin/sh', 'HOME': '/builddir', 'HOSTNAME': 'mock', 'PATH': '/usr/bin:/bin:/usr/sbin:/sbin', 'LANG': 'C.UTF-8'} and shell False
DEBUG util.py:596:  Child return code was: 0
DEBUG file_util.py:17:  ensuring that dir exists: /var/lib/mock/fedora-35-x86_64/root/proc
DEBUG util.py:622:  child environment: None
DEBUG util.py:540:  Executing command: ['/bin/mount', '-n', '-o', 'rbind', '/proc', '/var/lib/mock/fedora-35-x86_64/root/proc'] with env {'TERM': 'vt100', 'SHELL': '/bin/sh', 'HOME': '/builddir', 'HOSTNAME': 'mock', 'PATH': '/usr/bin:/bin:/usr/sbin:/sbin', 'LANG': 'C.UTF-8'} and shell False
DEBUG util.py:596:  Child return code was: 0
DEBUG util.py:622:  child environment: None
DEBUG util.py:540:  Executing command: ['/bin/mount', '-n', '-o', 'remount,nodev,noexec,nosuid,readonly,rprivate,rbind', '--target', '/var/lib/mock/fedora-35-x86_64/root/proc'] with env {'TERM': 'vt100', 'SHELL': '/bin/sh', 'HOME': '/builddir', 'HOSTNAME': 'mock', 'PATH': '/usr/bin:/bin:/usr/sbin:/sbin', 'LANG': 'C.UTF-8'} and shell False
DEBUG util.py:596:  Child return code was: 0
DEBUG file_util.py:17:  ensuring that dir exists: /var/lib/mock/fedora-35-x86_64/root/sys
DEBUG util.py:622:  child environment: None
DEBUG util.py:540:  Executing command: ['/bin/mount', '-n', '-t', 'tmpfs', '-o', 'rprivate', 'tmpfs', '/var/lib/mock/fedora-35-x86_64/root/sys'] with env {'TERM': 'vt100', 'SHELL': '/bin/sh', 'HOME': '/builddir', 'HOSTNAME': 'mock', 'PATH': '/usr/bin:/bin:/usr/sbin:/sbin', 'LANG': 'C.UTF-8'} and shell False
DEBUG util.py:596:  Child return code was: 0
DEBUG file_util.py:17:  ensuring that dir exists: /var/lib/mock/fedora-35-x86_64/root/sys
DEBUG util.py:622:  child environment: None
DEBUG util.py:540:  Executing command: ['/bin/mount', '-n', '-o', 'rbind', '/sys', '/var/lib/mock/fedora-35-x86_64/root/sys'] with env {'TERM': 'vt100', 'SHELL': '/bin/sh', 'HOME': '/builddir', 'HOSTNAME': 'mock', 'PATH': '/usr/bin:/bin:/usr/sbin:/sbin', 'LANG': 'C.UTF-8'} and shell False
DEBUG util.py:596:  Child return code was: 0
DEBUG util.py:622:  child environment: None
DEBUG util.py:540:  Executing command: ['/bin/mount', '-n', '-o', 'remount,nodev,noexec,nosuid,readonly,rprivate,rbind', '--target', '/var/lib/mock/fedora-35-x86_64/root/sys'] with env {'TERM': 'vt100', 'SHELL': '/bin/sh', 'HOME': '/builddir', 'HOSTNAME': 'mock', 'PATH': '/usr/bin:/bin:/usr/sbin:/sbin', 'LANG': 'C.UTF-8'} and shell False
DEBUG util.py:596:  Child return code was: 0
DEBUG file_util.py:17:  ensuring that dir exists: /var/lib/mock/fedora-35-x86_64/root/dev/shm
DEBUG util.py:622:  child environment: None
DEBUG util.py:540:  Executing command: ['/bin/mount', '-n', '-t', 'tmpfs', 'tmpfs', '/var/lib/mock/fedora-35-x86_64/root/dev/shm'] with env {'TERM': 'vt100', 'SHELL': '/bin/sh', 'HOME': '/builddir', 'HOSTNAME': 'mock', 'PATH': '/usr/bin:/bin:/usr/sbin:/sbin', 'LANG': 'C.UTF-8'} and shell False
DEBUG util.py:596:  Child return code was: 0
DEBUG file_util.py:17:  ensuring that dir exists: /var/lib/mock/fedora-35-x86_64/root/dev/pts
DEBUG util.py:622:  child environment: None
DEBUG util.py:540:  Executing command: ['/bin/mount', '-n', '-t', 'devpts', '-o', 'gid=5,mode=0620,ptmxmode=0666,newinstance', 'devpts', '/var/lib/mock/fedora-35-x86_64/root/dev/pts'] with env {'TERM': 'vt100', 'SHELL': '/bin/sh', 'HOME': '/builddir', 'HOSTNAME': 'mock', 'PATH': '/usr/bin:/bin:/usr/sbin:/sbin', 'LANG': 'C.UTF-8'} and shell False
DEBUG util.py:596:  Child return code was: 0
DEBUG file_util.py:17:  ensuring that dir exists: /var/lib/mock/fedora-35-x86_64/root/sys/fs/selinux
DEBUG util.py:622:  child environment: None
DEBUG util.py:540:  Executing command: ['/bin/mount', '-n', '-t', 'tmpfs', 'tmpfs', '/var/lib/mock/fedora-35-x86_64/root/sys/fs/selinux'] with env {'TERM': 'vt100', 'SHELL': '/bin/sh', 'HOME': '/builddir', 'HOSTNAME': 'mock', 'PATH': '/usr/bin:/bin:/usr/sbin:/sbin', 'LANG': 'C.UTF-8'} and shell False
DEBUG util.py:596:  Child return code was: 0
DEBUG file_util.py:17:  ensuring that dir exists: /var/lib/mock/fedora-35-x86_64/root/installation-homedir
DEBUG package_manager.py:197:  ['/usr/bin/dnf', '--installroot', '/var/lib/mock/fedora-35-x86_64/root/', '-y', '--releasever', '35', '--setopt=deltarpm=False', '--allowerasing', '--disableplugin=local', '--disableplugin=spacewalk', '--disableplugin=versionlock', '--disableplugin=local', '--disableplugin=spacewalk', '--disableplugin=versionlock', '--disableplugin=local', '--disableplugin=spacewalk', '--disableplugin=versionlock', '--disableplugin=local', '--disableplugin=spacewalk', '--disableplugin=versionlock', '--disableplugin=local', '--disableplugin=spacewalk', '--disableplugin=versionlock', '--disableplugin=local', '--disableplugin=spacewalk', '--disableplugin=versionlock', '--disableplugin=local', '--disableplugin=spacewalk', '--disableplugin=versionlock', '--disableplugin=local', '--disableplugin=spacewalk', '--disableplugin=versionlock', '--disableplugin=local', '--disableplugin=spacewalk', '--disableplugin=versionlock', '--disableplugin=local', '--disableplugin=spacewalk', '--disableplugin=versionlock', '--disableplugin=local', '--disableplugin=spacewalk', '--disableplugin=versionlock', '--disableplugin=local', '--disableplugin=spacewalk', '--disableplugin=versionlock', 'update']
DEBUG util.py:622:  child environment: None
DEBUG util.py:535:  Using nspawn with args ['--capability=cap_ipc_lock', '--bind=/tmp/mock-resolv.zzwvrtsf:/etc/resolv.conf']
DEBUG util.py:540:  Executing command: ['/usr/bin/systemd-nspawn', '-q', '-M', 'b4c805c852e24029a50bbb45ae79bfbc', '-D', '/var/lib/mock/fedora-35-x86_64-bootstrap/root', '-a', '--capability=cap_ipc_lock', '--bind=/tmp/mock-resolv.zzwvrtsf:/etc/resolv.conf', '--console=pipe', '--setenv=TERM=vt100', '--setenv=SHELL=/bin/bash', '--setenv=HOME=/var/lib/mock/fedora-35-x86_64/root/installation-homedir', '--setenv=HOSTNAME=mock', '--setenv=PATH=/usr/bin:/bin:/usr/sbin:/sbin', '--setenv=PROMPT_COMMAND=printf "\\033]0;<mock-chroot>\\007"', '--setenv=PS1=<mock-chroot> \\s-\\v\\$ ', '--setenv=LANG=C.UTF-8', '--setenv=LC_MESSAGES=C.UTF-8', '--resolv-conf=off', '/usr/bin/dnf', '--installroot', '/var/lib/mock/fedora-35-x86_64/root/', '-y', '--releasever', '35', '--setopt=deltarpm=False', '--allowerasing', '--disableplugin=local', '--disableplugin=spacewalk', '--disableplugin=versionlock', '--disableplugin=local', '--disableplugin=spacewalk', '--disableplugin=versionlock', '--disableplugin=local', '--disableplugin=spacewalk', '--disableplugin=versionlock', '--disableplugin=local', '--disableplugin=spacewalk', '--disableplugin=versionlock', '--disableplugin=local', '--disableplugin=spacewalk', '--disableplugin=versionlock', '--disableplugin=local', '--disableplugin=spacewalk', '--disableplugin=versionlock', '--disableplugin=local', '--disableplugin=spacewalk', '--disableplugin=versionlock', '--disableplugin=local', '--disableplugin=spacewalk', '--disableplugin=versionlock', '--disableplugin=local', '--disableplugin=spacewalk', '--disableplugin=versionlock', '--disableplugin=local', '--disableplugin=spacewalk', '--disableplugin=versionlock', '--disableplugin=local', '--disableplugin=spacewalk', '--disableplugin=versionlock', '--disableplugin=local', '--disableplugin=spacewalk', '--disableplugin=versionlock', 'update', '--setopt=tsflags=nocontexts'] with env {'TERM': 'vt100', 'SHELL': '/bin/bash', 'HOME': '/var/lib/mock/fedora-35-x86_64/root/installation-homedir', 'HOSTNAME': 'mock', 'PATH': '/usr/bin:/bin:/usr/sbin:/sbin', 'PROMPT_COMMAND': 'printf "\\033]0;<mock-chroot>\\007"', 'PS1': '<mock-chroot> \\s-\\v\\$ ', 'LANG': 'C.UTF-8', 'LC_MESSAGES': 'C.UTF-8', 'SYSTEMD_NSPAWN_TMPFS_TMP': '0', 'SYSTEMD_SECCOMP': '0'} and shell False
DEBUG util.py:443:  No matches found for the following disable plugin patterns: local, spacewalk, versionlock
DEBUG util.py:445:  file:///home/floris/repo/eduVPN/v3-dev/results/fedora-35-x86_64                                                                                                                                               2.9 MB/s | 3.0 kB     00:00    
DEBUG util.py:445:  file:///home/floris/repo/eduVPN/v3-dev/results/fedora-35-x86_64                                                                                                                                               204 kB/s | 4.5 kB     00:00    
DEBUG util.py:445:  fedora                                                                                                                                                                                                         28 kB/s |  22 kB     00:00    
DEBUG util.py:445:  updates                                                                                                                                                                                                        21 kB/s | 9.5 kB     00:00    
DEBUG util.py:445:  Dependencies resolved.
DEBUG util.py:445:  Nothing to do.
DEBUG util.py:445:  Complete!
DEBUG util.py:596:  Child return code was: 0
DEBUG util.py:622:  child environment: None
DEBUG util.py:540:  Executing command: ['/bin/umount', '-n', '-l', '/var/lib/mock/fedora-35-x86_64/root/sys/fs/selinux'] with env {'TERM': 'vt100', 'SHELL': '/bin/sh', 'HOME': '/builddir', 'HOSTNAME': 'mock', 'PATH': '/usr/bin:/bin:/usr/sbin:/sbin', 'LANG': 'C.UTF-8'} and shell False
DEBUG util.py:596:  Child return code was: 0
DEBUG util.py:622:  child environment: None
DEBUG util.py:540:  Executing command: ['/bin/umount', '-n', '-l', '/var/lib/mock/fedora-35-x86_64/root/dev/pts'] with env {'TERM': 'vt100', 'SHELL': '/bin/sh', 'HOME': '/builddir', 'HOSTNAME': 'mock', 'PATH': '/usr/bin:/bin:/usr/sbin:/sbin', 'LANG': 'C.UTF-8'} and shell False
DEBUG util.py:596:  Child return code was: 0
DEBUG util.py:622:  child environment: None
DEBUG util.py:540:  Executing command: ['/bin/umount', '-n', '-l', '/var/lib/mock/fedora-35-x86_64/root/dev/shm'] with env {'TERM': 'vt100', 'SHELL': '/bin/sh', 'HOME': '/builddir', 'HOSTNAME': 'mock', 'PATH': '/usr/bin:/bin:/usr/sbin:/sbin', 'LANG': 'C.UTF-8'} and shell False
DEBUG util.py:596:  Child return code was: 0
DEBUG util.py:622:  child environment: None
DEBUG util.py:540:  Executing command: ['/bin/umount', '-n', '-l', '/var/lib/mock/fedora-35-x86_64/root/sys'] with env {'TERM': 'vt100', 'SHELL': '/bin/sh', 'HOME': '/builddir', 'HOSTNAME': 'mock', 'PATH': '/usr/bin:/bin:/usr/sbin:/sbin', 'LANG': 'C.UTF-8'} and shell False
DEBUG util.py:596:  Child return code was: 0
DEBUG util.py:622:  child environment: None
DEBUG util.py:540:  Executing command: ['/bin/umount', '-n', '-l', '/var/lib/mock/fedora-35-x86_64/root/sys'] with env {'TERM': 'vt100', 'SHELL': '/bin/sh', 'HOME': '/builddir', 'HOSTNAME': 'mock', 'PATH': '/usr/bin:/bin:/usr/sbin:/sbin', 'LANG': 'C.UTF-8'} and shell False
DEBUG util.py:596:  Child return code was: 0
DEBUG util.py:622:  child environment: None
DEBUG util.py:540:  Executing command: ['/bin/umount', '-n', '-l', '/var/lib/mock/fedora-35-x86_64/root/proc'] with env {'TERM': 'vt100', 'SHELL': '/bin/sh', 'HOME': '/builddir', 'HOSTNAME': 'mock', 'PATH': '/usr/bin:/bin:/usr/sbin:/sbin', 'LANG': 'C.UTF-8'} and shell False
DEBUG util.py:596:  Child return code was: 0
DEBUG util.py:622:  child environment: None
DEBUG util.py:540:  Executing command: ['/bin/umount', '-n', '-l', '/var/lib/mock/fedora-35-x86_64/root/proc'] with env {'TERM': 'vt100', 'SHELL': '/bin/sh', 'HOME': '/builddir', 'HOSTNAME': 'mock', 'PATH': '/usr/bin:/bin:/usr/sbin:/sbin', 'LANG': 'C.UTF-8'} and shell False
DEBUG util.py:596:  Child return code was: 0
DEBUG util.py:168:  kill orphans
DEBUG util.py:622:  child environment: None
DEBUG util.py:535:  Using nspawn with args None
DEBUG util.py:540:  Executing command: ['/usr/bin/systemd-nspawn', '-q', '-M', '12c7cf117b7b4aa7bf6441bc7bbfaf85', '-D', '/var/lib/mock/fedora-35-x86_64-bootstrap/root', '-a', '--console=pipe', '--setenv=TERM=vt100', '--setenv=SHELL=/bin/bash', '--setenv=HOME=/builddir', '--setenv=HOSTNAME=mock', '--setenv=PATH=/usr/bin:/bin:/usr/sbin:/sbin', '--setenv=PROMPT_COMMAND=printf "\\033]0;<mock-chroot>\\007"', '--setenv=PS1=<mock-chroot> \\s-\\v\\$ ', '--setenv=LANG=C.UTF-8', '--resolv-conf=off', '/bin/rpm', '-qa', '--root', '/var/lib/mock/fedora-35-x86_64/root'] with env {'TERM': 'vt100', 'SHELL': '/bin/bash', 'HOME': '/builddir', 'HOSTNAME': 'mock', 'PATH': '/usr/bin:/bin:/usr/sbin:/sbin', 'PROMPT_COMMAND': 'printf "\\033]0;<mock-chroot>\\007"', 'PS1': '<mock-chroot> \\s-\\v\\$ ', 'LANG': 'C.UTF-8', 'SYSTEMD_NSPAWN_TMPFS_TMP': '0', 'SYSTEMD_SECCOMP': '0'} and shell False
DEBUG util.py:445:  gpg-pubkey-9867c58f-601c49ca
DEBUG util.py:445:  libgcc-11.2.1-9.fc35.x86_64
DEBUG util.py:445:  crypto-policies-20210819-1.gitd0fdcfb.fc35.noarch
DEBUG util.py:445:  fedora-release-identity-basic-35-36.noarch
DEBUG util.py:445:  tzdata-2022a-2.fc35.noarch
DEBUG util.py:445:  rust-srpm-macros-21-1.fc35.noarch
DEBUG util.py:445:  pcre2-syntax-10.39-1.fc35.noarch
DEBUG util.py:445:  coreutils-common-8.32-33.fc35.x86_64
DEBUG util.py:445:  qt5-srpm-macros-5.15.2-3.fc35.noarch
DEBUG util.py:445:  publicsuffix-list-dafsa-20210518-2.fc35.noarch
DEBUG util.py:445:  pkgconf-m4-1.8.0-1.fc35.noarch
DEBUG util.py:445:  perl-srpm-macros-1-42.fc35.noarch
DEBUG util.py:445:  openblas-srpm-macros-2-10.fc35.noarch
DEBUG util.py:445:  ocaml-srpm-macros-6-5.fc35.noarch
DEBUG util.py:445:  nim-srpm-macros-3-5.fc35.noarch
DEBUG util.py:445:  ncurses-base-6.2-8.20210508.fc35.noarch
DEBUG util.py:445:  libssh-config-0.9.6-1.fc35.noarch
DEBUG util.py:445:  kernel-srpm-macros-1.0-6.fc35.noarch
DEBUG util.py:445:  gnat-srpm-macros-4-14.fc35.noarch
DEBUG util.py:445:  ghc-srpm-macros-1.5.0-5.fc35.noarch
DEBUG util.py:445:  fpc-srpm-macros-1.3-4.fc35.noarch
DEBUG util.py:445:  fedora-gpg-keys-35-1.noarch
DEBUG util.py:445:  fedora-release-35-36.noarch
DEBUG util.py:445:  fedora-repos-35-1.noarch
DEBUG util.py:445:  fedora-release-common-35-36.noarch
DEBUG util.py:445:  setup-2.13.9.1-2.fc35.noarch
DEBUG util.py:445:  filesystem-3.14-7.fc35.x86_64
DEBUG util.py:445:  basesystem-11-12.fc35.noarch
DEBUG util.py:445:  bash-5.1.8-2.fc35.x86_64
DEBUG util.py:445:  ncurses-libs-6.2-8.20210508.fc35.x86_64
DEBUG util.py:445:  glibc-common-2.34-29.fc35.x86_64
DEBUG util.py:445:  glibc-gconv-extra-2.34-29.fc35.x86_64
DEBUG util.py:445:  glibc-minimal-langpack-2.34-29.fc35.x86_64
DEBUG util.py:445:  glibc-2.34-29.fc35.x86_64
DEBUG util.py:445:  zlib-1.2.11-30.fc35.x86_64
DEBUG util.py:445:  xz-libs-5.2.5-7.fc35.x86_64
DEBUG util.py:445:  bzip2-libs-1.0.8-9.fc35.x86_64
DEBUG util.py:445:  elfutils-libelf-0.186-1.fc35.x86_64
DEBUG util.py:445:  libstdc++-11.2.1-9.fc35.x86_64
DEBUG util.py:445:  libuuid-2.37.4-1.fc35.x86_64
DEBUG util.py:445:  libzstd-1.5.2-1.fc35.x86_64
DEBUG util.py:445:  gmp-6.2.0-7.fc35.x86_64
DEBUG util.py:445:  libattr-2.5.1-3.fc35.x86_64
DEBUG util.py:445:  libacl-2.3.1-2.fc35.x86_64
DEBUG util.py:445:  libcap-2.48-3.fc35.x86_64
DEBUG util.py:445:  libcom_err-1.46.3-1.fc35.x86_64
DEBUG util.py:445:  popt-1.18-6.fc35.x86_64
DEBUG util.py:445:  libxcrypt-4.4.28-1.fc35.x86_64
DEBUG util.py:445:  lz4-libs-1.9.3-3.fc35.x86_64
DEBUG util.py:445:  readline-8.1-3.fc35.x86_64
DEBUG util.py:445:  mpfr-4.1.0-8.fc35.x86_64
DEBUG util.py:445:  dwz-0.14-2.fc35.x86_64
DEBUG util.py:445:  unzip-6.0-53.fc35.x86_64
DEBUG util.py:445:  file-libs-5.40-9.fc35.x86_64
DEBUG util.py:445:  file-5.40-9.fc35.x86_64
DEBUG util.py:445:  sqlite-libs-3.36.0-3.fc35.x86_64
DEBUG util.py:445:  alternatives-1.19-1.fc35.x86_64
DEBUG util.py:445:  libsigsegv-2.13-3.fc35.x86_64
DEBUG util.py:445:  gawk-5.1.0-4.fc35.x86_64
DEBUG util.py:445:  libunistring-0.9.10-14.fc35.x86_64
DEBUG util.py:445:  libidn2-2.3.2-3.fc35.x86_64
DEBUG util.py:445:  libcap-ng-0.8.2-8.fc35.x86_64
DEBUG util.py:445:  audit-libs-3.0.8-1.fc35.x86_64
DEBUG util.py:445:  libsepol-3.3-2.fc35.x86_64
DEBUG util.py:445:  libsmartcols-2.37.4-1.fc35.x86_64
DEBUG util.py:445:  lua-libs-5.4.4-1.fc35.x86_64
DEBUG util.py:445:  libpsl-0.21.1-4.fc35.x86_64
DEBUG util.py:445:  zip-3.0-31.fc35.x86_64
DEBUG util.py:445:  zstd-1.5.2-1.fc35.x86_64
DEBUG util.py:445:  bzip2-1.0.8-9.fc35.x86_64
DEBUG util.py:445:  libxml2-2.9.13-1.fc35.x86_64
DEBUG util.py:445:  cpio-2.13-11.fc35.x86_64
DEBUG util.py:445:  diffutils-3.8-1.fc35.x86_64
DEBUG util.py:445:  info-6.8-2.fc35.x86_64
DEBUG util.py:445:  ed-1.14.2-11.fc35.x86_64
DEBUG util.py:445:  keyutils-libs-1.6.1-3.fc35.x86_64
DEBUG util.py:445:  libbrotli-1.0.9-6.fc35.x86_64
DEBUG util.py:445:  libdb-5.3.28-50.fc35.x86_64
DEBUG util.py:445:  libeconf-0.4.0-2.fc35.x86_64
DEBUG util.py:445:  libffi-3.1-29.fc35.x86_64
DEBUG util.py:445:  p11-kit-0.23.22-4.fc35.x86_64
DEBUG util.py:445:  libnghttp2-1.45.1-1.fc35.x86_64
DEBUG util.py:445:  libpkgconf-1.8.0-1.fc35.x86_64
DEBUG util.py:445:  pkgconf-1.8.0-1.fc35.x86_64
DEBUG util.py:445:  pkgconf-pkg-config-1.8.0-1.fc35.x86_64
DEBUG util.py:445:  libtasn1-4.16.0-6.fc35.x86_64
DEBUG util.py:445:  p11-kit-trust-0.23.22-4.fc35.x86_64
DEBUG util.py:445:  libverto-0.3.2-2.fc35.x86_64
DEBUG util.py:445:  pcre-8.45-1.fc35.x86_64
DEBUG util.py:445:  grep-3.6-4.fc35.x86_64
DEBUG util.py:445:  xz-5.2.5-7.fc35.x86_64
DEBUG util.py:445:  gdbm-libs-1.22-1.fc35.x86_64
DEBUG util.py:445:  libgomp-11.2.1-9.fc35.x86_64
DEBUG util.py:445:  libgpg-error-1.43-1.fc35.x86_64
DEBUG util.py:445:  libgcrypt-1.9.4-1.fc35.x86_64
DEBUG util.py:445:  pcre2-10.39-1.fc35.x86_64
DEBUG util.py:445:  libselinux-3.3-1.fc35.x86_64
DEBUG util.py:445:  sed-4.8-8.fc35.x86_64
DEBUG util.py:445:  findutils-4.8.0-4.fc35.x86_64
DEBUG util.py:445:  openssl-libs-1.1.1n-1.fc35.x86_64
DEBUG util.py:445:  coreutils-8.32-33.fc35.x86_64
DEBUG util.py:445:  ca-certificates-2021.2.52-1.0.fc35.noarch
DEBUG util.py:445:  krb5-libs-1.19.2-6.fc35.x86_64
DEBUG util.py:445:  libblkid-2.37.4-1.fc35.x86_64
DEBUG util.py:445:  libmount-2.37.4-1.fc35.x86_64
DEBUG util.py:445:  libtirpc-1.3.2-1.fc35.x86_64
DEBUG util.py:445:  gzip-1.10-5.fc35.x86_64
DEBUG util.py:445:  systemd-libs-249.11-1.fc35.x86_64
DEBUG util.py:445:  util-linux-core-2.37.4-1.fc35.x86_64
DEBUG util.py:445:  cracklib-2.9.6-27.fc35.x86_64
DEBUG util.py:445:  libnsl2-1.3.0-4.fc35.x86_64
DEBUG util.py:445:  libpwquality-1.4.4-6.fc35.x86_64
DEBUG util.py:445:  pam-1.5.2-7.fc35.x86_64
DEBUG util.py:445:  libfdisk-2.37.4-1.fc35.x86_64
DEBUG util.py:445:  libssh-0.9.6-1.fc35.x86_64
DEBUG util.py:445:  cyrus-sasl-lib-2.1.27-14.fc35.x86_64
DEBUG util.py:445:  openldap-2.4.59-3.fc35.x86_64
DEBUG util.py:445:  libcurl-7.79.1-1.fc35.x86_64
DEBUG util.py:445:  curl-7.79.1-1.fc35.x86_64
DEBUG util.py:445:  libarchive-3.5.3-1.fc35.x86_64
DEBUG util.py:445:  rpm-4.17.0-4.fc35.x86_64
DEBUG util.py:445:  rpm-libs-4.17.0-4.fc35.x86_64
DEBUG util.py:445:  efi-srpm-macros-5-4.fc35.noarch
DEBUG util.py:445:  lua-srpm-macros-1-5.fc35.noarch
DEBUG util.py:445:  rpmautospec-rpm-macros-0.2.5-1.fc35.noarch
DEBUG util.py:445:  fonts-srpm-macros-2.0.5-6.fc35.noarch
DEBUG util.py:445:  go-srpm-macros-3.0.15-1.fc35.noarch
DEBUG util.py:445:  python-srpm-macros-3.10-11.fc35.noarch
DEBUG util.py:445:  redhat-rpm-config-199-1.fc35.noarch
DEBUG util.py:445:  patch-2.7.6-15.fc35.x86_64
DEBUG util.py:445:  tar-1.34-2.fc35.x86_64
DEBUG util.py:445:  libsemanage-3.3-1.fc35.x86_64
DEBUG util.py:445:  shadow-utils-4.9-9.fc35.x86_64
DEBUG util.py:445:  libutempter-1.2.1-5.fc35.x86_64
DEBUG util.py:445:  xxhash-libs-0.8.1-1.fc35.x86_64
DEBUG util.py:445:  elfutils-default-yama-scope-0.186-1.fc35.noarch
DEBUG util.py:445:  elfutils-libs-0.186-1.fc35.x86_64
DEBUG util.py:445:  elfutils-debuginfod-client-0.186-1.fc35.x86_64
DEBUG util.py:445:  binutils-gold-2.37-10.fc35.x86_64
DEBUG util.py:445:  binutils-2.37-10.fc35.x86_64
DEBUG util.py:445:  elfutils-0.186-1.fc35.x86_64
DEBUG util.py:445:  gdb-minimal-11.2-2.fc35.x86_64
DEBUG util.py:445:  debugedit-5.0-2.fc35.x86_64
DEBUG util.py:445:  rpm-build-libs-4.17.0-4.fc35.x86_64
DEBUG util.py:445:  rpm-build-4.17.0-4.fc35.x86_64
DEBUG util.py:445:  util-linux-2.37.4-1.fc35.x86_64
DEBUG util.py:445:  which-2.21-27.fc35.x86_64
DEBUG util.py:596:  Child return code was: 0
DEBUG file_util.py:30:  touching file: /var/lib/mock/fedora-35-x86_64/root/.initialized
DEBUG util.py:622:  child environment: None
DEBUG util.py:535:  Using nspawn with args ['--capability=cap_ipc_lock', '--bind=/tmp/mock-resolv.t3wzkac8:/etc/resolv.conf', '--bind=/dev/btrfs-control', '--bind=/dev/loop-control', '--bind=/dev/loop0', '--bind=/dev/loop1', '--bind=/dev/loop2', '--bind=/dev/loop3', '--bind=/dev/loop4', '--bind=/dev/loop5', '--bind=/dev/loop6', '--bind=/dev/loop7', '--bind=/dev/loop8', '--bind=/dev/loop9', '--bind=/dev/loop10', '--bind=/dev/loop11']
DEBUG util.py:540:  Executing command: ['/usr/bin/systemd-nspawn', '-q', '-M', '4f3e032f58e948c297e4895d3e79c69a', '-D', '/var/lib/mock/fedora-35-x86_64/root', '-a', '-u', 'mockbuild', '--capability=cap_ipc_lock', '--bind=/tmp/mock-resolv.t3wzkac8:/etc/resolv.conf', '--bind=/dev/btrfs-control', '--bind=/dev/loop-control', '--bind=/dev/loop0', '--bind=/dev/loop1', '--bind=/dev/loop2', '--bind=/dev/loop3', '--bind=/dev/loop4', '--bind=/dev/loop5', '--bind=/dev/loop6', '--bind=/dev/loop7', '--bind=/dev/loop8', '--bind=/dev/loop9', '--bind=/dev/loop10', '--bind=/dev/loop11', '--console=pipe', '--setenv=TERM=vt100', '--setenv=SHELL=/bin/bash', '--setenv=HOME=/builddir', '--setenv=HOSTNAME=mock', '--setenv=PATH=/usr/bin:/bin:/usr/sbin:/sbin', '--setenv=PROMPT_COMMAND=printf "\\033]0;<mock-chroot>\\007"', '--setenv=PS1=<mock-chroot> \\s-\\v\\$ ', '--setenv=LANG=C.UTF-8', '--resolv-conf=off', '/bin/rpm', '-Uvh', '--nodeps', '/builddir/build/originals/vpn-portal-artwork-eduVPN-3.0.0-0.5.fc34.src.rpm'] with env {'TERM': 'vt100', 'SHELL': '/bin/bash', 'HOME': '/builddir', 'HOSTNAME': 'mock', 'PATH': '/usr/bin:/bin:/usr/sbin:/sbin', 'PROMPT_COMMAND': 'printf "\\033]0;<mock-chroot>\\007"', 'PS1': '<mock-chroot> \\s-\\v\\$ ', 'LANG': 'C.UTF-8', 'SYSTEMD_NSPAWN_TMPFS_TMP': '0', 'SYSTEMD_SECCOMP': '0'} and shell False
DEBUG util.py:445:  Updating / installing...
DEBUG util.py:443:  vpn-portal-artwork-eduVPN-3.0.0-0.5.fcwarning: user floris does not exist - using root
DEBUG util.py:443:  warning: group floris does not exist - using root
DEBUG util.py:443:  warning: user floris does not exist - using root
DEBUG util.py:443:  warning: group floris does not exist - using root
DEBUG util.py:445:  ########################################
DEBUG util.py:596:  Child return code was: 0
DEBUG util.py:622:  child environment: None
DEBUG util.py:535:  Using nspawn with args ['--capability=cap_ipc_lock', '--bind=/tmp/mock-resolv.t3wzkac8:/etc/resolv.conf', '--bind=/dev/btrfs-control', '--bind=/dev/loop-control', '--bind=/dev/loop0', '--bind=/dev/loop1', '--bind=/dev/loop2', '--bind=/dev/loop3', '--bind=/dev/loop4', '--bind=/dev/loop5', '--bind=/dev/loop6', '--bind=/dev/loop7', '--bind=/dev/loop8', '--bind=/dev/loop9', '--bind=/dev/loop10', '--bind=/dev/loop11']
DEBUG util.py:540:  Executing command: ['/usr/bin/systemd-nspawn', '-q', '-M', '0d1edc9433fa45369cefa7cd59e31df8', '-D', '/var/lib/mock/fedora-35-x86_64/root', '-a', '-u', 'mockbuild', '--capability=cap_ipc_lock', '--bind=/tmp/mock-resolv.t3wzkac8:/etc/resolv.conf', '--bind=/dev/btrfs-control', '--bind=/dev/loop-control', '--bind=/dev/loop0', '--bind=/dev/loop1', '--bind=/dev/loop2', '--bind=/dev/loop3', '--bind=/dev/loop4', '--bind=/dev/loop5', '--bind=/dev/loop6', '--bind=/dev/loop7', '--bind=/dev/loop8', '--bind=/dev/loop9', '--bind=/dev/loop10', '--bind=/dev/loop11', '--console=pipe', '--setenv=TERM=vt100', '--setenv=SHELL=/bin/bash', '--setenv=HOME=/builddir', '--setenv=HOSTNAME=mock', '--setenv=PATH=/usr/bin:/bin:/usr/sbin:/sbin', '--setenv=PROMPT_COMMAND=printf "\\033]0;<mock-chroot>\\007"', '--setenv=PS1=<mock-chroot> \\s-\\v\\$ ', '--setenv=LANG=C.UTF-8', '--resolv-conf=off', '/bin/rpm', '-qpl', '/builddir/build/originals/vpn-portal-artwork-eduVPN-3.0.0-0.5.fc34.src.rpm'] with env {'TERM': 'vt100', 'SHELL': '/bin/bash', 'HOME': '/builddir', 'HOSTNAME': 'mock', 'PATH': '/usr/bin:/bin:/usr/sbin:/sbin', 'PROMPT_COMMAND': 'printf "\\033]0;<mock-chroot>\\007"', 'PS1': '<mock-chroot> \\s-\\v\\$ ', 'LANG': 'C.UTF-8', 'SYSTEMD_NSPAWN_TMPFS_TMP': '0', 'SYSTEMD_SECCOMP': '0'} and shell False
DEBUG util.py:445:  4256ce73fcde4832ac47bb9c111cc1f124bde617.tar.gz
DEBUG util.py:445:  vpn-portal-artwork-eduVPN.spec
DEBUG util.py:596:  Child return code was: 0
DEBUG util.py:622:  child environment: None
DEBUG file_util.py:17:  ensuring that dir exists: /var/lib/mock/fedora-35-x86_64/root/proc
DEBUG util.py:622:  child environment: None
DEBUG util.py:540:  Executing command: ['/bin/mount', '-n', '-t', 'tmpfs', '-o', 'rprivate', 'tmpfs', '/var/lib/mock/fedora-35-x86_64/root/proc'] with env {'TERM': 'vt100', 'SHELL': '/bin/sh', 'HOME': '/builddir', 'HOSTNAME': 'mock', 'PATH': '/usr/bin:/bin:/usr/sbin:/sbin', 'LANG': 'C.UTF-8'} and shell False
DEBUG util.py:596:  Child return code was: 0
DEBUG file_util.py:17:  ensuring that dir exists: /var/lib/mock/fedora-35-x86_64/root/proc
DEBUG util.py:622:  child environment: None
DEBUG util.py:540:  Executing command: ['/bin/mount', '-n', '-o', 'rbind', '/proc', '/var/lib/mock/fedora-35-x86_64/root/proc'] with env {'TERM': 'vt100', 'SHELL': '/bin/sh', 'HOME': '/builddir', 'HOSTNAME': 'mock', 'PATH': '/usr/bin:/bin:/usr/sbin:/sbin', 'LANG': 'C.UTF-8'} and shell False
DEBUG util.py:596:  Child return code was: 0
DEBUG util.py:622:  child environment: None
DEBUG util.py:540:  Executing command: ['/bin/mount', '-n', '-o', 'remount,nodev,noexec,nosuid,readonly,rprivate,rbind', '--target', '/var/lib/mock/fedora-35-x86_64/root/proc'] with env {'TERM': 'vt100', 'SHELL': '/bin/sh', 'HOME': '/builddir', 'HOSTNAME': 'mock', 'PATH': '/usr/bin:/bin:/usr/sbin:/sbin', 'LANG': 'C.UTF-8'} and shell False
DEBUG util.py:596:  Child return code was: 0
DEBUG file_util.py:17:  ensuring that dir exists: /var/lib/mock/fedora-35-x86_64/root/sys
DEBUG util.py:622:  child environment: None
DEBUG util.py:540:  Executing command: ['/bin/mount', '-n', '-t', 'tmpfs', '-o', 'rprivate', 'tmpfs', '/var/lib/mock/fedora-35-x86_64/root/sys'] with env {'TERM': 'vt100', 'SHELL': '/bin/sh', 'HOME': '/builddir', 'HOSTNAME': 'mock', 'PATH': '/usr/bin:/bin:/usr/sbin:/sbin', 'LANG': 'C.UTF-8'} and shell False
DEBUG util.py:596:  Child return code was: 0
DEBUG file_util.py:17:  ensuring that dir exists: /var/lib/mock/fedora-35-x86_64/root/sys
DEBUG util.py:622:  child environment: None
DEBUG util.py:540:  Executing command: ['/bin/mount', '-n', '-o', 'rbind', '/sys', '/var/lib/mock/fedora-35-x86_64/root/sys'] with env {'TERM': 'vt100', 'SHELL': '/bin/sh', 'HOME': '/builddir', 'HOSTNAME': 'mock', 'PATH': '/usr/bin:/bin:/usr/sbin:/sbin', 'LANG': 'C.UTF-8'} and shell False
DEBUG util.py:596:  Child return code was: 0
DEBUG util.py:622:  child environment: None
DEBUG util.py:540:  Executing command: ['/bin/mount', '-n', '-o', 'remount,nodev,noexec,nosuid,readonly,rprivate,rbind', '--target', '/var/lib/mock/fedora-35-x86_64/root/sys'] with env {'TERM': 'vt100', 'SHELL': '/bin/sh', 'HOME': '/builddir', 'HOSTNAME': 'mock', 'PATH': '/usr/bin:/bin:/usr/sbin:/sbin', 'LANG': 'C.UTF-8'} and shell False
DEBUG util.py:596:  Child return code was: 0
DEBUG file_util.py:17:  ensuring that dir exists: /var/lib/mock/fedora-35-x86_64/root/dev/shm
DEBUG util.py:622:  child environment: None
DEBUG util.py:540:  Executing command: ['/bin/mount', '-n', '-t', 'tmpfs', 'tmpfs', '/var/lib/mock/fedora-35-x86_64/root/dev/shm'] with env {'TERM': 'vt100', 'SHELL': '/bin/sh', 'HOME': '/builddir', 'HOSTNAME': 'mock', 'PATH': '/usr/bin:/bin:/usr/sbin:/sbin', 'LANG': 'C.UTF-8'} and shell False
DEBUG util.py:596:  Child return code was: 0
DEBUG file_util.py:17:  ensuring that dir exists: /var/lib/mock/fedora-35-x86_64/root/dev/pts
DEBUG util.py:622:  child environment: None
DEBUG util.py:540:  Executing command: ['/bin/mount', '-n', '-t', 'devpts', '-o', 'gid=5,mode=0620,ptmxmode=0666,newinstance', 'devpts', '/var/lib/mock/fedora-35-x86_64/root/dev/pts'] with env {'TERM': 'vt100', 'SHELL': '/bin/sh', 'HOME': '/builddir', 'HOSTNAME': 'mock', 'PATH': '/usr/bin:/bin:/usr/sbin:/sbin', 'LANG': 'C.UTF-8'} and shell False
DEBUG util.py:596:  Child return code was: 0
DEBUG file_util.py:17:  ensuring that dir exists: /var/lib/mock/fedora-35-x86_64/root/sys/fs/selinux
DEBUG util.py:622:  child environment: None
DEBUG util.py:540:  Executing command: ['/bin/mount', '-n', '-t', 'tmpfs', 'tmpfs', '/var/lib/mock/fedora-35-x86_64/root/sys/fs/selinux'] with env {'TERM': 'vt100', 'SHELL': '/bin/sh', 'HOME': '/builddir', 'HOSTNAME': 'mock', 'PATH': '/usr/bin:/bin:/usr/sbin:/sbin', 'LANG': 'C.UTF-8'} and shell False
DEBUG util.py:596:  Child return code was: 0
DEBUG file_util.py:17:  ensuring that dir exists: /var/lib/mock/fedora-35-x86_64/root/installation-homedir
DEBUG package_manager.py:197:  ['/usr/bin/dnf', 'builddep', '--installroot', '/var/lib/mock/fedora-35-x86_64/root/', '--releasever', '35', '--setopt=deltarpm=False', '--allowerasing', '--disableplugin=local', '--disableplugin=spacewalk', '--disableplugin=versionlock', '--disableplugin=local', '--disableplugin=spacewalk', '--disableplugin=versionlock', '--disableplugin=local', '--disableplugin=spacewalk', '--disableplugin=versionlock', '--disableplugin=local', '--disableplugin=spacewalk', '--disableplugin=versionlock', '--disableplugin=local', '--disableplugin=spacewalk', '--disableplugin=versionlock', '--disableplugin=local', '--disableplugin=spacewalk', '--disableplugin=versionlock', '--disableplugin=local', '--disableplugin=spacewalk', '--disableplugin=versionlock', '--disableplugin=local', '--disableplugin=spacewalk', '--disableplugin=versionlock', '--disableplugin=local', '--disableplugin=spacewalk', '--disableplugin=versionlock', '--disableplugin=local', '--disableplugin=spacewalk', '--disableplugin=versionlock', '--disableplugin=local', '--disableplugin=spacewalk', '--disableplugin=versionlock', '--disableplugin=local', '--disableplugin=spacewalk', '--disableplugin=versionlock', '--disableplugin=local', '--disableplugin=spacewalk', '--disableplugin=versionlock', '/var/lib/mock/fedora-35-x86_64/root//builddir/build/SRPMS/vpn-portal-artwork-eduVPN-3.0.0-0.5.fc35.src.rpm']
DEBUG util.py:622:  child environment: None
DEBUG util.py:535:  Using nspawn with args ['--capability=cap_ipc_lock', '--bind=/tmp/mock-resolv.zzwvrtsf:/etc/resolv.conf']
DEBUG util.py:540:  Executing command: ['/usr/bin/systemd-nspawn', '-q', '-M', 'd69d7c446d9b404c95a44f3f6e0e6001', '-D', '/var/lib/mock/fedora-35-x86_64-bootstrap/root', '-a', '--capability=cap_ipc_lock', '--bind=/tmp/mock-resolv.zzwvrtsf:/etc/resolv.conf', '--console=pipe', '--setenv=TERM=vt100', '--setenv=SHELL=/bin/bash', '--setenv=HOME=/var/lib/mock/fedora-35-x86_64/root/installation-homedir', '--setenv=HOSTNAME=mock', '--setenv=PATH=/usr/bin:/bin:/usr/sbin:/sbin', '--setenv=PROMPT_COMMAND=printf "\\033]0;<mock-chroot>\\007"', '--setenv=PS1=<mock-chroot> \\s-\\v\\$ ', '--setenv=LANG=C.UTF-8', '--setenv=LC_MESSAGES=C.UTF-8', '--resolv-conf=off', '/usr/bin/dnf', 'builddep', '--installroot', '/var/lib/mock/fedora-35-x86_64/root/', '--releasever', '35', '--setopt=deltarpm=False', '--allowerasing', '--disableplugin=local', '--disableplugin=spacewalk', '--disableplugin=versionlock', '--disableplugin=local', '--disableplugin=spacewalk', '--disableplugin=versionlock', '--disableplugin=local', '--disableplugin=spacewalk', '--disableplugin=versionlock', '--disableplugin=local', '--disableplugin=spacewalk', '--disableplugin=versionlock', '--disableplugin=local', '--disableplugin=spacewalk', '--disableplugin=versionlock', '--disableplugin=local', '--disableplugin=spacewalk', '--disableplugin=versionlock', '--disableplugin=local', '--disableplugin=spacewalk', '--disableplugin=versionlock', '--disableplugin=local', '--disableplugin=spacewalk', '--disableplugin=versionlock', '--disableplugin=local', '--disableplugin=spacewalk', '--disableplugin=versionlock', '--disableplugin=local', '--disableplugin=spacewalk', '--disableplugin=versionlock', '--disableplugin=local', '--disableplugin=spacewalk', '--disableplugin=versionlock', '--disableplugin=local', '--disableplugin=spacewalk', '--disableplugin=versionlock', '--disableplugin=local', '--disableplugin=spacewalk', '--disableplugin=versionlock', '/var/lib/mock/fedora-35-x86_64/root//builddir/build/SRPMS/vpn-portal-artwork-eduVPN-3.0.0-0.5.fc35.src.rpm', '--setopt=tsflags=nocontexts'] with env {'TERM': 'vt100', 'SHELL': '/bin/bash', 'HOME': '/var/lib/mock/fedora-35-x86_64/root/installation-homedir', 'HOSTNAME': 'mock', 'PATH': '/usr/bin:/bin:/usr/sbin:/sbin', 'PROMPT_COMMAND': 'printf "\\033]0;<mock-chroot>\\007"', 'PS1': '<mock-chroot> \\s-\\v\\$ ', 'LANG': 'C.UTF-8', 'LC_MESSAGES': 'C.UTF-8', 'SYSTEMD_NSPAWN_TMPFS_TMP': '0', 'SYSTEMD_SECCOMP': '0'} and shell False
DEBUG util.py:443:  No matches found for the following disable plugin patterns: local, spacewalk, versionlock
DEBUG util.py:445:  file:///home/floris/repo/eduVPN/v3-dev/results/fedora-35-x86_64                                                                                                                                               2.9 MB/s | 3.0 kB     00:00    
DEBUG util.py:445:  fedora                                                                                                                                                                                                         29 kB/s |  22 kB     00:00    
DEBUG util.py:445:  updates                                                                                                                                                                                                        18 kB/s | 9.5 kB     00:00    
DEBUG util.py:445:  Dependencies resolved.
DEBUG util.py:445:  ==============================================================================================================================================================================================================================================
DEBUG util.py:445:   Package                                                   Architecture                                           Version                                                        Repository                                              Size
DEBUG util.py:445:  ==============================================================================================================================================================================================================================================
DEBUG util.py:445:  Installing:
DEBUG util.py:445:   minisign                                                  x86_64                                                 0.9-6.fc35                                                     fedora                                                  25 k
DEBUG util.py:445:  Installing dependencies:
DEBUG util.py:445:   libsodium                                                 x86_64                                                 1.0.18-8.fc35                                                  fedora                                                 161 k
DEBUG util.py:445:  Transaction Summary
DEBUG util.py:445:  ==============================================================================================================================================================================================================================================
DEBUG util.py:445:  Install  2 Packages
DEBUG util.py:445:  Total size: 186 k
DEBUG util.py:445:  Installed size: 393 k
DEBUG util.py:445:  Downloading Packages:
DEBUG util.py:445:  [SKIPPED] libsodium-1.0.18-8.fc35.x86_64.rpm: Already downloaded                                                                                                                                                                             
DEBUG util.py:445:  [SKIPPED] minisign-0.9-6.fc35.x86_64.rpm: Already downloaded                                                                                                                                                                                 
DEBUG util.py:445:  Running transaction check
DEBUG util.py:445:  Transaction check succeeded.
DEBUG util.py:445:  Running transaction test
DEBUG util.py:445:  Transaction test succeeded.
DEBUG util.py:445:  Running transaction
DEBUG util.py:445:    Preparing        :                                                                                                                                                                                                                      1/1 
DEBUG util.py:445:    Installing       : libsodium-1.0.18-8.fc35.x86_64                                                                                                                                                                                       1/2 
DEBUG util.py:445:    Installing       : minisign-0.9-6.fc35.x86_64                                                                                                                                                                                           2/2 
DEBUG util.py:445:    Running scriptlet: minisign-0.9-6.fc35.x86_64                                                                                                                                                                                           2/2 
DEBUG util.py:445:    Verifying        : libsodium-1.0.18-8.fc35.x86_64                                                                                                                                                                                       1/2 
DEBUG util.py:445:    Verifying        : minisign-0.9-6.fc35.x86_64                                                                                                                                                                                           2/2 
DEBUG util.py:445:  Installed:
DEBUG util.py:445:    libsodium-1.0.18-8.fc35.x86_64                                                                                          minisign-0.9-6.fc35.x86_64                                                                                         
DEBUG util.py:445:  Complete!
DEBUG util.py:596:  Child return code was: 0
DEBUG util.py:622:  child environment: None
DEBUG util.py:540:  Executing command: ['/bin/umount', '-n', '-l', '/var/lib/mock/fedora-35-x86_64/root/sys/fs/selinux'] with env {'TERM': 'vt100', 'SHELL': '/bin/sh', 'HOME': '/builddir', 'HOSTNAME': 'mock', 'PATH': '/usr/bin:/bin:/usr/sbin:/sbin', 'LANG': 'C.UTF-8'} and shell False
DEBUG util.py:596:  Child return code was: 0
DEBUG util.py:622:  child environment: None
DEBUG util.py:540:  Executing command: ['/bin/umount', '-n', '-l', '/var/lib/mock/fedora-35-x86_64/root/dev/pts'] with env {'TERM': 'vt100', 'SHELL': '/bin/sh', 'HOME': '/builddir', 'HOSTNAME': 'mock', 'PATH': '/usr/bin:/bin:/usr/sbin:/sbin', 'LANG': 'C.UTF-8'} and shell False
DEBUG util.py:596:  Child return code was: 0
DEBUG util.py:622:  child environment: None
DEBUG util.py:540:  Executing command: ['/bin/umount', '-n', '-l', '/var/lib/mock/fedora-35-x86_64/root/dev/shm'] with env {'TERM': 'vt100', 'SHELL': '/bin/sh', 'HOME': '/builddir', 'HOSTNAME': 'mock', 'PATH': '/usr/bin:/bin:/usr/sbin:/sbin', 'LANG': 'C.UTF-8'} and shell False
DEBUG util.py:596:  Child return code was: 0
DEBUG util.py:622:  child environment: None
DEBUG util.py:540:  Executing command: ['/bin/umount', '-n', '-l', '/var/lib/mock/fedora-35-x86_64/root/sys'] with env {'TERM': 'vt100', 'SHELL': '/bin/sh', 'HOME': '/builddir', 'HOSTNAME': 'mock', 'PATH': '/usr/bin:/bin:/usr/sbin:/sbin', 'LANG': 'C.UTF-8'} and shell False
DEBUG util.py:596:  Child return code was: 0
DEBUG util.py:622:  child environment: None
DEBUG util.py:540:  Executing command: ['/bin/umount', '-n', '-l', '/var/lib/mock/fedora-35-x86_64/root/sys'] with env {'TERM': 'vt100', 'SHELL': '/bin/sh', 'HOME': '/builddir', 'HOSTNAME': 'mock', 'PATH': '/usr/bin:/bin:/usr/sbin:/sbin', 'LANG': 'C.UTF-8'} and shell False
DEBUG util.py:596:  Child return code was: 0
DEBUG util.py:622:  child environment: None
DEBUG util.py:540:  Executing command: ['/bin/umount', '-n', '-l', '/var/lib/mock/fedora-35-x86_64/root/proc'] with env {'TERM': 'vt100', 'SHELL': '/bin/sh', 'HOME': '/builddir', 'HOSTNAME': 'mock', 'PATH': '/usr/bin:/bin:/usr/sbin:/sbin', 'LANG': 'C.UTF-8'} and shell False
DEBUG util.py:596:  Child return code was: 0
DEBUG util.py:622:  child environment: None
DEBUG util.py:540:  Executing command: ['/bin/umount', '-n', '-l', '/var/lib/mock/fedora-35-x86_64/root/proc'] with env {'TERM': 'vt100', 'SHELL': '/bin/sh', 'HOME': '/builddir', 'HOSTNAME': 'mock', 'PATH': '/usr/bin:/bin:/usr/sbin:/sbin', 'LANG': 'C.UTF-8'} and shell False
DEBUG util.py:596:  Child return code was: 0
DEBUG util.py:168:  kill orphans
DEBUG util.py:622:  child environment: None
DEBUG backend.py:777:  Copying packages to result dir
INFO backend.py:500:  End chain build: /home/floris/rpmbuild/SRPMS/vpn-portal-artwork-eduVPN-3.0.0-0.5.fc34.src.rpm
INFO backend.py:512:  Success building vpn-portal-artwork-eduVPN-3.0.0-0.5.fc34.src.rpm
DEBUG file_util.py:30:  touching file: /home/floris/repo/eduVPN/v3-dev/results/fedora-35-x86_64/vpn-portal-artwork-eduVPN-3.0.0-0.5.fc34/success
DEBUG util.py:622:  child environment: None
DEBUG util.py:540:  Executing command: ['/usr/bin/createrepo_c', '-d', '-q', '-x', '*.src.rpm', '--update', '/home/floris/repo/eduVPN/v3-dev/results/fedora-35-x86_64'] with env {'TERM': 'vt100', 'SHELL': '/bin/sh', 'HOME': '/builddir', 'HOSTNAME': 'mock', 'PATH': '/usr/bin:/bin:/usr/sbin:/sbin', 'LANG': 'C.UTF-8'} and shell False
DEBUG util.py:596:  Child return code was: 0
DEBUG file_downloader.py:40:  Local file: /home/floris/rpmbuild/SRPMS/vpn-portal-artwork-LC-3.0.0-0.3.fc34.src.rpm
INFO backend.py:478:  Start chain build: /home/floris/rpmbuild/SRPMS/vpn-portal-artwork-LC-3.0.0-0.3.fc34.src.rpm
DEBUG file_util.py:17:  ensuring that dir exists: /home/floris/repo/eduVPN/v3-dev/results/fedora-35-x86_64/vpn-portal-artwork-LC-3.0.0-0.3.fc34
DEBUG file_util.py:20:  creating dir: /home/floris/repo/eduVPN/v3-dev/results/fedora-35-x86_64/vpn-portal-artwork-LC-3.0.0-0.3.fc34
INFO buildroot.py:497:  Mock Version: 3.0
DEBUG file_util.py:17:  ensuring that dir exists: /home/floris/repo/eduVPN/v3-dev/results/fedora-35-x86_64/vpn-portal-artwork-eduVPN-3.0.0-0.5.fc34
INFO backend.py:500:  End chain build: /home/floris/rpmbuild/SRPMS/vpn-portal-artwork-eduVPN-3.0.0-0.5.fc34.src.rpm
INFO backend.py:518:  Skipping already built pkg vpn-portal-artwork-eduVPN-3.0.0-0.5.fc34.src.rpm
DEBUG file_downloader.py:40:  Local file: /home/floris/rpmbuild/SRPMS/vpn-portal-artwork-LC-3.0.0-0.3.fc34.src.rpm
INFO backend.py:478:  Start chain build: /home/floris/rpmbuild/SRPMS/vpn-portal-artwork-LC-3.0.0-0.3.fc34.src.rpm
DEBUG file_util.py:17:  ensuring that dir exists: /home/floris/repo/eduVPN/v3-dev/results/fedora-35-x86_64/vpn-portal-artwork-LC-3.0.0-0.3.fc34
