Mock Version: 3.0
ENTER ['do_with_status'](['bash', '--login', '-c', '/usr/bin/rpmbuild -bs --target x86_64 --nodeps /builddir/build/SPECS/vpn-server-node.spec'], chrootPath='/var/lib/mock/fedora-34-x86_64/root'env={'TERM': 'vt100', 'SHELL': '/bin/bash', 'HOME': '/builddir', 'HOSTNAME': 'mock', 'PATH': '/usr/bin:/bin:/usr/sbin:/sbin', 'PROMPT_COMMAND': 'printf "\\033]0;<mock-chroot>\\007"', 'PS1': '<mock-chroot> \\s-\\v\\$ ', 'LANG': 'C.UTF-8'}shell=Falselogger=<mockbuild.trace_decorator.getLog object at 0x7febc0d940d0>timeout=0uid=1000gid=135user='mockbuild'nspawn_args=['--capability=cap_ipc_lock', '--bind=/tmp/mock-resolv.yh7t0c_v:/etc/resolv.conf', '--bind=/dev/btrfs-control', '--bind=/dev/loop-control', '--bind=/dev/loop0', '--bind=/dev/loop1', '--bind=/dev/loop2', '--bind=/dev/loop3', '--bind=/dev/loop4', '--bind=/dev/loop5', '--bind=/dev/loop6', '--bind=/dev/loop7', '--bind=/dev/loop8', '--bind=/dev/loop9', '--bind=/dev/loop10', '--bind=/dev/loop11']unshare_net=TrueprintOutput=True)
Using nspawn with args ['--capability=cap_ipc_lock', '--bind=/tmp/mock-resolv.yh7t0c_v:/etc/resolv.conf', '--bind=/dev/btrfs-control', '--bind=/dev/loop-control', '--bind=/dev/loop0', '--bind=/dev/loop1', '--bind=/dev/loop2', '--bind=/dev/loop3', '--bind=/dev/loop4', '--bind=/dev/loop5', '--bind=/dev/loop6', '--bind=/dev/loop7', '--bind=/dev/loop8', '--bind=/dev/loop9', '--bind=/dev/loop10', '--bind=/dev/loop11']
Executing command: ['/usr/bin/systemd-nspawn', '-q', '-M', 'b4b677b1116f40d393a4efedf48495b2', '-D', '/var/lib/mock/fedora-34-x86_64/root', '-a', '-u', 'mockbuild', '--capability=cap_ipc_lock', '--bind=/tmp/mock-resolv.yh7t0c_v:/etc/resolv.conf', '--bind=/dev/btrfs-control', '--bind=/dev/loop-control', '--bind=/dev/loop0', '--bind=/dev/loop1', '--bind=/dev/loop2', '--bind=/dev/loop3', '--bind=/dev/loop4', '--bind=/dev/loop5', '--bind=/dev/loop6', '--bind=/dev/loop7', '--bind=/dev/loop8', '--bind=/dev/loop9', '--bind=/dev/loop10', '--bind=/dev/loop11', '--console=pipe', '--setenv=TERM=vt100', '--setenv=SHELL=/bin/bash', '--setenv=HOME=/builddir', '--setenv=HOSTNAME=mock', '--setenv=PATH=/usr/bin:/bin:/usr/sbin:/sbin', '--setenv=PROMPT_COMMAND=printf "\\033]0;<mock-chroot>\\007"', '--setenv=PS1=<mock-chroot> \\s-\\v\\$ ', '--setenv=LANG=C.UTF-8', '--resolv-conf=off', 'bash', '--login', '-c', '/usr/bin/rpmbuild -bs --target x86_64 --nodeps /builddir/build/SPECS/vpn-server-node.spec'] with env {'TERM': 'vt100', 'SHELL': '/bin/bash', 'HOME': '/builddir', 'HOSTNAME': 'mock', 'PATH': '/usr/bin:/bin:/usr/sbin:/sbin', 'PROMPT_COMMAND': 'printf "\\033]0;<mock-chroot>\\007"', 'PS1': '<mock-chroot> \\s-\\v\\$ ', 'LANG': 'C.UTF-8', 'SYSTEMD_NSPAWN_TMPFS_TMP': '0', 'SYSTEMD_SECCOMP': '0'} and shell False
Building target platforms: x86_64
Building for target x86_64
setting SOURCE_DATE_EPOCH=1649808000
Wrote: /builddir/build/SRPMS/vpn-server-node-2.99.0-1.fc34.src.rpm
Child return code was: 0
ENTER ['do_with_status'](['bash', '--login', '-c', '/usr/bin/rpmbuild -bb --target x86_64 --nodeps /builddir/build/SPECS/vpn-server-node.spec'], chrootPath='/var/lib/mock/fedora-34-x86_64/root'env={'TERM': 'vt100', 'SHELL': '/bin/bash', 'HOME': '/builddir', 'HOSTNAME': 'mock', 'PATH': '/usr/bin:/bin:/usr/sbin:/sbin', 'PROMPT_COMMAND': 'printf "\\033]0;<mock-chroot>\\007"', 'PS1': '<mock-chroot> \\s-\\v\\$ ', 'LANG': 'C.UTF-8'}shell=Falselogger=<mockbuild.trace_decorator.getLog object at 0x7febc0d940d0>timeout=0uid=1000gid=135user='mockbuild'nspawn_args=['--capability=cap_ipc_lock', '--bind=/tmp/mock-resolv.yh7t0c_v:/etc/resolv.conf', '--bind=/dev/btrfs-control', '--bind=/dev/loop-control', '--bind=/dev/loop0', '--bind=/dev/loop1', '--bind=/dev/loop2', '--bind=/dev/loop3', '--bind=/dev/loop4', '--bind=/dev/loop5', '--bind=/dev/loop6', '--bind=/dev/loop7', '--bind=/dev/loop8', '--bind=/dev/loop9', '--bind=/dev/loop10', '--bind=/dev/loop11']unshare_net=TrueprintOutput=True)
Using nspawn with args ['--capability=cap_ipc_lock', '--bind=/tmp/mock-resolv.yh7t0c_v:/etc/resolv.conf', '--bind=/dev/btrfs-control', '--bind=/dev/loop-control', '--bind=/dev/loop0', '--bind=/dev/loop1', '--bind=/dev/loop2', '--bind=/dev/loop3', '--bind=/dev/loop4', '--bind=/dev/loop5', '--bind=/dev/loop6', '--bind=/dev/loop7', '--bind=/dev/loop8', '--bind=/dev/loop9', '--bind=/dev/loop10', '--bind=/dev/loop11']
Executing command: ['/usr/bin/systemd-nspawn', '-q', '-M', '2ca69e083d3c4e0aae377fc145f97ee7', '-D', '/var/lib/mock/fedora-34-x86_64/root', '-a', '-u', 'mockbuild', '--capability=cap_ipc_lock', '--bind=/tmp/mock-resolv.yh7t0c_v:/etc/resolv.conf', '--bind=/dev/btrfs-control', '--bind=/dev/loop-control', '--bind=/dev/loop0', '--bind=/dev/loop1', '--bind=/dev/loop2', '--bind=/dev/loop3', '--bind=/dev/loop4', '--bind=/dev/loop5', '--bind=/dev/loop6', '--bind=/dev/loop7', '--bind=/dev/loop8', '--bind=/dev/loop9', '--bind=/dev/loop10', '--bind=/dev/loop11', '--console=pipe', '--setenv=TERM=vt100', '--setenv=SHELL=/bin/bash', '--setenv=HOME=/builddir', '--setenv=HOSTNAME=mock', '--setenv=PATH=/usr/bin:/bin:/usr/sbin:/sbin', '--setenv=PROMPT_COMMAND=printf "\\033]0;<mock-chroot>\\007"', '--setenv=PS1=<mock-chroot> \\s-\\v\\$ ', '--setenv=LANG=C.UTF-8', '--resolv-conf=off', 'bash', '--login', '-c', '/usr/bin/rpmbuild -bb --target x86_64 --nodeps /builddir/build/SPECS/vpn-server-node.spec'] with env {'TERM': 'vt100', 'SHELL': '/bin/bash', 'HOME': '/builddir', 'HOSTNAME': 'mock', 'PATH': '/usr/bin:/bin:/usr/sbin:/sbin', 'PROMPT_COMMAND': 'printf "\\033]0;<mock-chroot>\\007"', 'PS1': '<mock-chroot> \\s-\\v\\$ ', 'LANG': 'C.UTF-8', 'SYSTEMD_NSPAWN_TMPFS_TMP': '0', 'SYSTEMD_SECCOMP': '0'} and shell False
Building target platforms: x86_64
Building for target x86_64
setting SOURCE_DATE_EPOCH=1649808000
Executing(%prep): /bin/sh -e /var/tmp/rpm-tmp.sCtPlo
+ umask 022
+ cd /builddir/build/BUILD
+ /usr/bin/minisign -V -m /builddir/build/SOURCES/vpn-server-node-2.99.0.tar.xz -x /builddir/build/SOURCES/vpn-server-node-2.99.0.tar.xz.minisig -p /builddir/build/SOURCES/minisign-8466FFE127BCDC82.pub
Signature and comment signature verified
Trusted comment: timestamp:1649862643	file:vpn-server-node-2.99.0.tar.xz
+ cd /builddir/build/BUILD
+ rm -rf vpn-server-node-2.99.0
+ /usr/bin/tar -xof -
+ /usr/bin/xz -dc /builddir/build/SOURCES/vpn-server-node-2.99.0.tar.xz
+ STATUS=0
+ '[' 0 -ne 0 ']'
+ cd vpn-server-node-2.99.0
+ /usr/bin/chmod -Rf a+rX,u+w,g-w,o-w .
Patch #0 (vpn-server-node-autoload.patch):
+ echo 'Patch #0 (vpn-server-node-autoload.patch):'
+ /usr/bin/patch --no-backup-if-mismatch -p1 --fuzz=0
patching file libexec/client-connect.php
patching file libexec/client-disconnect.php
patching file libexec/generate-secrets.php
patching file libexec/server-config.php
+ RPM_EC=0
++ jobs -p
+ exit 0
Executing(%build): /bin/sh -e /var/tmp/rpm-tmp.E2txwt
+ umask 022
+ cd /builddir/build/BUILD
+ cd vpn-server-node-2.99.0
+ /usr/bin/phpab -t fedora -o src/autoload.php src
phpab 1.26.1 - Copyright (C) 2009 - 2022 by Arne Blankerts and Contributors
Scanning directory src
Autoload file src/autoload.php generated.
Executing(%install): /bin/sh -e /var/tmp/rpm-tmp.hY89C5
+ RPM_EC=0
++ jobs -p
+ exit 0
+ umask 022
+ cd /builddir/build/BUILD
+ '[' /builddir/build/BUILDROOT/vpn-server-node-2.99.0-1.fc34.x86_64 '!=' / ']'
+ rm -rf /builddir/build/BUILDROOT/vpn-server-node-2.99.0-1.fc34.x86_64
++ dirname /builddir/build/BUILDROOT/vpn-server-node-2.99.0-1.fc34.x86_64
+ mkdir -p /builddir/build/BUILDROOT
+ mkdir /builddir/build/BUILDROOT/vpn-server-node-2.99.0-1.fc34.x86_64
+ cd vpn-server-node-2.99.0
+ mkdir -p /builddir/build/BUILDROOT/vpn-server-node-2.99.0-1.fc34.x86_64/usr/share/vpn-server-node
+ mkdir -p /builddir/build/BUILDROOT/vpn-server-node-2.99.0-1.fc34.x86_64/usr/share/php/Vpn/Node
+ cp -pr src/Base64.php src/Binary.php src/Config.php src/ConfigTrait.php src/ConfigWriter.php src/Connection.php src/Exception src/FileIO.php src/HttpClient src/Json.php src/KeyPair.php src/LogInterface.php src/Syslog.php src/Utils.php src/autoload.php /builddir/build/BUILDROOT/vpn-server-node-2.99.0-1.fc34.x86_64/usr/share/php/Vpn/Node
+ for i in client-connect client-disconnect server-config generate-secrets
+ install -m 0755 -D -p libexec/client-connect.php /builddir/build/BUILDROOT/vpn-server-node-2.99.0-1.fc34.x86_64/usr/libexec/vpn-server-node/client-connect
+ sed -i '1s/^/#!\/usr\/bin\/php\n/' /builddir/build/BUILDROOT/vpn-server-node-2.99.0-1.fc34.x86_64/usr/libexec/vpn-server-node/client-connect
+ for i in client-connect client-disconnect server-config generate-secrets
+ install -m 0755 -D -p libexec/client-disconnect.php /builddir/build/BUILDROOT/vpn-server-node-2.99.0-1.fc34.x86_64/usr/libexec/vpn-server-node/client-disconnect
+ sed -i '1s/^/#!\/usr\/bin\/php\n/' /builddir/build/BUILDROOT/vpn-server-node-2.99.0-1.fc34.x86_64/usr/libexec/vpn-server-node/client-disconnect
+ for i in client-connect client-disconnect server-config generate-secrets
+ install -m 0755 -D -p libexec/server-config.php /builddir/build/BUILDROOT/vpn-server-node-2.99.0-1.fc34.x86_64/usr/libexec/vpn-server-node/server-config
+ sed -i '1s/^/#!\/usr\/bin\/php\n/' /builddir/build/BUILDROOT/vpn-server-node-2.99.0-1.fc34.x86_64/usr/libexec/vpn-server-node/server-config
+ for i in client-connect client-disconnect server-config generate-secrets
+ install -m 0755 -D -p libexec/generate-secrets.php /builddir/build/BUILDROOT/vpn-server-node-2.99.0-1.fc34.x86_64/usr/libexec/vpn-server-node/generate-secrets
+ sed -i '1s/^/#!\/usr\/bin\/php\n/' /builddir/build/BUILDROOT/vpn-server-node-2.99.0-1.fc34.x86_64/usr/libexec/vpn-server-node/generate-secrets
+ mkdir -p /builddir/build/BUILDROOT/vpn-server-node-2.99.0-1.fc34.x86_64/etc/vpn-server-node
+ cp -pr config/config.php.example /builddir/build/BUILDROOT/vpn-server-node-2.99.0-1.fc34.x86_64/etc/vpn-server-node/config.php
+ ln -s ../../../etc/vpn-server-node /builddir/build/BUILDROOT/vpn-server-node-2.99.0-1.fc34.x86_64/usr/share/vpn-server-node/config
+ ln -s ../../../etc/openvpn/server /builddir/build/BUILDROOT/vpn-server-node-2.99.0-1.fc34.x86_64/usr/share/vpn-server-node/openvpn-config
+ ln -s ../../../etc/wireguard /builddir/build/BUILDROOT/vpn-server-node-2.99.0-1.fc34.x86_64/usr/share/vpn-server-node/wg-config
+ /usr/lib/rpm/find-debuginfo.sh -j2 --strict-build-id -m -i --build-id-seed 2.99.0-1.fc34 --unique-debug-suffix -2.99.0-1.fc34.x86_64 --unique-debug-src-base vpn-server-node-2.99.0-1.fc34.x86_64 --run-dwz --dwz-low-mem-die-limit 10000000 --dwz-max-die-limit 110000000 -S debugsourcefiles.list /builddir/build/BUILD/vpn-server-node-2.99.0
+ /usr/lib/rpm/check-buildroot
+ /usr/lib/rpm/redhat/brp-ldconfig
+ /usr/lib/rpm/brp-compress
+ /usr/lib/rpm/redhat/brp-strip-lto /usr/bin/strip
+ /usr/lib/rpm/brp-strip-static-archive /usr/bin/strip
+ /usr/lib/rpm/redhat/brp-python-bytecompile '' 1 0
+ /usr/lib/rpm/brp-python-hardlink
+ /usr/lib/rpm/redhat/brp-mangle-shebangs
Executing(%check): /bin/sh -e /var/tmp/rpm-tmp.7HXKAZ
+ umask 022
+ cd /builddir/build/BUILD
+ cd vpn-server-node-2.99.0
+ /usr/bin/phpab -o tests/autoload.php tests
phpab 1.26.1 - Copyright (C) 2009 - 2022 by Arne Blankerts and Contributors
Scanning directory tests
Autoload file tests/autoload.php generated.
+ cat
+ tee -a tests/autoload.php
require_once 'src/autoload.php';
+ /usr/bin/phpunit9 tests --verbose --bootstrap=tests/autoload.php
PHPUnit 9.5.18 #StandWithUkraine
Runtime:       PHP 7.4.28
Configuration: /builddir/build/BUILD/vpn-server-node-2.99.0/phpunit.xml.dist
.R..R.                                                              6 / 6 (100%)
Time: 00:00.007, Memory: 6.00 MB
There were 2 risky tests:
1) Vpn\Node\Tests\ConnectionTest::testConnect
This test did not perform any assertions
/builddir/build/BUILD/vpn-server-node-2.99.0/tests/ConnectionTest.php:24
2) Vpn\Node\Tests\ConnectionTest::testDisconnect
This test did not perform any assertions
/builddir/build/BUILD/vpn-server-node-2.99.0/tests/ConnectionTest.php:70
OK, but incomplete, skipped, or risky tests!
Tests: 6, Assertions: 9, Risky: 2.
Processing files: vpn-server-node-2.99.0-1.fc34.noarch
Executing(%doc): /bin/sh -e /var/tmp/rpm-tmp.SagBHi
+ RPM_EC=0
++ jobs -p
+ exit 0
+ umask 022
+ cd /builddir/build/BUILD
+ cd vpn-server-node-2.99.0
+ DOCDIR=/builddir/build/BUILDROOT/vpn-server-node-2.99.0-1.fc34.x86_64/usr/share/doc/vpn-server-node
+ export LC_ALL=C
+ LC_ALL=C
+ export DOCDIR
+ /usr/bin/mkdir -p /builddir/build/BUILDROOT/vpn-server-node-2.99.0-1.fc34.x86_64/usr/share/doc/vpn-server-node
+ cp -pr README.md /builddir/build/BUILDROOT/vpn-server-node-2.99.0-1.fc34.x86_64/usr/share/doc/vpn-server-node
+ cp -pr CHANGES.md /builddir/build/BUILDROOT/vpn-server-node-2.99.0-1.fc34.x86_64/usr/share/doc/vpn-server-node
+ cp -pr composer.json /builddir/build/BUILDROOT/vpn-server-node-2.99.0-1.fc34.x86_64/usr/share/doc/vpn-server-node
+ cp -pr config/config.php.example /builddir/build/BUILDROOT/vpn-server-node-2.99.0-1.fc34.x86_64/usr/share/doc/vpn-server-node
Executing(%license): /bin/sh -e /var/tmp/rpm-tmp.GZNVNl
+ cp -pr CONFIG_CHANGES.md /builddir/build/BUILDROOT/vpn-server-node-2.99.0-1.fc34.x86_64/usr/share/doc/vpn-server-node
+ RPM_EC=0
++ jobs -p
+ exit 0
+ umask 022
+ cd /builddir/build/BUILD
+ cd vpn-server-node-2.99.0
+ LICENSEDIR=/builddir/build/BUILDROOT/vpn-server-node-2.99.0-1.fc34.x86_64/usr/share/licenses/vpn-server-node
+ export LC_ALL=C
+ LC_ALL=C
+ export LICENSEDIR
+ /usr/bin/mkdir -p /builddir/build/BUILDROOT/vpn-server-node-2.99.0-1.fc34.x86_64/usr/share/licenses/vpn-server-node
+ cp -pr LICENSE /builddir/build/BUILDROOT/vpn-server-node-2.99.0-1.fc34.x86_64/usr/share/licenses/vpn-server-node
+ cp -pr LICENSE.spdx /builddir/build/BUILDROOT/vpn-server-node-2.99.0-1.fc34.x86_64/usr/share/licenses/vpn-server-node
+ RPM_EC=0
++ jobs -p
+ exit 0
Provides: config(vpn-server-node) = 2.99.0-1.fc34 vpn-server-node = 2.99.0-1.fc34
Requires(interp): /bin/sh
Requires(rpmlib): rpmlib(CompressedFileNames) <= 3.0.4-1 rpmlib(FileDigests) <= 4.6.0-1 rpmlib(PayloadFilesHavePrefix) <= 4.0-1
Requires(post): /bin/sh
Requires: /usr/bin/php
Checking for unpackaged file(s): /usr/lib/rpm/check-files /builddir/build/BUILDROOT/vpn-server-node-2.99.0-1.fc34.x86_64
Wrote: /builddir/build/RPMS/vpn-server-node-2.99.0-1.fc34.noarch.rpm
Executing(%clean): /bin/sh -e /var/tmp/rpm-tmp.O57ssl
+ umask 022
+ cd /builddir/build/BUILD
+ cd vpn-server-node-2.99.0
+ /usr/bin/rm -rf /builddir/build/BUILDROOT/vpn-server-node-2.99.0-1.fc34.x86_64
+ RPM_EC=0
++ jobs -p
+ exit 0
Child return code was: 0
Mock Version: 3.0
