2022-04-18 17:05:41,347 - Mock Version: 3.0
2022-04-18 17:05:41,366 - Start: clean chroot
2022-04-18 17:05:48,720 - Finish: clean chroot
2022-04-18 17:05:48,727 - Start(bootstrap): chroot init
2022-04-18 17:05:48,859 - Start(bootstrap): cleaning package manager metadata
2022-04-18 17:05:48,861 - Finish(bootstrap): cleaning package manager metadata
2022-04-18 17:05:49,363 - Finish(bootstrap): chroot init
2022-04-18 17:05:49,370 - Start: chroot init
2022-04-18 17:05:49,418 - Start: unpacking root cache
2022-04-18 17:05:51,411 - Finish: unpacking root cache
2022-04-18 17:05:51,417 - Start: cleaning package manager metadata
2022-04-18 17:05:51,422 - Finish: cleaning package manager metadata
2022-04-18 17:05:52,513 - Start: dnf update
2022-04-18 17:05:57,644 - Finish: dnf update
2022-04-18 17:05:57,660 - Finish: chroot init
2022-04-18 17:05:57,664 - Start: build phase for vpn-server-node-2.99.0-1.fc34.src.rpm
2022-04-18 17:05:57,666 - Start: build setup for vpn-server-node-2.99.0-1.fc34.src.rpm
2022-04-18 17:06:15,111 - Finish: build setup for vpn-server-node-2.99.0-1.fc34.src.rpm
2022-04-18 17:06:15,112 - Start: rpmbuild vpn-server-node-2.99.0-1.fc34.src.rpm
2022-04-18 17:06:16,153 - Finish: rpmbuild vpn-server-node-2.99.0-1.fc34.src.rpm
2022-04-18 17:06:16,176 - Finish: build phase for vpn-server-node-2.99.0-1.fc34.src.rpm
2022-04-19 09:15:31,316 - Mock Version: 3.0
