2022-04-19 09:23:10,893 - Mock Version: 3.0
2022-04-19 09:23:10,917 - Start: clean chroot
2022-04-19 09:23:16,119 - Finish: clean chroot
2022-04-19 09:23:16,126 - Start(bootstrap): chroot init
2022-04-19 09:23:16,217 - Start(bootstrap): cleaning package manager metadata
2022-04-19 09:23:16,220 - Finish(bootstrap): cleaning package manager metadata
2022-04-19 09:23:16,692 - Finish(bootstrap): chroot init
2022-04-19 09:23:16,700 - Start: chroot init
2022-04-19 09:23:16,738 - Start: unpacking root cache
2022-04-19 09:23:18,781 - Finish: unpacking root cache
2022-04-19 09:23:18,787 - Start: cleaning package manager metadata
2022-04-19 09:23:18,791 - Finish: cleaning package manager metadata
2022-04-19 09:23:20,178 - Start: dnf update
2022-04-19 09:23:28,137 - Finish: dnf update
2022-04-19 09:23:28,148 - Finish: chroot init
2022-04-19 09:23:28,151 - Start: build phase for vpn-user-portal-2.99.1-1.fc34.src.rpm
2022-04-19 09:23:28,153 - Start: build setup for vpn-user-portal-2.99.1-1.fc34.src.rpm
2022-04-19 09:23:46,408 - Finish: build setup for vpn-user-portal-2.99.1-1.fc34.src.rpm
2022-04-19 09:23:46,409 - Start: rpmbuild vpn-user-portal-2.99.1-1.fc34.src.rpm
2022-04-19 09:23:48,864 - Finish: rpmbuild vpn-user-portal-2.99.1-1.fc34.src.rpm
2022-04-19 09:23:48,882 - Finish: build phase for vpn-user-portal-2.99.1-1.fc34.src.rpm
