2022-04-18 17:06:35,580 - Mock Version: 3.0
2022-04-18 17:06:35,590 - Start: clean chroot
2022-04-18 17:06:39,356 - Finish: clean chroot
2022-04-18 17:06:39,362 - Start(bootstrap): chroot init
2022-04-18 17:06:39,477 - Start(bootstrap): cleaning package manager metadata
2022-04-18 17:06:39,479 - Finish(bootstrap): cleaning package manager metadata
2022-04-18 17:06:39,966 - Finish(bootstrap): chroot init
2022-04-18 17:06:39,973 - Start: chroot init
2022-04-18 17:06:40,024 - Start: unpacking root cache
2022-04-18 17:06:41,977 - Finish: unpacking root cache
2022-04-18 17:06:41,983 - Start: cleaning package manager metadata
2022-04-18 17:06:41,987 - Finish: cleaning package manager metadata
2022-04-18 17:06:43,645 - Start: dnf update
2022-04-18 17:06:48,156 - Finish: dnf update
2022-04-18 17:06:48,171 - Finish: chroot init
2022-04-18 17:06:48,176 - Start: build phase for vpn-portal-artwork-eduVPN-3.0.0-0.5.fc34.src.rpm
2022-04-18 17:06:48,178 - Start: build setup for vpn-portal-artwork-eduVPN-3.0.0-0.5.fc34.src.rpm
2022-04-18 17:06:52,646 - Finish: build setup for vpn-portal-artwork-eduVPN-3.0.0-0.5.fc34.src.rpm
2022-04-18 17:06:52,647 - Start: rpmbuild vpn-portal-artwork-eduVPN-3.0.0-0.5.fc34.src.rpm
2022-04-18 17:06:53,433 - Finish: rpmbuild vpn-portal-artwork-eduVPN-3.0.0-0.5.fc34.src.rpm
2022-04-18 17:06:53,455 - Finish: build phase for vpn-portal-artwork-eduVPN-3.0.0-0.5.fc34.src.rpm
2022-04-19 09:16:12,778 - Mock Version: 3.0
