2022-04-18 17:11:17,784 - Mock Version: 3.0
2022-04-18 17:11:17,796 - Start: clean chroot
2022-04-18 17:11:21,638 - Finish: clean chroot
2022-04-18 17:11:21,645 - Start(bootstrap): chroot init
2022-04-18 17:11:21,757 - Start(bootstrap): cleaning package manager metadata
2022-04-18 17:11:21,760 - Finish(bootstrap): cleaning package manager metadata
2022-04-18 17:11:22,303 - Finish(bootstrap): chroot init
2022-04-18 17:11:22,311 - Start: chroot init
2022-04-18 17:11:22,350 - Start: unpacking root cache
2022-04-18 17:11:24,360 - Finish: unpacking root cache
2022-04-18 17:11:24,365 - Start: cleaning package manager metadata
2022-04-18 17:11:24,368 - Finish: cleaning package manager metadata
2022-04-18 17:11:26,615 - Start: dnf update
2022-04-18 17:11:30,868 - Finish: dnf update
2022-04-18 17:11:30,880 - Finish: chroot init
2022-04-18 17:11:30,886 - Start: build phase for php-fkooman-oauth2-server-7.0.0-1.fc34.src.rpm
2022-04-18 17:11:30,888 - Start: build setup for php-fkooman-oauth2-server-7.0.0-1.fc34.src.rpm
2022-04-18 17:11:51,180 - Finish: build setup for php-fkooman-oauth2-server-7.0.0-1.fc34.src.rpm
2022-04-18 17:11:51,181 - Start: Outputting list of installed packages
2022-04-18 17:11:51,409 - Finish: Outputting list of installed packages
2022-04-18 17:11:51,409 - Start: rpmbuild php-fkooman-oauth2-server-7.0.0-1.fc34.src.rpm
2022-04-18 17:11:52,601 - Finish: rpmbuild php-fkooman-oauth2-server-7.0.0-1.fc34.src.rpm
2022-04-18 17:11:52,626 - Finish: build phase for php-fkooman-oauth2-server-7.0.0-1.fc34.src.rpm
2022-04-19 09:17:13,224 - Mock Version: 3.0
