Mock Version: 3.0
ENTER ['do_with_status'](['bash', '--login', '-c', '/usr/bin/rpmbuild -bs --target x86_64 --nodeps /builddir/build/SPECS/vpn-maint-scripts.spec'], chrootPath='/var/lib/mock/fedora-34-x86_64/root'env={'TERM': 'vt100', 'SHELL': '/bin/bash', 'HOME': '/builddir', 'HOSTNAME': 'mock', 'PATH': '/usr/bin:/bin:/usr/sbin:/sbin', 'PROMPT_COMMAND': 'printf "\\033]0;<mock-chroot>\\007"', 'PS1': '<mock-chroot> \\s-\\v\\$ ', 'LANG': 'C.UTF-8'}shell=Falselogger=<mockbuild.trace_decorator.getLog object at 0x7febc0d940d0>timeout=0uid=1000gid=135user='mockbuild'nspawn_args=['--capability=cap_ipc_lock', '--bind=/tmp/mock-resolv.yh7t0c_v:/etc/resolv.conf', '--bind=/dev/btrfs-control', '--bind=/dev/loop-control', '--bind=/dev/loop0', '--bind=/dev/loop1', '--bind=/dev/loop2', '--bind=/dev/loop3', '--bind=/dev/loop4', '--bind=/dev/loop5', '--bind=/dev/loop6', '--bind=/dev/loop7', '--bind=/dev/loop8', '--bind=/dev/loop9', '--bind=/dev/loop10', '--bind=/dev/loop11']unshare_net=TrueprintOutput=True)
Using nspawn with args ['--capability=cap_ipc_lock', '--bind=/tmp/mock-resolv.yh7t0c_v:/etc/resolv.conf', '--bind=/dev/btrfs-control', '--bind=/dev/loop-control', '--bind=/dev/loop0', '--bind=/dev/loop1', '--bind=/dev/loop2', '--bind=/dev/loop3', '--bind=/dev/loop4', '--bind=/dev/loop5', '--bind=/dev/loop6', '--bind=/dev/loop7', '--bind=/dev/loop8', '--bind=/dev/loop9', '--bind=/dev/loop10', '--bind=/dev/loop11']
Executing command: ['/usr/bin/systemd-nspawn', '-q', '-M', '64322ac42cb84809be8dcf2e14b64f8b', '-D', '/var/lib/mock/fedora-34-x86_64/root', '-a', '-u', 'mockbuild', '--capability=cap_ipc_lock', '--bind=/tmp/mock-resolv.yh7t0c_v:/etc/resolv.conf', '--bind=/dev/btrfs-control', '--bind=/dev/loop-control', '--bind=/dev/loop0', '--bind=/dev/loop1', '--bind=/dev/loop2', '--bind=/dev/loop3', '--bind=/dev/loop4', '--bind=/dev/loop5', '--bind=/dev/loop6', '--bind=/dev/loop7', '--bind=/dev/loop8', '--bind=/dev/loop9', '--bind=/dev/loop10', '--bind=/dev/loop11', '--console=pipe', '--setenv=TERM=vt100', '--setenv=SHELL=/bin/bash', '--setenv=HOME=/builddir', '--setenv=HOSTNAME=mock', '--setenv=PATH=/usr/bin:/bin:/usr/sbin:/sbin', '--setenv=PROMPT_COMMAND=printf "\\033]0;<mock-chroot>\\007"', '--setenv=PS1=<mock-chroot> \\s-\\v\\$ ', '--setenv=LANG=C.UTF-8', '--resolv-conf=off', 'bash', '--login', '-c', '/usr/bin/rpmbuild -bs --target x86_64 --nodeps /builddir/build/SPECS/vpn-maint-scripts.spec'] with env {'TERM': 'vt100', 'SHELL': '/bin/bash', 'HOME': '/builddir', 'HOSTNAME': 'mock', 'PATH': '/usr/bin:/bin:/usr/sbin:/sbin', 'PROMPT_COMMAND': 'printf "\\033]0;<mock-chroot>\\007"', 'PS1': '<mock-chroot> \\s-\\v\\$ ', 'LANG': 'C.UTF-8', 'SYSTEMD_NSPAWN_TMPFS_TMP': '0', 'SYSTEMD_SECCOMP': '0'} and shell False
Building target platforms: x86_64
Building for target x86_64
setting SOURCE_DATE_EPOCH=1646956800
Wrote: /builddir/build/SRPMS/vpn-maint-scripts-3.0.0-0.8.fc34.src.rpm
Child return code was: 0
ENTER ['do_with_status'](['bash', '--login', '-c', '/usr/bin/rpmbuild -bb --target x86_64 --nodeps /builddir/build/SPECS/vpn-maint-scripts.spec'], chrootPath='/var/lib/mock/fedora-34-x86_64/root'env={'TERM': 'vt100', 'SHELL': '/bin/bash', 'HOME': '/builddir', 'HOSTNAME': 'mock', 'PATH': '/usr/bin:/bin:/usr/sbin:/sbin', 'PROMPT_COMMAND': 'printf "\\033]0;<mock-chroot>\\007"', 'PS1': '<mock-chroot> \\s-\\v\\$ ', 'LANG': 'C.UTF-8'}shell=Falselogger=<mockbuild.trace_decorator.getLog object at 0x7febc0d940d0>timeout=0uid=1000gid=135user='mockbuild'nspawn_args=['--capability=cap_ipc_lock', '--bind=/tmp/mock-resolv.yh7t0c_v:/etc/resolv.conf', '--bind=/dev/btrfs-control', '--bind=/dev/loop-control', '--bind=/dev/loop0', '--bind=/dev/loop1', '--bind=/dev/loop2', '--bind=/dev/loop3', '--bind=/dev/loop4', '--bind=/dev/loop5', '--bind=/dev/loop6', '--bind=/dev/loop7', '--bind=/dev/loop8', '--bind=/dev/loop9', '--bind=/dev/loop10', '--bind=/dev/loop11']unshare_net=TrueprintOutput=True)
Using nspawn with args ['--capability=cap_ipc_lock', '--bind=/tmp/mock-resolv.yh7t0c_v:/etc/resolv.conf', '--bind=/dev/btrfs-control', '--bind=/dev/loop-control', '--bind=/dev/loop0', '--bind=/dev/loop1', '--bind=/dev/loop2', '--bind=/dev/loop3', '--bind=/dev/loop4', '--bind=/dev/loop5', '--bind=/dev/loop6', '--bind=/dev/loop7', '--bind=/dev/loop8', '--bind=/dev/loop9', '--bind=/dev/loop10', '--bind=/dev/loop11']
Executing command: ['/usr/bin/systemd-nspawn', '-q', '-M', 'c8d6afe0d35040359d3201a3303c6570', '-D', '/var/lib/mock/fedora-34-x86_64/root', '-a', '-u', 'mockbuild', '--capability=cap_ipc_lock', '--bind=/tmp/mock-resolv.yh7t0c_v:/etc/resolv.conf', '--bind=/dev/btrfs-control', '--bind=/dev/loop-control', '--bind=/dev/loop0', '--bind=/dev/loop1', '--bind=/dev/loop2', '--bind=/dev/loop3', '--bind=/dev/loop4', '--bind=/dev/loop5', '--bind=/dev/loop6', '--bind=/dev/loop7', '--bind=/dev/loop8', '--bind=/dev/loop9', '--bind=/dev/loop10', '--bind=/dev/loop11', '--console=pipe', '--setenv=TERM=vt100', '--setenv=SHELL=/bin/bash', '--setenv=HOME=/builddir', '--setenv=HOSTNAME=mock', '--setenv=PATH=/usr/bin:/bin:/usr/sbin:/sbin', '--setenv=PROMPT_COMMAND=printf "\\033]0;<mock-chroot>\\007"', '--setenv=PS1=<mock-chroot> \\s-\\v\\$ ', '--setenv=LANG=C.UTF-8', '--resolv-conf=off', 'bash', '--login', '-c', '/usr/bin/rpmbuild -bb --target x86_64 --nodeps /builddir/build/SPECS/vpn-maint-scripts.spec'] with env {'TERM': 'vt100', 'SHELL': '/bin/bash', 'HOME': '/builddir', 'HOSTNAME': 'mock', 'PATH': '/usr/bin:/bin:/usr/sbin:/sbin', 'PROMPT_COMMAND': 'printf "\\033]0;<mock-chroot>\\007"', 'PS1': '<mock-chroot> \\s-\\v\\$ ', 'LANG': 'C.UTF-8', 'SYSTEMD_NSPAWN_TMPFS_TMP': '0', 'SYSTEMD_SECCOMP': '0'} and shell False
Building target platforms: x86_64
Building for target x86_64
setting SOURCE_DATE_EPOCH=1646956800
Executing(%prep): /bin/sh -e /var/tmp/rpm-tmp.kI7B8E
+ umask 022
+ cd /builddir/build/BUILD
+ cd /builddir/build/BUILD
+ rm -rf vpn-maint-scripts-f0636a24efc8999e1676f087f845dfd02f223d13
+ /usr/bin/gzip -dc /builddir/build/SOURCES/f0636a24efc8999e1676f087f845dfd02f223d13.tar.gz
+ /usr/bin/tar -xof -
+ STATUS=0
+ '[' 0 -ne 0 ']'
+ cd vpn-maint-scripts-f0636a24efc8999e1676f087f845dfd02f223d13
+ /usr/bin/chmod -Rf a+rX,u+w,g-w,o-w .
+ RPM_EC=0
++ jobs -p
+ exit 0
Executing(%build): /bin/sh -e /var/tmp/rpm-tmp.kdNM5V
+ umask 022
+ cd /builddir/build/BUILD
+ cd vpn-maint-scripts-f0636a24efc8999e1676f087f845dfd02f223d13
+ RPM_EC=0
++ jobs -p
+ exit 0
Executing(%install): /bin/sh -e /var/tmp/rpm-tmp.NqSUHj
+ umask 022
+ cd /builddir/build/BUILD
+ '[' /builddir/build/BUILDROOT/vpn-maint-scripts-3.0.0-0.8.fc34.x86_64 '!=' / ']'
+ rm -rf /builddir/build/BUILDROOT/vpn-maint-scripts-3.0.0-0.8.fc34.x86_64
install: creating directory '/builddir/build/BUILDROOT/vpn-maint-scripts-3.0.0-0.8.fc34.x86_64/usr'
install: creating directory '/builddir/build/BUILDROOT/vpn-maint-scripts-3.0.0-0.8.fc34.x86_64/usr/sbin'
++ dirname /builddir/build/BUILDROOT/vpn-maint-scripts-3.0.0-0.8.fc34.x86_64
+ mkdir -p /builddir/build/BUILDROOT
+ mkdir /builddir/build/BUILDROOT/vpn-maint-scripts-3.0.0-0.8.fc34.x86_64
+ cd vpn-maint-scripts-f0636a24efc8999e1676f087f845dfd02f223d13
+ install -m 0755 -vd /builddir/build/BUILDROOT/vpn-maint-scripts-3.0.0-0.8.fc34.x86_64/usr/sbin
+ install -m 0755 -vp bin/vpn-maint-apply-changes bin/vpn-maint-reset-controller bin/vpn-maint-reset-system bin/vpn-maint-start-node bin/vpn-maint-stop-node bin/vpn-maint-update-controller bin/vpn-maint-update-node bin/vpn-maint-update-system bin/vpn-maint-update-system-multi bin/vpn-maint-verify-config /builddir/build/BUILDROOT/vpn-maint-scripts-3.0.0-0.8.fc34.x86_64/usr/sbin/
'bin/vpn-maint-apply-changes' -> '/builddir/build/BUILDROOT/vpn-maint-scripts-3.0.0-0.8.fc34.x86_64/usr/sbin/vpn-maint-apply-changes'
'bin/vpn-maint-reset-controller' -> '/builddir/build/BUILDROOT/vpn-maint-scripts-3.0.0-0.8.fc34.x86_64/usr/sbin/vpn-maint-reset-controller'
'bin/vpn-maint-reset-system' -> '/builddir/build/BUILDROOT/vpn-maint-scripts-3.0.0-0.8.fc34.x86_64/usr/sbin/vpn-maint-reset-system'
'bin/vpn-maint-start-node' -> '/builddir/build/BUILDROOT/vpn-maint-scripts-3.0.0-0.8.fc34.x86_64/usr/sbin/vpn-maint-start-node'
'bin/vpn-maint-stop-node' -> '/builddir/build/BUILDROOT/vpn-maint-scripts-3.0.0-0.8.fc34.x86_64/usr/sbin/vpn-maint-stop-node'
'bin/vpn-maint-update-controller' -> '/builddir/build/BUILDROOT/vpn-maint-scripts-3.0.0-0.8.fc34.x86_64/usr/sbin/vpn-maint-update-controller'
'bin/vpn-maint-update-node' -> '/builddir/build/BUILDROOT/vpn-maint-scripts-3.0.0-0.8.fc34.x86_64/usr/sbin/vpn-maint-update-node'
'bin/vpn-maint-update-system' -> '/builddir/build/BUILDROOT/vpn-maint-scripts-3.0.0-0.8.fc34.x86_64/usr/sbin/vpn-maint-update-system'
'bin/vpn-maint-update-system-multi' -> '/builddir/build/BUILDROOT/vpn-maint-scripts-3.0.0-0.8.fc34.x86_64/usr/sbin/vpn-maint-update-system-multi'
'bin/vpn-maint-verify-config' -> '/builddir/build/BUILDROOT/vpn-maint-scripts-3.0.0-0.8.fc34.x86_64/usr/sbin/vpn-maint-verify-config'
+ /usr/lib/rpm/find-debuginfo.sh -j2 --strict-build-id -m -i --build-id-seed 3.0.0-0.8.fc34 --unique-debug-suffix -3.0.0-0.8.fc34.x86_64 --unique-debug-src-base vpn-maint-scripts-3.0.0-0.8.fc34.x86_64 --run-dwz --dwz-low-mem-die-limit 10000000 --dwz-max-die-limit 110000000 -S debugsourcefiles.list /builddir/build/BUILD/vpn-maint-scripts-f0636a24efc8999e1676f087f845dfd02f223d13
+ /usr/lib/rpm/check-buildroot
+ /usr/lib/rpm/redhat/brp-ldconfig
+ /usr/lib/rpm/brp-compress
+ /usr/lib/rpm/redhat/brp-strip-lto /usr/bin/strip
+ /usr/lib/rpm/brp-strip-static-archive /usr/bin/strip
+ /usr/lib/rpm/redhat/brp-python-bytecompile '' 1 0
+ /usr/lib/rpm/brp-python-hardlink
+ /usr/lib/rpm/redhat/brp-mangle-shebangs
mangling shebang in /usr/sbin/vpn-maint-apply-changes from /bin/sh to #!/usr/bin/sh
mangling shebang in /usr/sbin/vpn-maint-reset-controller from /bin/sh to #!/usr/bin/sh
mangling shebang in /usr/sbin/vpn-maint-reset-system from /bin/sh to #!/usr/bin/sh
mangling shebang in /usr/sbin/vpn-maint-start-node from /bin/sh to #!/usr/bin/sh
mangling shebang in /usr/sbin/vpn-maint-stop-node from /bin/sh to #!/usr/bin/sh
mangling shebang in /usr/sbin/vpn-maint-update-controller from /bin/sh to #!/usr/bin/sh
mangling shebang in /usr/sbin/vpn-maint-update-node from /bin/sh to #!/usr/bin/sh
mangling shebang in /usr/sbin/vpn-maint-update-system from /bin/sh to #!/usr/bin/sh
mangling shebang in /usr/sbin/vpn-maint-update-system-multi from /bin/sh to #!/usr/bin/sh
mangling shebang in /usr/sbin/vpn-maint-verify-config from /bin/sh to #!/usr/bin/sh
Processing files: vpn-maint-scripts-3.0.0-0.8.fc34.noarch
Executing(%doc): /bin/sh -e /var/tmp/rpm-tmp.g6ATJQ
+ umask 022
+ cd /builddir/build/BUILD
+ cd vpn-maint-scripts-f0636a24efc8999e1676f087f845dfd02f223d13
+ DOCDIR=/builddir/build/BUILDROOT/vpn-maint-scripts-3.0.0-0.8.fc34.x86_64/usr/share/doc/vpn-maint-scripts
+ export LC_ALL=C
+ LC_ALL=C
+ export DOCDIR
+ /usr/bin/mkdir -p /builddir/build/BUILDROOT/vpn-maint-scripts-3.0.0-0.8.fc34.x86_64/usr/share/doc/vpn-maint-scripts
+ cp -pr README.md /builddir/build/BUILDROOT/vpn-maint-scripts-3.0.0-0.8.fc34.x86_64/usr/share/doc/vpn-maint-scripts
+ cp -pr CHANGES.md /builddir/build/BUILDROOT/vpn-maint-scripts-3.0.0-0.8.fc34.x86_64/usr/share/doc/vpn-maint-scripts
Executing(%license): /bin/sh -e /var/tmp/rpm-tmp.Eias5l
+ RPM_EC=0
++ jobs -p
+ exit 0
+ umask 022
+ cd /builddir/build/BUILD
+ cd vpn-maint-scripts-f0636a24efc8999e1676f087f845dfd02f223d13
+ LICENSEDIR=/builddir/build/BUILDROOT/vpn-maint-scripts-3.0.0-0.8.fc34.x86_64/usr/share/licenses/vpn-maint-scripts
+ export LC_ALL=C
+ LC_ALL=C
+ export LICENSEDIR
+ /usr/bin/mkdir -p /builddir/build/BUILDROOT/vpn-maint-scripts-3.0.0-0.8.fc34.x86_64/usr/share/licenses/vpn-maint-scripts
+ cp -pr LICENSE /builddir/build/BUILDROOT/vpn-maint-scripts-3.0.0-0.8.fc34.x86_64/usr/share/licenses/vpn-maint-scripts
+ RPM_EC=0
++ jobs -p
+ exit 0
Provides: vpn-maint-scripts = 3.0.0-0.8.fc34
Requires(rpmlib): rpmlib(CompressedFileNames) <= 3.0.4-1 rpmlib(FileDigests) <= 4.6.0-1 rpmlib(PayloadFilesHavePrefix) <= 4.0-1
Requires: /usr/bin/sh
Checking for unpackaged file(s): /usr/lib/rpm/check-files /builddir/build/BUILDROOT/vpn-maint-scripts-3.0.0-0.8.fc34.x86_64
Wrote: /builddir/build/RPMS/vpn-maint-scripts-3.0.0-0.8.fc34.noarch.rpm
Executing(%clean): /bin/sh -e /var/tmp/rpm-tmp.5x4uvA
+ umask 022
+ cd /builddir/build/BUILD
+ cd vpn-maint-scripts-f0636a24efc8999e1676f087f845dfd02f223d13
+ /usr/bin/rm -rf /builddir/build/BUILDROOT/vpn-maint-scripts-3.0.0-0.8.fc34.x86_64
+ RPM_EC=0
++ jobs -p
+ exit 0
Child return code was: 0
Mock Version: 3.0
