2022-04-19 09:23:49,131 - Mock Version: 3.0
2022-04-19 09:23:49,164 - Start: clean chroot
2022-04-19 09:23:54,331 - Finish: clean chroot
2022-04-19 09:23:54,337 - Start(bootstrap): chroot init
2022-04-19 09:23:54,444 - Start(bootstrap): cleaning package manager metadata
2022-04-19 09:23:54,446 - Finish(bootstrap): cleaning package manager metadata
2022-04-19 09:23:54,918 - Finish(bootstrap): chroot init
2022-04-19 09:23:54,925 - Start: chroot init
2022-04-19 09:23:54,971 - Start: unpacking root cache
2022-04-19 09:23:56,976 - Finish: unpacking root cache
2022-04-19 09:23:56,981 - Start: cleaning package manager metadata
2022-04-19 09:23:56,985 - Finish: cleaning package manager metadata
2022-04-19 09:23:57,993 - Start: dnf update
2022-04-19 09:24:05,946 - Finish: dnf update
2022-04-19 09:24:05,958 - Finish: chroot init
2022-04-19 09:24:05,962 - Start: build phase for vpn-maint-scripts-3.0.0-0.8.fc34.src.rpm
2022-04-19 09:24:05,964 - Start: build setup for vpn-maint-scripts-3.0.0-0.8.fc34.src.rpm
2022-04-19 09:24:14,146 - Finish: build setup for vpn-maint-scripts-3.0.0-0.8.fc34.src.rpm
2022-04-19 09:24:14,147 - Start: rpmbuild vpn-maint-scripts-3.0.0-0.8.fc34.src.rpm
2022-04-19 09:24:15,014 - Finish: rpmbuild vpn-maint-scripts-3.0.0-0.8.fc34.src.rpm
2022-04-19 09:24:15,020 - Finish: build phase for vpn-maint-scripts-3.0.0-0.8.fc34.src.rpm
